2024-11-26 16:51:13,286 - main - INFO - 프로그램 시작
2024-11-26 16:51:13,286 - main - DEBUG - 얼굴 감지기 초기화 시도
2024-11-26 16:51:17,516 - main - INFO - 얼굴 감지기 초기화 성공
2024-11-26 16:51:43,333 - main - INFO - 카메라 초기화 성공
2024-11-26 16:52:02,110 - main - DEBUG - 얼굴 감지 시도
2024-11-26 16:52:02,228 - main - DEBUG - 얼굴 감지 시도
2024-11-26 16:52:02,338 - main - DEBUG - 얼굴 감지 시도
2024-11-26 16:52:02,442 - main - DEBUG - 얼굴 감지 시도
2024-11-26 16:52:02,551 - main - DEBUG - 얼굴 감지 시도
2024-11-26 16:52:02,663 - main - DEBUG - 얼굴 감지 시도
2024-11-26 16:52:03,462 - main - DEBUG - 얼굴 감지 시도
2024-11-26 16:52:03,567 - main - DEBUG - 얼굴 감지 시도
2024-11-26 16:52:03,672 - main - DEBUG - 얼굴 감지 시도
2024-11-26 16:52:03,776 - main - DEBUG - 얼굴 감지 시도
2024-11-26 16:52:03,881 - main - DEBUG - 얼굴 감지 시도
2024-11-26 16:52:03,989 - main - DEBUG - 얼굴 감지 시도
2024-11-26 16:52:04,095 - main - DEBUG - 얼굴 감지 시도
2024-11-26 16:52:04,207 - main - DEBUG - 얼굴 감지 시도
2024-11-26 16:52:04,312 - main - DEBUG - 얼굴 감지 시도
2024-11-26 16:52:04,425 - main - DEBUG - 얼굴 감지 시도
2024-11-26 16:52:04,529 - main - DEBUG - 얼굴 감지 시도
2024-11-26 16:52:04,635 - main - DEBUG - 얼굴 감지 시도
2024-11-26 16:52:04,735 - main - DEBUG - 얼굴 감지 시도
2024-11-26 16:52:04,838 - main - DEBUG - 얼굴 감지 시도
2024-11-26 16:52:04,942 - main - DEBUG - 얼굴 감지 시도
2024-11-26 16:52:05,045 - main - DEBUG - 얼굴 감지 시도
2024-11-26 16:52:05,154 - main - DEBUG - 얼굴 감지 시도
2024-11-26 16:52:05,261 - main - DEBUG - 얼굴 감지 시도
2024-11-26 16:52:05,362 - main - DEBUG - 얼굴 감지 시도
2024-11-26 16:52:05,469 - main - DEBUG - 얼굴 감지 시도
2024-11-26 16:52:05,571 - main - DEBUG - 얼굴 감지 시도
2024-11-26 16:52:05,676 - main - DEBUG - 얼굴 감지 시도
2024-11-26 16:52:05,784 - main - DEBUG - 얼굴 감지 시도
2024-11-26 16:52:05,891 - main - DEBUG - 얼굴 감지 시도
2024-11-26 16:52:15,005 - main - INFO - 종료 신호 수신
2024-11-26 16:52:15,389 - main - INFO - 프로그램 종료
2024-11-26 16:53:53,647 - main - INFO - 프로그램 시작
2024-11-26 16:53:53,648 - main - DEBUG - 얼굴 감지기 초기화 시도
2024-11-26 16:53:54,865 - main - INFO - 얼굴 감지기 초기화 성공
2024-11-26 16:54:20,787 - main - INFO - 카메라 초기화 성공
2024-11-26 16:54:30,199 - main - DEBUG - 얼굴 감지 시도
2024-11-26 16:54:30,302 - main - DEBUG - 얼굴 감지 시도
2024-11-26 16:54:30,408 - main - DEBUG - 얼굴 감지 시도
2024-11-26 16:54:30,514 - main - DEBUG - 얼굴 감지 시도
2024-11-26 16:54:35,046 - main - INFO - 종료 신호 수신
2024-11-26 16:54:35,420 - main - INFO - 프로그램 종료
2024-11-26 16:57:30,600 - main - INFO - 프로그램 시작
2024-11-26 16:57:30,601 - main - DEBUG - 얼굴 감지기 초기화 시도
2024-11-26 16:57:31,831 - main - INFO - 얼굴 감지기 초기화 성공
2024-11-26 16:57:58,008 - main - INFO - 카메라 초기화 성공
2024-11-26 16:58:06,783 - main - DEBUG - 얼굴 감지 시도
2024-11-26 16:58:06,892 - main - DEBUG - 얼굴 감지 시도
2024-11-26 16:58:06,997 - main - DEBUG - 얼굴 감지 시도
2024-11-26 16:58:07,104 - main - DEBUG - 얼굴 감지 시도
2024-11-26 16:58:07,212 - main - DEBUG - 얼굴 감지 시도
2024-11-26 16:58:07,317 - main - DEBUG - 얼굴 감지 시도
2024-11-26 16:58:25,631 - main - INFO - 종료 신호 수신
2024-11-26 16:58:26,005 - main - INFO - 프로그램 종료
2024-11-26 17:01:06,848 - main - INFO - 프로그램 시작
2024-11-26 17:01:06,848 - main - DEBUG - 얼굴 감지기 초기화 시도
2024-11-26 17:01:08,082 - main - INFO - 얼굴 감지기 초기화 성공
2024-11-26 17:01:34,025 - main - INFO - 카메라 초기화 성공
2024-11-26 17:02:05,884 - main - INFO - 종료 신호 수신
2024-11-26 17:02:06,257 - main - INFO - 프로그램 종료
2024-11-26 17:03:47,696 - main - INFO - 프로그램 시작
2024-11-26 17:03:47,696 - main - DEBUG - 얼굴 감지기 초기화 시도
2024-11-26 17:03:48,904 - main - INFO - 얼굴 감지기 초기화 성공
2024-11-26 17:04:15,220 - main - INFO - 카메라 초기화 성공
2024-11-26 17:04:18,866 - main - DEBUG - 얼굴 감지 시도
2024-11-26 17:04:18,966 - main - DEBUG - 얼굴 감지 시도
2024-11-26 17:04:19,072 - main - DEBUG - 얼굴 감지 시도
2024-11-26 17:04:19,179 - main - DEBUG - 얼굴 감지 시도
2024-11-26 17:04:19,282 - main - DEBUG - 얼굴 감지 시도
2024-11-26 17:04:19,386 - main - DEBUG - 얼굴 감지 시도
2024-11-26 17:04:19,490 - main - DEBUG - 얼굴 감지 시도
2024-11-26 17:04:19,596 - main - DEBUG - 얼굴 감지 시도
2024-11-26 17:04:19,700 - main - DEBUG - 얼굴 감지 시도
2024-11-26 17:04:19,806 - main - DEBUG - 얼굴 감지 시도
2024-11-26 17:04:19,910 - main - DEBUG - 얼굴 감지 시도
2024-11-26 17:04:20,011 - main - DEBUG - 얼굴 감지 시도
2024-11-26 17:04:55,689 - main - DEBUG - 얼굴 감지 시도
2024-11-26 17:04:55,779 - main - DEBUG - 얼굴 감지 시도
2024-11-26 17:04:55,874 - main - DEBUG - 얼굴 감지 시도
2024-11-26 17:04:55,969 - main - DEBUG - 얼굴 감지 시도
2024-11-26 17:04:56,056 - main - DEBUG - 얼굴 감지 시도
2024-11-26 17:04:56,149 - main - DEBUG - 얼굴 감지 시도
2024-11-26 17:04:56,244 - main - DEBUG - 얼굴 감지 시도
2024-11-26 17:04:56,336 - main - DEBUG - 얼굴 감지 시도
2024-11-26 17:04:56,427 - main - DEBUG - 얼굴 감지 시도
2024-11-26 17:04:56,523 - main - DEBUG - 얼굴 감지 시도
2024-11-26 17:04:56,616 - main - DEBUG - 얼굴 감지 시도
2024-11-26 17:04:56,710 - main - DEBUG - 얼굴 감지 시도
2024-11-26 17:04:56,806 - main - DEBUG - 얼굴 감지 시도
2024-11-26 17:04:56,913 - main - DEBUG - 얼굴 감지 시도
2024-11-26 17:04:57,004 - main - DEBUG - 얼굴 감지 시도
2024-11-26 17:04:57,099 - main - DEBUG - 얼굴 감지 시도
2024-11-26 17:04:57,189 - main - DEBUG - 얼굴 감지 시도
2024-11-26 17:04:57,279 - main - DEBUG - 얼굴 감지 시도
2024-11-26 17:04:57,366 - main - DEBUG - 얼굴 감지 시도
2024-11-26 17:04:57,456 - main - DEBUG - 얼굴 감지 시도
2024-11-26 17:04:57,552 - main - DEBUG - 얼굴 감지 시도
2024-11-26 17:04:57,646 - main - DEBUG - 얼굴 감지 시도
2024-11-26 17:04:57,737 - main - DEBUG - 얼굴 감지 시도
2024-11-26 17:04:57,830 - main - DEBUG - 얼굴 감지 시도
2024-11-26 17:04:57,924 - main - DEBUG - 얼굴 감지 시도
2024-11-26 17:04:58,019 - main - DEBUG - 얼굴 감지 시도
2024-11-26 17:04:58,109 - main - DEBUG - 얼굴 감지 시도
2024-11-26 17:04:58,198 - main - DEBUG - 얼굴 감지 시도
2024-11-26 17:04:58,291 - main - DEBUG - 얼굴 감지 시도
2024-11-26 17:04:58,379 - main - DEBUG - 얼굴 감지 시도
2024-11-26 17:04:58,484 - main - DEBUG - 얼굴 감지 시도
2024-11-26 17:04:58,590 - main - DEBUG - 얼굴 감지 시도
2024-11-26 17:04:58,698 - main - DEBUG - 얼굴 감지 시도
2024-11-26 17:04:58,803 - main - DEBUG - 얼굴 감지 시도
2024-11-26 17:04:58,913 - main - DEBUG - 얼굴 감지 시도
2024-11-26 17:04:59,023 - main - DEBUG - 얼굴 감지 시도
2024-11-26 17:04:59,132 - main - DEBUG - 얼굴 감지 시도
2024-11-26 17:05:01,164 - main - DEBUG - 얼굴 감지 시도
2024-11-26 17:05:01,272 - main - DEBUG - 얼굴 감지 시도
2024-11-26 17:05:01,371 - main - DEBUG - 얼굴 감지 시도
2024-11-26 17:05:01,474 - main - DEBUG - 얼굴 감지 시도
2024-11-26 17:05:01,578 - main - DEBUG - 얼굴 감지 시도
2024-11-26 17:05:01,683 - main - DEBUG - 얼굴 감지 시도
2024-11-26 17:05:01,787 - main - DEBUG - 얼굴 감지 시도
2024-11-26 17:05:01,892 - main - DEBUG - 얼굴 감지 시도
2024-11-26 17:05:01,994 - main - DEBUG - 얼굴 감지 시도
2024-11-26 17:05:02,100 - main - DEBUG - 얼굴 감지 시도
2024-11-26 17:05:02,203 - main - DEBUG - 얼굴 감지 시도
2024-11-26 17:05:02,309 - main - DEBUG - 얼굴 감지 시도
2024-11-26 17:05:02,364 - main - INFO - 종료 신호 수신
2024-11-26 17:05:02,721 - main - INFO - 프로그램 종료
2024-11-26 17:09:25,139 - main - INFO - 프로그램 시작
2024-11-26 17:09:25,139 - main - DEBUG - 얼굴 감지기 초기화 시도
2024-11-26 17:09:26,355 - main - INFO - 얼굴 감지기 초기화 성공
2024-11-26 17:09:30,572 - main - INFO - 카메라 초기화 성공
2024-11-26 17:09:35,646 - main - DEBUG - 얼굴 감지 시도
2024-11-26 17:09:35,731 - main - DEBUG - 얼굴 감지 시도
2024-11-26 17:09:35,816 - main - DEBUG - 얼굴 감지 시도
2024-11-26 17:09:35,908 - main - DEBUG - 얼굴 감지 시도
2024-11-26 17:09:35,991 - main - DEBUG - 얼굴 감지 시도
2024-11-26 17:09:36,084 - main - DEBUG - 얼굴 감지 시도
2024-11-26 17:09:40,813 - main - INFO - 종료 신호 수신
2024-11-26 17:09:41,191 - main - INFO - 프로그램 종료
2024-11-26 17:11:23,114 - main - INFO - 프로그램 시작
2024-11-26 17:11:23,115 - main - DEBUG - 얼굴 감지기 초기화 시도
2024-11-26 17:11:24,348 - main - INFO - 얼굴 감지기 초기화 성공
2024-11-26 17:11:29,876 - main - INFO - 카메라 초기화 성공
2024-11-26 17:11:34,140 - main - DEBUG - 얼굴 감지 시도
2024-11-26 17:11:34,235 - main - DEBUG - 얼굴 감지 시도
2024-11-26 17:11:34,331 - main - DEBUG - 얼굴 감지 시도
2024-11-26 17:11:34,418 - main - DEBUG - 얼굴 감지 시도
2024-11-26 17:11:34,507 - main - DEBUG - 얼굴 감지 시도
2024-11-26 17:11:34,605 - main - DEBUG - 얼굴 감지 시도
2024-11-26 17:11:34,700 - main - DEBUG - 얼굴 감지 시도
2024-11-26 17:11:34,811 - main - DEBUG - 얼굴 감지 시도
2024-11-26 17:11:36,308 - main - DEBUG - 얼굴 감지 시도
2024-11-26 17:11:36,411 - main - DEBUG - 얼굴 감지 시도
2024-11-26 17:11:36,507 - main - DEBUG - 얼굴 감지 시도
2024-11-26 17:11:36,604 - main - DEBUG - 얼굴 감지 시도
2024-11-26 17:11:43,488 - main - INFO - 종료 신호 수신
2024-11-26 17:11:43,844 - main - INFO - 프로그램 종료
