2024-11-19 17:42:58,839 - main - INFO - 프로그램 시작
2024-11-19 17:42:58,839 - main - DEBUG - 얼굴 감지기 초기화 시도
2024-11-19 17:43:00,075 - main - INFO - 얼굴 감지기 초기화 성공
2024-11-19 17:43:31,066 - main - DEBUG - 얼굴 감지 시도
2024-11-19 17:43:31,170 - main - DEBUG - 감지된 얼굴 수: 1
2024-11-19 17:43:31,195 - main - DEBUG - 얼굴 감지 시도
2024-11-19 17:43:31,296 - main - DEBUG - 감지된 얼굴 수: 1
2024-11-19 17:43:31,312 - main - DEBUG - 얼굴 감지 시도
2024-11-19 17:43:31,414 - main - DEBUG - 감지된 얼굴 수: 1
2024-11-19 17:43:31,438 - main - DEBUG - 얼굴 감지 시도
2024-11-19 17:43:31,543 - main - DEBUG - 감지된 얼굴 수: 1
2024-11-19 17:43:31,558 - main - DEBUG - 얼굴 감지 시도
2024-11-19 17:43:31,659 - main - DEBUG - 감지된 얼굴 수: 1
2024-11-19 17:43:31,680 - main - DEBUG - 얼굴 감지 시도
2024-11-19 17:43:31,782 - main - DEBUG - 감지된 얼굴 수: 1
2024-11-19 17:43:31,802 - main - DEBUG - 얼굴 감지 시도
2024-11-19 17:43:31,903 - main - DEBUG - 감지된 얼굴 수: 1
2024-11-19 17:43:31,922 - main - DEBUG - 얼굴 감지 시도
2024-11-19 17:43:32,023 - main - DEBUG - 감지된 얼굴 수: 1
2024-11-19 17:43:32,046 - main - DEBUG - 얼굴 감지 시도
2024-11-19 17:43:32,151 - main - DEBUG - 감지된 얼굴 수: 1
2024-11-19 17:43:32,165 - main - DEBUG - 얼굴 감지 시도
2024-11-19 17:43:32,270 - main - DEBUG - 감지된 얼굴 수: 1
2024-11-19 17:43:32,290 - main - DEBUG - 얼굴 감지 시도
2024-11-19 17:43:32,394 - main - DEBUG - 감지된 얼굴 수: 1
2024-11-19 17:43:32,411 - main - DEBUG - 얼굴 감지 시도
2024-11-19 17:43:32,513 - main - DEBUG - 감지된 얼굴 수: 1
2024-11-19 17:43:32,531 - main - DEBUG - 얼굴 감지 시도
2024-11-19 17:43:32,636 - main - DEBUG - 감지된 얼굴 수: 1
2024-11-19 17:43:32,652 - main - DEBUG - 얼굴 감지 시도
2024-11-19 17:43:32,753 - main - DEBUG - 감지된 얼굴 수: 1
2024-11-19 17:43:32,770 - main - DEBUG - 얼굴 감지 시도
2024-11-19 17:43:32,874 - main - DEBUG - 감지된 얼굴 수: 1
2024-11-19 17:43:32,894 - main - DEBUG - 얼굴 감지 시도
2024-11-19 17:43:32,995 - main - DEBUG - 감지된 얼굴 수: 1
2024-11-19 17:43:33,011 - main - DEBUG - 얼굴 감지 시도
2024-11-19 17:43:33,113 - main - DEBUG - 감지된 얼굴 수: 1
2024-11-19 17:43:33,131 - main - DEBUG - 얼굴 감지 시도
2024-11-19 17:43:33,234 - main - DEBUG - 감지된 얼굴 수: 1
2024-11-19 17:43:33,250 - main - DEBUG - 얼굴 감지 시도
2024-11-19 17:43:33,353 - main - DEBUG - 감지된 얼굴 수: 1
2024-11-19 17:43:33,373 - main - DEBUG - 얼굴 감지 시도
2024-11-19 17:43:33,476 - main - DEBUG - 감지된 얼굴 수: 1
2024-11-19 17:43:33,491 - main - DEBUG - 얼굴 감지 시도
2024-11-19 17:43:33,592 - main - DEBUG - 감지된 얼굴 수: 1
2024-11-19 17:43:33,609 - main - DEBUG - 얼굴 감지 시도
2024-11-19 17:43:33,711 - main - DEBUG - 감지된 얼굴 수: 1
2024-11-19 17:43:33,731 - main - DEBUG - 얼굴 감지 시도
2024-11-19 17:43:33,832 - main - DEBUG - 감지된 얼굴 수: 1
2024-11-19 17:43:33,850 - main - DEBUG - 얼굴 감지 시도
2024-11-19 17:43:33,951 - main - DEBUG - 감지된 얼굴 수: 1
2024-11-19 17:43:33,967 - main - DEBUG - 얼굴 감지 시도
2024-11-19 17:43:34,070 - main - DEBUG - 감지된 얼굴 수: 1
2024-11-19 17:43:34,090 - main - DEBUG - 얼굴 감지 시도
2024-11-19 17:43:34,191 - main - DEBUG - 감지된 얼굴 수: 1
2024-11-19 17:43:34,207 - main - DEBUG - 얼굴 감지 시도
2024-11-19 17:43:34,308 - main - DEBUG - 감지된 얼굴 수: 1
2024-11-19 17:43:34,327 - main - DEBUG - 얼굴 감지 시도
2024-11-19 17:43:34,428 - main - DEBUG - 감지된 얼굴 수: 1
2024-11-19 17:43:34,445 - main - DEBUG - 얼굴 감지 시도
2024-11-19 17:43:34,546 - main - DEBUG - 감지된 얼굴 수: 1
2024-11-19 17:43:34,568 - main - DEBUG - 얼굴 감지 시도
2024-11-19 17:43:34,671 - main - DEBUG - 감지된 얼굴 수: 1
2024-11-19 17:43:34,687 - main - DEBUG - 얼굴 감지 시도
2024-11-19 17:43:34,789 - main - DEBUG - 감지된 얼굴 수: 1
2024-11-19 17:43:34,803 - main - DEBUG - 얼굴 감지 시도
2024-11-19 17:43:34,904 - main - DEBUG - 감지된 얼굴 수: 1
2024-11-19 17:43:34,925 - main - DEBUG - 얼굴 감지 시도
2024-11-19 17:43:35,026 - main - DEBUG - 감지된 얼굴 수: 1
2024-11-19 17:43:35,044 - main - DEBUG - 얼굴 감지 시도
2024-11-19 17:43:35,146 - main - DEBUG - 감지된 얼굴 수: 1
2024-11-19 17:43:35,165 - main - DEBUG - 얼굴 감지 시도
2024-11-19 17:43:35,267 - main - DEBUG - 감지된 얼굴 수: 1
2024-11-19 17:43:35,285 - main - DEBUG - 얼굴 감지 시도
2024-11-19 17:43:35,387 - main - DEBUG - 감지된 얼굴 수: 1
2024-11-19 17:43:35,407 - main - DEBUG - 얼굴 감지 시도
2024-11-19 17:43:35,508 - main - DEBUG - 감지된 얼굴 수: 1
2024-11-19 17:43:35,525 - main - DEBUG - 얼굴 감지 시도
2024-11-19 17:43:35,627 - main - DEBUG - 감지된 얼굴 수: 1
2024-11-19 17:43:35,651 - main - DEBUG - 얼굴 감지 시도
2024-11-19 17:43:35,753 - main - DEBUG - 감지된 얼굴 수: 1
2024-11-19 17:43:36,136 - main - DEBUG - 얼굴 감지 시도
2024-11-19 17:43:36,237 - main - DEBUG - 감지된 얼굴 수: 1
2024-11-19 17:43:36,260 - main - DEBUG - 얼굴 감지 시도
2024-11-19 17:43:36,361 - main - DEBUG - 감지된 얼굴 수: 1
2024-11-19 17:43:36,379 - main - DEBUG - 얼굴 감지 시도
2024-11-19 17:43:36,485 - main - DEBUG - 감지된 얼굴 수: 1
2024-11-19 17:43:36,505 - main - DEBUG - 얼굴 감지 시도
2024-11-19 17:43:36,612 - main - DEBUG - 감지된 얼굴 수: 1
2024-11-19 17:43:36,630 - main - DEBUG - 얼굴 감지 시도
2024-11-19 17:43:36,731 - main - DEBUG - 감지된 얼굴 수: 1
2024-11-19 17:43:36,749 - main - DEBUG - 얼굴 감지 시도
2024-11-19 17:43:36,858 - main - DEBUG - 감지된 얼굴 수: 1
2024-11-19 17:43:36,876 - main - DEBUG - 얼굴 감지 시도
2024-11-19 17:43:36,984 - main - DEBUG - 감지된 얼굴 수: 1
2024-11-19 17:43:37,002 - main - DEBUG - 얼굴 감지 시도
2024-11-19 17:43:37,103 - main - DEBUG - 감지된 얼굴 수: 1
2024-11-19 17:43:37,126 - main - DEBUG - 얼굴 감지 시도
2024-11-19 17:43:37,227 - main - DEBUG - 감지된 얼굴 수: 1
2024-11-19 17:43:37,248 - main - DEBUG - 얼굴 감지 시도
2024-11-19 17:43:37,354 - main - DEBUG - 감지된 얼굴 수: 1
2024-11-19 17:43:37,373 - main - DEBUG - 얼굴 감지 시도
2024-11-19 17:43:37,474 - main - DEBUG - 감지된 얼굴 수: 1
2024-11-19 17:43:37,491 - main - DEBUG - 얼굴 감지 시도
2024-11-19 17:43:37,592 - main - DEBUG - 감지된 얼굴 수: 1
2024-11-19 17:43:37,607 - main - DEBUG - 얼굴 감지 시도
2024-11-19 17:43:37,709 - main - DEBUG - 감지된 얼굴 수: 1
2024-11-19 17:43:37,731 - main - DEBUG - 얼굴 감지 시도
2024-11-19 17:43:37,832 - main - DEBUG - 감지된 얼굴 수: 1
2024-11-19 17:43:37,848 - main - DEBUG - 얼굴 감지 시도
2024-11-19 17:43:37,949 - main - DEBUG - 감지된 얼굴 수: 1
2024-11-19 17:43:37,966 - main - DEBUG - 얼굴 감지 시도
2024-11-19 17:43:38,069 - main - DEBUG - 감지된 얼굴 수: 1
2024-11-19 17:43:38,089 - main - DEBUG - 얼굴 감지 시도
2024-11-19 17:43:38,190 - main - DEBUG - 감지된 얼굴 수: 1
2024-11-19 17:43:38,209 - main - DEBUG - 얼굴 감지 시도
2024-11-19 17:43:38,310 - main - DEBUG - 감지된 얼굴 수: 1
2024-11-19 17:43:38,330 - main - DEBUG - 얼굴 감지 시도
2024-11-19 17:43:38,431 - main - DEBUG - 감지된 얼굴 수: 1
2024-11-19 17:43:38,447 - main - DEBUG - 얼굴 감지 시도
2024-11-19 17:43:38,552 - main - DEBUG - 감지된 얼굴 수: 1
2024-11-19 17:43:38,571 - main - DEBUG - 얼굴 감지 시도
2024-11-19 17:43:38,677 - main - DEBUG - 감지된 얼굴 수: 1
2024-11-19 17:43:38,695 - main - DEBUG - 얼굴 감지 시도
2024-11-19 17:43:38,796 - main - DEBUG - 감지된 얼굴 수: 1
2024-11-19 17:43:38,812 - main - DEBUG - 얼굴 감지 시도
2024-11-19 17:43:38,916 - main - DEBUG - 감지된 얼굴 수: 1
2024-11-19 17:43:38,938 - main - DEBUG - 얼굴 감지 시도
2024-11-19 17:43:39,041 - main - DEBUG - 감지된 얼굴 수: 1
2024-11-19 17:43:39,060 - main - DEBUG - 얼굴 감지 시도
2024-11-19 17:43:39,161 - main - DEBUG - 감지된 얼굴 수: 1
2024-11-19 17:43:39,179 - main - DEBUG - 얼굴 감지 시도
2024-11-19 17:43:39,283 - main - DEBUG - 감지된 얼굴 수: 1
2024-11-19 17:43:39,305 - main - DEBUG - 얼굴 감지 시도
2024-11-19 17:43:39,406 - main - DEBUG - 감지된 얼굴 수: 1
2024-11-19 17:43:39,421 - main - DEBUG - 얼굴 감지 시도
2024-11-19 17:43:39,522 - main - DEBUG - 감지된 얼굴 수: 1
2024-11-19 17:43:39,539 - main - DEBUG - 얼굴 감지 시도
2024-11-19 17:43:39,641 - main - DEBUG - 감지된 얼굴 수: 1
2024-11-19 17:43:39,664 - main - DEBUG - 얼굴 감지 시도
2024-11-19 17:43:39,770 - main - DEBUG - 감지된 얼굴 수: 1
2024-11-19 17:43:39,786 - main - DEBUG - 얼굴 감지 시도
2024-11-19 17:43:39,890 - main - DEBUG - 감지된 얼굴 수: 1
2024-11-19 17:43:39,906 - main - DEBUG - 얼굴 감지 시도
2024-11-19 17:43:40,012 - main - DEBUG - 감지된 얼굴 수: 1
2024-11-19 17:43:40,035 - main - DEBUG - 얼굴 감지 시도
2024-11-19 17:43:40,136 - main - DEBUG - 감지된 얼굴 수: 1
2024-11-19 17:43:40,152 - main - DEBUG - 얼굴 감지 시도
2024-11-19 17:43:40,257 - main - DEBUG - 감지된 얼굴 수: 1
2024-11-19 17:43:40,272 - main - DEBUG - 얼굴 감지 시도
2024-11-19 17:43:40,377 - main - DEBUG - 감지된 얼굴 수: 1
2024-11-19 17:43:40,396 - main - DEBUG - 얼굴 감지 시도
2024-11-19 17:43:40,497 - main - DEBUG - 감지된 얼굴 수: 1
2024-11-19 17:43:40,512 - main - DEBUG - 얼굴 감지 시도
2024-11-19 17:43:40,617 - main - DEBUG - 감지된 얼굴 수: 1
2024-11-19 17:43:40,638 - main - DEBUG - 얼굴 감지 시도
2024-11-19 17:43:40,739 - main - DEBUG - 감지된 얼굴 수: 1
2024-11-19 17:43:40,756 - main - DEBUG - 얼굴 감지 시도
2024-11-19 17:43:40,857 - main - DEBUG - 감지된 얼굴 수: 1
2024-11-19 17:43:40,876 - main - DEBUG - 얼굴 감지 시도
2024-11-19 17:43:40,979 - main - DEBUG - 감지된 얼굴 수: 1
2024-11-19 17:43:40,995 - main - DEBUG - 얼굴 감지 시도
2024-11-19 17:43:41,096 - main - DEBUG - 감지된 얼굴 수: 1
2024-11-19 17:43:41,113 - main - DEBUG - 얼굴 감지 시도
2024-11-19 17:43:41,216 - main - DEBUG - 감지된 얼굴 수: 1
2024-11-19 17:43:41,237 - main - DEBUG - 얼굴 감지 시도
2024-11-19 17:43:41,338 - main - DEBUG - 감지된 얼굴 수: 1
2024-11-19 17:43:41,353 - main - DEBUG - 얼굴 감지 시도
2024-11-19 17:43:41,454 - main - DEBUG - 감지된 얼굴 수: 1
2024-11-19 17:43:41,472 - main - DEBUG - 얼굴 감지 시도
2024-11-19 17:43:41,574 - main - DEBUG - 감지된 얼굴 수: 0
2024-11-19 17:43:41,590 - main - DEBUG - 얼굴 감지 시도
2024-11-19 17:43:41,691 - main - DEBUG - 감지된 얼굴 수: 1
2024-11-19 17:43:41,709 - main - DEBUG - 얼굴 감지 시도
2024-11-19 17:43:41,813 - main - DEBUG - 감지된 얼굴 수: 1
2024-11-19 17:43:41,834 - main - DEBUG - 얼굴 감지 시도
2024-11-19 17:43:41,936 - main - DEBUG - 감지된 얼굴 수: 1
2024-11-19 17:43:41,956 - main - DEBUG - 얼굴 감지 시도
2024-11-19 17:43:42,057 - main - DEBUG - 감지된 얼굴 수: 1
2024-11-19 17:43:42,076 - main - DEBUG - 얼굴 감지 시도
2024-11-19 17:43:42,178 - main - DEBUG - 감지된 얼굴 수: 1
2024-11-19 17:43:42,194 - main - DEBUG - 얼굴 감지 시도
2024-11-19 17:43:42,298 - main - DEBUG - 감지된 얼굴 수: 1
2024-11-19 17:43:42,313 - main - DEBUG - 얼굴 감지 시도
2024-11-19 17:43:42,414 - main - DEBUG - 감지된 얼굴 수: 1
2024-11-19 17:43:42,438 - main - DEBUG - 얼굴 감지 시도
2024-11-19 17:43:42,539 - main - DEBUG - 감지된 얼굴 수: 1
2024-11-19 17:43:42,555 - main - DEBUG - 얼굴 감지 시도
2024-11-19 17:43:42,657 - main - DEBUG - 감지된 얼굴 수: 1
2024-11-19 17:43:42,673 - main - DEBUG - 얼굴 감지 시도
2024-11-19 17:43:42,774 - main - DEBUG - 감지된 얼굴 수: 1
2024-11-19 17:43:42,793 - main - DEBUG - 얼굴 감지 시도
2024-11-19 17:43:42,894 - main - DEBUG - 감지된 얼굴 수: 1
2024-11-19 17:43:42,917 - main - DEBUG - 얼굴 감지 시도
2024-11-19 17:43:43,020 - main - DEBUG - 감지된 얼굴 수: 1
2024-11-19 17:43:43,036 - main - DEBUG - 얼굴 감지 시도
2024-11-19 17:43:43,138 - main - DEBUG - 감지된 얼굴 수: 1
2024-11-19 17:43:43,158 - main - DEBUG - 얼굴 감지 시도
2024-11-19 17:43:43,261 - main - DEBUG - 감지된 얼굴 수: 0
2024-11-19 17:43:43,275 - main - DEBUG - 얼굴 감지 시도
2024-11-19 17:43:43,382 - main - DEBUG - 감지된 얼굴 수: 0
2024-11-19 17:43:43,392 - main - DEBUG - 얼굴 감지 시도
2024-11-19 17:43:43,493 - main - DEBUG - 감지된 얼굴 수: 0
2024-11-19 17:43:43,505 - main - DEBUG - 얼굴 감지 시도
2024-11-19 17:43:43,606 - main - DEBUG - 감지된 얼굴 수: 0
2024-11-19 17:43:43,623 - main - DEBUG - 얼굴 감지 시도
2024-11-19 17:43:43,725 - main - DEBUG - 감지된 얼굴 수: 0
2024-11-19 17:43:43,743 - main - DEBUG - 얼굴 감지 시도
2024-11-19 17:43:43,855 - main - DEBUG - 감지된 얼굴 수: 0
2024-11-19 17:43:43,867 - main - DEBUG - 얼굴 감지 시도
2024-11-19 17:43:43,969 - main - DEBUG - 감지된 얼굴 수: 0
2024-11-19 17:43:43,984 - main - DEBUG - 얼굴 감지 시도
2024-11-19 17:43:44,089 - main - DEBUG - 감지된 얼굴 수: 0
2024-11-19 17:43:44,104 - main - DEBUG - 얼굴 감지 시도
2024-11-19 17:43:44,206 - main - DEBUG - 감지된 얼굴 수: 0
2024-11-19 17:43:44,217 - main - DEBUG - 얼굴 감지 시도
2024-11-19 17:43:44,318 - main - DEBUG - 감지된 얼굴 수: 0
2024-11-19 17:43:44,331 - main - DEBUG - 얼굴 감지 시도
2024-11-19 17:43:44,436 - main - DEBUG - 감지된 얼굴 수: 0
2024-11-19 17:43:44,446 - main - DEBUG - 얼굴 감지 시도
2024-11-19 17:43:44,547 - main - DEBUG - 감지된 얼굴 수: 0
2024-11-19 17:43:44,564 - main - DEBUG - 얼굴 감지 시도
2024-11-19 17:43:44,665 - main - DEBUG - 감지된 얼굴 수: 0
2024-11-19 17:43:44,676 - main - DEBUG - 얼굴 감지 시도
2024-11-19 17:43:44,778 - main - DEBUG - 감지된 얼굴 수: 0
2024-11-19 17:43:44,795 - main - DEBUG - 얼굴 감지 시도
2024-11-19 17:43:44,897 - main - DEBUG - 감지된 얼굴 수: 0
2024-11-19 17:43:44,912 - main - DEBUG - 얼굴 감지 시도
2024-11-19 17:43:45,013 - main - DEBUG - 감지된 얼굴 수: 0
2024-11-19 17:43:45,030 - main - DEBUG - 얼굴 감지 시도
2024-11-19 17:43:45,132 - main - DEBUG - 감지된 얼굴 수: 0
2024-11-19 17:43:45,141 - main - DEBUG - 얼굴 감지 시도
2024-11-19 17:43:45,242 - main - DEBUG - 감지된 얼굴 수: 0
2024-11-19 17:43:45,260 - main - DEBUG - 얼굴 감지 시도
2024-11-19 17:43:45,362 - main - DEBUG - 감지된 얼굴 수: 0
2024-11-19 17:43:45,372 - main - DEBUG - 얼굴 감지 시도
2024-11-19 17:43:45,473 - main - DEBUG - 감지된 얼굴 수: 0
2024-11-19 17:43:45,493 - main - DEBUG - 얼굴 감지 시도
2024-11-19 17:43:45,594 - main - DEBUG - 감지된 얼굴 수: 0
2024-11-19 17:43:45,606 - main - DEBUG - 얼굴 감지 시도
2024-11-19 17:43:45,712 - main - DEBUG - 감지된 얼굴 수: 0
2024-11-19 17:43:45,731 - main - DEBUG - 얼굴 감지 시도
2024-11-19 17:43:45,834 - main - DEBUG - 감지된 얼굴 수: 0
2024-11-19 17:43:45,844 - main - DEBUG - 얼굴 감지 시도
2024-11-19 17:43:45,948 - main - DEBUG - 감지된 얼굴 수: 0
2024-11-19 17:43:45,965 - main - DEBUG - 얼굴 감지 시도
2024-11-19 17:43:46,066 - main - DEBUG - 감지된 얼굴 수: 0
2024-11-19 17:43:46,078 - main - DEBUG - 얼굴 감지 시도
2024-11-19 17:43:46,183 - main - DEBUG - 감지된 얼굴 수: 0
2024-11-19 17:43:46,198 - main - DEBUG - 얼굴 감지 시도
2024-11-19 17:43:46,302 - main - DEBUG - 감지된 얼굴 수: 0
2024-11-19 17:43:46,312 - main - DEBUG - 얼굴 감지 시도
2024-11-19 17:43:46,413 - main - DEBUG - 감지된 얼굴 수: 0
2024-11-19 17:43:46,428 - main - DEBUG - 얼굴 감지 시도
2024-11-19 17:43:46,529 - main - DEBUG - 감지된 얼굴 수: 0
2024-11-19 17:43:46,538 - main - DEBUG - 얼굴 감지 시도
2024-11-19 17:43:46,643 - main - DEBUG - 감지된 얼굴 수: 0
2024-11-19 17:43:46,657 - main - DEBUG - 얼굴 감지 시도
2024-11-19 17:43:46,763 - main - DEBUG - 감지된 얼굴 수: 0
2024-11-19 17:43:46,776 - main - DEBUG - 얼굴 감지 시도
2024-11-19 17:43:46,880 - main - DEBUG - 감지된 얼굴 수: 0
2024-11-19 17:43:46,895 - main - DEBUG - 얼굴 감지 시도
2024-11-19 17:43:46,997 - main - DEBUG - 감지된 얼굴 수: 0
2024-11-19 17:43:47,007 - main - DEBUG - 얼굴 감지 시도
2024-11-19 17:43:47,113 - main - DEBUG - 감지된 얼굴 수: 0
2024-11-19 17:43:47,132 - main - DEBUG - 얼굴 감지 시도
2024-11-19 17:43:47,233 - main - DEBUG - 감지된 얼굴 수: 0
2024-11-19 17:43:47,246 - main - DEBUG - 얼굴 감지 시도
2024-11-19 17:43:47,347 - main - DEBUG - 감지된 얼굴 수: 0
2024-11-19 17:43:47,363 - main - DEBUG - 얼굴 감지 시도
2024-11-19 17:43:47,469 - main - DEBUG - 감지된 얼굴 수: 0
2024-11-19 17:43:47,481 - main - DEBUG - 얼굴 감지 시도
2024-11-19 17:43:47,582 - main - DEBUG - 감지된 얼굴 수: 0
2024-11-19 17:43:47,597 - main - DEBUG - 얼굴 감지 시도
2024-11-19 17:43:47,700 - main - DEBUG - 감지된 얼굴 수: 0
2024-11-19 17:43:47,710 - main - DEBUG - 얼굴 감지 시도
2024-11-19 17:43:47,811 - main - DEBUG - 감지된 얼굴 수: 0
2024-11-19 17:43:47,826 - main - DEBUG - 얼굴 감지 시도
2024-11-19 17:43:47,928 - main - DEBUG - 감지된 얼굴 수: 0
2024-11-19 17:43:47,938 - main - DEBUG - 얼굴 감지 시도
2024-11-19 17:43:48,044 - main - DEBUG - 감지된 얼굴 수: 0
2024-11-19 17:43:48,062 - main - DEBUG - 얼굴 감지 시도
2024-11-19 17:43:48,163 - main - DEBUG - 감지된 얼굴 수: 0
2024-11-19 17:43:48,177 - main - DEBUG - 얼굴 감지 시도
2024-11-19 17:43:48,279 - main - DEBUG - 감지된 얼굴 수: 0
2024-11-19 17:43:48,292 - main - DEBUG - 얼굴 감지 시도
2024-11-19 17:43:48,397 - main - DEBUG - 감지된 얼굴 수: 0
2024-11-19 17:43:48,407 - main - DEBUG - 얼굴 감지 시도
2024-11-19 17:43:48,511 - main - DEBUG - 감지된 얼굴 수: 0
2024-11-19 17:43:48,526 - main - DEBUG - 얼굴 감지 시도
2024-11-19 17:43:48,627 - main - DEBUG - 감지된 얼굴 수: 0
2024-11-19 17:43:48,637 - main - DEBUG - 얼굴 감지 시도
2024-11-19 17:43:48,738 - main - DEBUG - 감지된 얼굴 수: 0
2024-11-19 17:43:48,756 - main - DEBUG - 얼굴 감지 시도
2024-11-19 17:43:48,857 - main - DEBUG - 감지된 얼굴 수: 0
2024-11-19 17:43:48,874 - main - DEBUG - 얼굴 감지 시도
2024-11-19 17:43:48,975 - main - DEBUG - 감지된 얼굴 수: 0
2024-11-19 17:43:48,989 - main - DEBUG - 얼굴 감지 시도
2024-11-19 17:43:49,091 - main - DEBUG - 감지된 얼굴 수: 0
2024-11-19 17:43:49,103 - main - DEBUG - 얼굴 감지 시도
2024-11-19 17:43:49,204 - main - DEBUG - 감지된 얼굴 수: 0
2024-11-19 17:43:49,219 - main - DEBUG - 얼굴 감지 시도
2024-11-19 17:43:49,322 - main - DEBUG - 감지된 얼굴 수: 0
2024-11-19 17:43:49,337 - main - DEBUG - 얼굴 감지 시도
2024-11-19 17:43:49,441 - main - DEBUG - 감지된 얼굴 수: 0
2024-11-19 17:43:49,451 - main - DEBUG - 얼굴 감지 시도
2024-11-19 17:43:49,552 - main - DEBUG - 감지된 얼굴 수: 0
2024-11-19 17:43:49,566 - main - DEBUG - 얼굴 감지 시도
2024-11-19 17:43:49,667 - main - DEBUG - 감지된 얼굴 수: 0
2024-11-19 17:43:49,685 - main - DEBUG - 얼굴 감지 시도
2024-11-19 17:43:49,791 - main - DEBUG - 감지된 얼굴 수: 0
2024-11-19 17:43:49,806 - main - DEBUG - 얼굴 감지 시도
2024-11-19 17:43:49,907 - main - DEBUG - 감지된 얼굴 수: 0
2024-11-19 17:43:49,919 - main - DEBUG - 얼굴 감지 시도
2024-11-19 17:43:50,020 - main - DEBUG - 감지된 얼굴 수: 0
2024-11-19 17:43:50,035 - main - DEBUG - 얼굴 감지 시도
2024-11-19 17:43:50,139 - main - DEBUG - 감지된 얼굴 수: 1
2024-11-19 17:43:50,154 - main - DEBUG - 얼굴 감지 시도
2024-11-19 17:43:50,255 - main - DEBUG - 감지된 얼굴 수: 0
2024-11-19 17:43:50,270 - main - DEBUG - 얼굴 감지 시도
2024-11-19 17:43:50,374 - main - DEBUG - 감지된 얼굴 수: 0
2024-11-19 17:43:50,387 - main - DEBUG - 얼굴 감지 시도
2024-11-19 17:43:50,488 - main - DEBUG - 감지된 얼굴 수: 0
2024-11-19 17:43:50,503 - main - DEBUG - 얼굴 감지 시도
2024-11-19 17:43:50,623 - main - DEBUG - 감지된 얼굴 수: 1
2024-11-19 17:43:50,640 - main - DEBUG - 얼굴 감지 시도
2024-11-19 17:43:50,744 - main - DEBUG - 감지된 얼굴 수: 0
2024-11-19 17:43:50,759 - main - DEBUG - 얼굴 감지 시도
2024-11-19 17:43:50,860 - main - DEBUG - 감지된 얼굴 수: 0
2024-11-19 17:43:50,875 - main - DEBUG - 얼굴 감지 시도
2024-11-19 17:43:50,977 - main - DEBUG - 감지된 얼굴 수: 0
2024-11-19 17:43:50,989 - main - DEBUG - 얼굴 감지 시도
2024-11-19 17:43:51,090 - main - DEBUG - 감지된 얼굴 수: 0
2024-11-19 17:43:51,101 - main - DEBUG - 얼굴 감지 시도
2024-11-19 17:43:51,203 - main - DEBUG - 감지된 얼굴 수: 0
2024-11-19 17:43:51,219 - main - DEBUG - 얼굴 감지 시도
2024-11-19 17:43:51,323 - main - DEBUG - 감지된 얼굴 수: 0
2024-11-19 17:43:51,340 - main - DEBUG - 얼굴 감지 시도
2024-11-19 17:43:51,441 - main - DEBUG - 감지된 얼굴 수: 0
2024-11-19 17:43:51,459 - main - DEBUG - 얼굴 감지 시도
2024-11-19 17:43:51,565 - main - DEBUG - 감지된 얼굴 수: 1
2024-11-19 17:43:51,580 - main - DEBUG - 얼굴 감지 시도
2024-11-19 17:43:51,681 - main - DEBUG - 감지된 얼굴 수: 1
2024-11-19 17:43:51,706 - main - DEBUG - 얼굴 감지 시도
2024-11-19 17:43:51,807 - main - DEBUG - 감지된 얼굴 수: 1
2024-11-19 17:43:51,824 - main - DEBUG - 얼굴 감지 시도
2024-11-19 17:43:51,925 - main - DEBUG - 감지된 얼굴 수: 1
2024-11-19 17:43:51,941 - main - DEBUG - 얼굴 감지 시도
2024-11-19 17:43:52,043 - main - DEBUG - 감지된 얼굴 수: 1
2024-11-19 17:43:52,063 - main - DEBUG - 얼굴 감지 시도
2024-11-19 17:43:52,164 - main - DEBUG - 감지된 얼굴 수: 1
2024-11-19 17:43:52,180 - main - DEBUG - 얼굴 감지 시도
2024-11-19 17:43:52,284 - main - DEBUG - 감지된 얼굴 수: 1
2024-11-19 17:43:52,301 - main - DEBUG - 얼굴 감지 시도
2024-11-19 17:43:52,402 - main - DEBUG - 감지된 얼굴 수: 1
2024-11-19 17:43:52,418 - main - DEBUG - 얼굴 감지 시도
2024-11-19 17:43:52,520 - main - DEBUG - 감지된 얼굴 수: 1
2024-11-19 17:43:52,542 - main - DEBUG - 얼굴 감지 시도
2024-11-19 17:43:52,643 - main - DEBUG - 감지된 얼굴 수: 1
2024-11-19 17:43:52,659 - main - DEBUG - 얼굴 감지 시도
2024-11-19 17:43:52,765 - main - DEBUG - 감지된 얼굴 수: 1
2024-11-19 17:43:52,780 - main - DEBUG - 얼굴 감지 시도
2024-11-19 17:43:52,882 - main - DEBUG - 감지된 얼굴 수: 1
2024-11-19 17:43:52,904 - main - DEBUG - 얼굴 감지 시도
2024-11-19 17:43:53,005 - main - DEBUG - 감지된 얼굴 수: 1
2024-11-19 17:43:53,020 - main - DEBUG - 얼굴 감지 시도
2024-11-19 17:43:53,122 - main - DEBUG - 감지된 얼굴 수: 1
2024-11-19 17:43:53,138 - main - DEBUG - 얼굴 감지 시도
2024-11-19 17:43:53,242 - main - DEBUG - 감지된 얼굴 수: 1
2024-11-19 17:43:53,262 - main - DEBUG - 얼굴 감지 시도
2024-11-19 17:43:53,368 - main - DEBUG - 감지된 얼굴 수: 1
2024-11-19 17:43:53,384 - main - DEBUG - 얼굴 감지 시도
2024-11-19 17:43:53,486 - main - DEBUG - 감지된 얼굴 수: 1
2024-11-19 17:43:53,502 - main - DEBUG - 얼굴 감지 시도
2024-11-19 17:43:53,604 - main - DEBUG - 감지된 얼굴 수: 1
2024-11-19 17:43:53,624 - main - DEBUG - 얼굴 감지 시도
2024-11-19 17:43:53,727 - main - DEBUG - 감지된 얼굴 수: 1
2024-11-19 17:43:53,742 - main - DEBUG - 얼굴 감지 시도
2024-11-19 17:43:53,844 - main - DEBUG - 감지된 얼굴 수: 1
2024-11-19 17:43:53,862 - main - DEBUG - 얼굴 감지 시도
2024-11-19 17:43:53,963 - main - DEBUG - 감지된 얼굴 수: 1
2024-11-19 17:43:53,978 - main - DEBUG - 얼굴 감지 시도
2024-11-19 17:43:54,084 - main - DEBUG - 감지된 얼굴 수: 1
2024-11-19 17:43:54,104 - main - DEBUG - 얼굴 감지 시도
2024-11-19 17:43:54,210 - main - DEBUG - 감지된 얼굴 수: 1
2024-11-19 17:43:54,228 - main - DEBUG - 얼굴 감지 시도
2024-11-19 17:43:54,329 - main - DEBUG - 감지된 얼굴 수: 1
2024-11-19 17:43:54,345 - main - DEBUG - 얼굴 감지 시도
2024-11-19 17:43:54,446 - main - DEBUG - 감지된 얼굴 수: 1
2024-11-19 17:43:54,465 - main - DEBUG - 얼굴 감지 시도
2024-11-19 17:43:54,567 - main - DEBUG - 감지된 얼굴 수: 1
2024-11-19 17:43:54,581 - main - DEBUG - 얼굴 감지 시도
2024-11-19 17:43:54,682 - main - DEBUG - 감지된 얼굴 수: 1
2024-11-19 17:43:54,701 - main - DEBUG - 얼굴 감지 시도
2024-11-19 17:43:54,803 - main - DEBUG - 감지된 얼굴 수: 1
2024-11-19 17:43:54,818 - main - DEBUG - 얼굴 감지 시도
2024-11-19 17:43:54,924 - main - DEBUG - 감지된 얼굴 수: 1
2024-11-19 17:43:54,939 - main - DEBUG - 얼굴 감지 시도
2024-11-19 17:43:55,046 - main - DEBUG - 감지된 얼굴 수: 1
2024-11-19 17:43:55,064 - main - DEBUG - 얼굴 감지 시도
2024-11-19 17:43:55,165 - main - DEBUG - 감지된 얼굴 수: 1
2024-11-19 17:43:55,186 - main - DEBUG - 얼굴 감지 시도
2024-11-19 17:43:55,291 - main - DEBUG - 감지된 얼굴 수: 1
2024-11-19 17:43:55,309 - main - DEBUG - 얼굴 감지 시도
2024-11-19 17:43:55,412 - main - DEBUG - 감지된 얼굴 수: 1
2024-11-19 17:43:55,435 - main - DEBUG - 얼굴 감지 시도
2024-11-19 17:43:55,538 - main - DEBUG - 감지된 얼굴 수: 1
2024-11-19 17:43:55,554 - main - DEBUG - 얼굴 감지 시도
2024-11-19 17:43:55,656 - main - DEBUG - 감지된 얼굴 수: 1
2024-11-19 17:43:55,675 - main - DEBUG - 얼굴 감지 시도
2024-11-19 17:43:55,777 - main - DEBUG - 감지된 얼굴 수: 1
2024-11-19 17:43:55,791 - main - DEBUG - 얼굴 감지 시도
2024-11-19 17:43:55,892 - main - DEBUG - 감지된 얼굴 수: 1
2024-11-19 17:43:55,908 - main - DEBUG - 얼굴 감지 시도
2024-11-19 17:43:56,009 - main - DEBUG - 감지된 얼굴 수: 1
2024-11-19 17:43:56,032 - main - DEBUG - 얼굴 감지 시도
2024-11-19 17:43:56,137 - main - DEBUG - 감지된 얼굴 수: 1
2024-11-19 17:43:56,151 - main - DEBUG - 얼굴 감지 시도
2024-11-19 17:43:56,252 - main - DEBUG - 감지된 얼굴 수: 1
2024-11-19 17:43:56,271 - main - DEBUG - 얼굴 감지 시도
2024-11-19 17:43:56,372 - main - DEBUG - 감지된 얼굴 수: 1
2024-11-19 17:43:56,394 - main - DEBUG - 얼굴 감지 시도
2024-11-19 17:43:56,496 - main - DEBUG - 감지된 얼굴 수: 1
2024-11-19 17:43:56,516 - main - DEBUG - 얼굴 감지 시도
2024-11-19 17:43:56,618 - main - DEBUG - 감지된 얼굴 수: 1
2024-11-19 17:43:56,637 - main - DEBUG - 얼굴 감지 시도
2024-11-19 17:43:56,740 - main - DEBUG - 감지된 얼굴 수: 1
2024-11-19 17:43:56,758 - main - DEBUG - 얼굴 감지 시도
2024-11-19 17:43:56,863 - main - DEBUG - 감지된 얼굴 수: 1
2024-11-19 17:43:56,886 - main - DEBUG - 얼굴 감지 시도
2024-11-19 17:43:56,990 - main - DEBUG - 감지된 얼굴 수: 1
2024-11-19 17:43:57,005 - main - DEBUG - 얼굴 감지 시도
2024-11-19 17:43:57,106 - main - DEBUG - 감지된 얼굴 수: 1
2024-11-19 17:43:57,129 - main - DEBUG - 얼굴 감지 시도
2024-11-19 17:43:57,230 - main - DEBUG - 감지된 얼굴 수: 1
2024-11-19 17:43:57,246 - main - DEBUG - 얼굴 감지 시도
2024-11-19 17:43:57,352 - main - DEBUG - 감지된 얼굴 수: 1
2024-11-19 17:43:57,370 - main - DEBUG - 얼굴 감지 시도
2024-11-19 17:43:57,475 - main - DEBUG - 감지된 얼굴 수: 1
2024-11-19 17:43:57,498 - main - DEBUG - 얼굴 감지 시도
2024-11-19 17:43:57,610 - main - DEBUG - 감지된 얼굴 수: 1
2024-11-19 17:43:57,628 - main - DEBUG - 얼굴 감지 시도
2024-11-19 17:43:57,730 - main - DEBUG - 감지된 얼굴 수: 1
2024-11-19 17:43:57,747 - main - DEBUG - 얼굴 감지 시도
2024-11-19 17:43:57,848 - main - DEBUG - 감지된 얼굴 수: 1
2024-11-19 17:43:57,870 - main - DEBUG - 얼굴 감지 시도
2024-11-19 17:43:57,973 - main - DEBUG - 감지된 얼굴 수: 1
2024-11-19 17:43:57,990 - main - DEBUG - 얼굴 감지 시도
2024-11-19 17:43:58,095 - main - DEBUG - 감지된 얼굴 수: 0
2024-11-19 17:43:58,108 - main - DEBUG - 얼굴 감지 시도
2024-11-19 17:43:58,213 - main - DEBUG - 감지된 얼굴 수: 0
2024-11-19 17:43:58,224 - main - DEBUG - 얼굴 감지 시도
2024-11-19 17:43:58,328 - main - DEBUG - 감지된 얼굴 수: 0
2024-11-19 17:43:58,339 - main - DEBUG - 얼굴 감지 시도
2024-11-19 17:43:58,441 - main - DEBUG - 감지된 얼굴 수: 0
2024-11-19 17:43:58,459 - main - DEBUG - 얼굴 감지 시도
2024-11-19 17:43:58,563 - main - DEBUG - 감지된 얼굴 수: 0
2024-11-19 17:43:58,575 - main - DEBUG - 얼굴 감지 시도
2024-11-19 17:43:58,676 - main - DEBUG - 감지된 얼굴 수: 0
2024-11-19 17:43:58,690 - main - DEBUG - 얼굴 감지 시도
2024-11-19 17:43:58,792 - main - DEBUG - 감지된 얼굴 수: 0
2024-11-19 17:43:58,803 - main - DEBUG - 얼굴 감지 시도
2024-11-19 17:43:58,906 - main - DEBUG - 감지된 얼굴 수: 0
2024-11-19 17:43:58,922 - main - DEBUG - 얼굴 감지 시도
2024-11-19 17:43:59,024 - main - DEBUG - 감지된 얼굴 수: 0
2024-11-19 17:43:59,036 - main - DEBUG - 얼굴 감지 시도
2024-11-19 17:43:59,137 - main - DEBUG - 감지된 얼굴 수: 0
2024-11-19 17:43:59,150 - main - DEBUG - 얼굴 감지 시도
2024-11-19 17:43:59,251 - main - DEBUG - 감지된 얼굴 수: 0
2024-11-19 17:43:59,266 - main - DEBUG - 얼굴 감지 시도
2024-11-19 17:43:59,367 - main - DEBUG - 감지된 얼굴 수: 0
2024-11-19 17:43:59,377 - main - DEBUG - 얼굴 감지 시도
2024-11-19 17:43:59,482 - main - DEBUG - 감지된 얼굴 수: 0
2024-11-19 17:43:59,499 - main - DEBUG - 얼굴 감지 시도
2024-11-19 17:43:59,602 - main - DEBUG - 감지된 얼굴 수: 0
2024-11-19 17:43:59,619 - main - DEBUG - 얼굴 감지 시도
2024-11-19 17:43:59,721 - main - DEBUG - 감지된 얼굴 수: 0
2024-11-19 17:43:59,739 - main - DEBUG - 얼굴 감지 시도
2024-11-19 17:43:59,840 - main - DEBUG - 감지된 얼굴 수: 0
2024-11-19 17:43:59,850 - main - DEBUG - 얼굴 감지 시도
2024-11-19 17:43:59,951 - main - DEBUG - 감지된 얼굴 수: 0
2024-11-19 17:43:59,966 - main - DEBUG - 얼굴 감지 시도
2024-11-19 17:44:00,072 - main - DEBUG - 감지된 얼굴 수: 0
2024-11-19 17:44:00,083 - main - DEBUG - 얼굴 감지 시도
2024-11-19 17:44:00,185 - main - DEBUG - 감지된 얼굴 수: 0
2024-11-19 17:44:00,199 - main - DEBUG - 얼굴 감지 시도
2024-11-19 17:44:00,301 - main - DEBUG - 감지된 얼굴 수: 0
2024-11-19 17:44:00,312 - main - DEBUG - 얼굴 감지 시도
2024-11-19 17:44:00,413 - main - DEBUG - 감지된 얼굴 수: 0
2024-11-19 17:44:00,429 - main - DEBUG - 얼굴 감지 시도
2024-11-19 17:44:00,533 - main - DEBUG - 감지된 얼굴 수: 0
2024-11-19 17:44:00,544 - main - DEBUG - 얼굴 감지 시도
2024-11-19 17:44:00,649 - main - DEBUG - 감지된 얼굴 수: 0
2024-11-19 17:44:00,664 - main - DEBUG - 얼굴 감지 시도
2024-11-19 17:44:00,766 - main - DEBUG - 감지된 얼굴 수: 0
2024-11-19 17:44:00,776 - main - DEBUG - 얼굴 감지 시도
2024-11-19 17:44:00,879 - main - DEBUG - 감지된 얼굴 수: 0
2024-11-19 17:44:00,894 - main - DEBUG - 얼굴 감지 시도
2024-11-19 17:44:00,995 - main - DEBUG - 감지된 얼굴 수: 0
2024-11-19 17:44:01,005 - main - DEBUG - 얼굴 감지 시도
2024-11-19 17:44:01,110 - main - DEBUG - 감지된 얼굴 수: 0
2024-11-19 17:44:01,126 - main - DEBUG - 얼굴 감지 시도
2024-11-19 17:44:01,227 - main - DEBUG - 감지된 얼굴 수: 0
2024-11-19 17:44:01,244 - main - DEBUG - 얼굴 감지 시도
2024-11-19 17:44:01,346 - main - DEBUG - 감지된 얼굴 수: 0
2024-11-19 17:44:01,361 - main - DEBUG - 얼굴 감지 시도
2024-11-19 17:44:01,462 - main - DEBUG - 감지된 얼굴 수: 0
2024-11-19 17:44:01,474 - main - DEBUG - 얼굴 감지 시도
2024-11-19 17:44:01,576 - main - DEBUG - 감지된 얼굴 수: 0
2024-11-19 17:44:01,593 - main - DEBUG - 얼굴 감지 시도
2024-11-19 17:44:01,694 - main - DEBUG - 감지된 얼굴 수: 0
2024-11-19 17:44:01,708 - main - DEBUG - 얼굴 감지 시도
2024-11-19 17:44:01,810 - main - DEBUG - 감지된 얼굴 수: 0
2024-11-19 17:44:01,824 - main - DEBUG - 얼굴 감지 시도
2024-11-19 17:44:01,926 - main - DEBUG - 감지된 얼굴 수: 0
2024-11-19 17:44:01,936 - main - DEBUG - 얼굴 감지 시도
2024-11-19 17:44:02,037 - main - DEBUG - 감지된 얼굴 수: 0
2024-11-19 17:44:02,052 - main - DEBUG - 얼굴 감지 시도
2024-11-19 17:44:02,153 - main - DEBUG - 감지된 얼굴 수: 0
2024-11-19 17:44:02,168 - main - DEBUG - 얼굴 감지 시도
2024-11-19 17:44:02,270 - main - DEBUG - 감지된 얼굴 수: 0
2024-11-19 17:44:02,285 - main - DEBUG - 얼굴 감지 시도
2024-11-19 17:44:02,387 - main - DEBUG - 감지된 얼굴 수: 0
2024-11-19 17:44:02,400 - main - DEBUG - 얼굴 감지 시도
2024-11-19 17:44:02,502 - main - DEBUG - 감지된 얼굴 수: 0
2024-11-19 17:44:02,517 - main - DEBUG - 얼굴 감지 시도
2024-11-19 17:44:02,620 - main - DEBUG - 감지된 얼굴 수: 0
2024-11-19 17:44:02,635 - main - DEBUG - 얼굴 감지 시도
2024-11-19 17:44:02,737 - main - DEBUG - 감지된 얼굴 수: 0
2024-11-19 17:44:02,749 - main - DEBUG - 얼굴 감지 시도
2024-11-19 17:44:02,850 - main - DEBUG - 감지된 얼굴 수: 0
2024-11-19 17:44:02,864 - main - DEBUG - 얼굴 감지 시도
2024-11-19 17:44:02,966 - main - DEBUG - 감지된 얼굴 수: 0
2024-11-19 17:44:02,977 - main - DEBUG - 얼굴 감지 시도
2024-11-19 17:44:03,079 - main - DEBUG - 감지된 얼굴 수: 0
2024-11-19 17:44:03,094 - main - DEBUG - 얼굴 감지 시도
2024-11-19 17:44:03,196 - main - DEBUG - 감지된 얼굴 수: 0
2024-11-19 17:44:03,206 - main - DEBUG - 얼굴 감지 시도
2024-11-19 17:44:03,307 - main - DEBUG - 감지된 얼굴 수: 0
2024-11-19 17:44:03,324 - main - DEBUG - 얼굴 감지 시도
2024-11-19 17:44:03,426 - main - DEBUG - 감지된 얼굴 수: 0
2024-11-19 17:44:03,435 - main - DEBUG - 얼굴 감지 시도
2024-11-19 17:44:03,537 - main - DEBUG - 감지된 얼굴 수: 0
2024-11-19 17:44:03,554 - main - DEBUG - 얼굴 감지 시도
2024-11-19 17:44:03,657 - main - DEBUG - 감지된 얼굴 수: 0
2024-11-19 17:44:03,674 - main - DEBUG - 얼굴 감지 시도
2024-11-19 17:44:03,778 - main - DEBUG - 감지된 얼굴 수: 0
2024-11-19 17:44:03,791 - main - DEBUG - 얼굴 감지 시도
2024-11-19 17:44:03,893 - main - DEBUG - 감지된 얼굴 수: 0
2024-11-19 17:44:03,904 - main - DEBUG - 얼굴 감지 시도
2024-11-19 17:44:04,009 - main - DEBUG - 감지된 얼굴 수: 0
2024-11-19 17:44:04,024 - main - DEBUG - 얼굴 감지 시도
2024-11-19 17:44:04,129 - main - DEBUG - 감지된 얼굴 수: 0
2024-11-19 17:44:04,140 - main - DEBUG - 얼굴 감지 시도
2024-11-19 17:44:04,253 - main - DEBUG - 감지된 얼굴 수: 0
2024-11-19 17:44:04,268 - main - DEBUG - 얼굴 감지 시도
2024-11-19 17:44:04,370 - main - DEBUG - 감지된 얼굴 수: 0
2024-11-19 17:44:04,381 - main - DEBUG - 얼굴 감지 시도
2024-11-19 17:44:04,486 - main - DEBUG - 감지된 얼굴 수: 0
2024-11-19 17:44:04,499 - main - DEBUG - 얼굴 감지 시도
2024-11-19 17:44:04,601 - main - DEBUG - 감지된 얼굴 수: 0
2024-11-19 17:44:04,614 - main - DEBUG - 얼굴 감지 시도
2024-11-19 17:44:04,715 - main - DEBUG - 감지된 얼굴 수: 0
2024-11-19 17:44:04,731 - main - DEBUG - 얼굴 감지 시도
2024-11-19 17:44:04,835 - main - DEBUG - 감지된 얼굴 수: 0
2024-11-19 17:44:04,844 - main - DEBUG - 얼굴 감지 시도
2024-11-19 17:44:04,948 - main - DEBUG - 감지된 얼굴 수: 0
2024-11-19 17:44:04,964 - main - DEBUG - 얼굴 감지 시도
2024-11-19 17:44:05,065 - main - DEBUG - 감지된 얼굴 수: 0
2024-11-19 17:44:05,076 - main - DEBUG - 얼굴 감지 시도
2024-11-19 17:44:05,181 - main - DEBUG - 감지된 얼굴 수: 0
2024-11-19 17:44:05,196 - main - DEBUG - 얼굴 감지 시도
2024-11-19 17:44:05,300 - main - DEBUG - 감지된 얼굴 수: 0
2024-11-19 17:44:05,310 - main - DEBUG - 얼굴 감지 시도
2024-11-19 17:44:05,412 - main - DEBUG - 감지된 얼굴 수: 0
2024-11-19 17:44:05,428 - main - DEBUG - 얼굴 감지 시도
2024-11-19 17:44:05,533 - main - DEBUG - 감지된 얼굴 수: 0
2024-11-19 17:44:05,545 - main - DEBUG - 얼굴 감지 시도
2024-11-19 17:44:05,646 - main - DEBUG - 감지된 얼굴 수: 0
2024-11-19 17:44:05,662 - main - DEBUG - 얼굴 감지 시도
2024-11-19 17:44:05,766 - main - DEBUG - 감지된 얼굴 수: 0
2024-11-19 17:44:05,777 - main - DEBUG - 얼굴 감지 시도
2024-11-19 17:44:05,879 - main - DEBUG - 감지된 얼굴 수: 0
2024-11-19 17:44:05,895 - main - DEBUG - 얼굴 감지 시도
2024-11-19 17:44:05,998 - main - DEBUG - 감지된 얼굴 수: 0
2024-11-19 17:44:06,009 - main - DEBUG - 얼굴 감지 시도
2024-11-19 17:44:06,111 - main - DEBUG - 감지된 얼굴 수: 0
2024-11-19 17:44:06,128 - main - DEBUG - 얼굴 감지 시도
2024-11-19 17:44:06,229 - main - DEBUG - 감지된 얼굴 수: 0
2024-11-19 17:44:06,241 - main - DEBUG - 얼굴 감지 시도
2024-11-19 17:44:06,342 - main - DEBUG - 감지된 얼굴 수: 0
2024-11-19 17:44:06,358 - main - DEBUG - 얼굴 감지 시도
2024-11-19 17:44:06,460 - main - DEBUG - 감지된 얼굴 수: 0
2024-11-19 17:44:06,474 - main - DEBUG - 얼굴 감지 시도
2024-11-19 17:44:06,579 - main - DEBUG - 감지된 얼굴 수: 0
2024-11-19 17:44:06,589 - main - DEBUG - 얼굴 감지 시도
2024-11-19 17:44:06,693 - main - DEBUG - 감지된 얼굴 수: 0
2024-11-19 17:44:06,702 - main - DEBUG - 얼굴 감지 시도
2024-11-19 17:44:06,806 - main - DEBUG - 감지된 얼굴 수: 0
2024-11-19 17:44:06,823 - main - DEBUG - 얼굴 감지 시도
2024-11-19 17:44:06,925 - main - DEBUG - 감지된 얼굴 수: 0
2024-11-19 17:44:06,941 - main - DEBUG - 얼굴 감지 시도
2024-11-19 17:44:07,043 - main - DEBUG - 감지된 얼굴 수: 0
2024-11-19 17:44:07,055 - main - DEBUG - 얼굴 감지 시도
2024-11-19 17:44:07,157 - main - DEBUG - 감지된 얼굴 수: 0
2024-11-19 17:44:07,167 - main - DEBUG - 얼굴 감지 시도
2024-11-19 17:44:07,268 - main - DEBUG - 감지된 얼굴 수: 0
2024-11-19 17:44:07,285 - main - DEBUG - 얼굴 감지 시도
2024-11-19 17:44:07,387 - main - DEBUG - 감지된 얼굴 수: 0
2024-11-19 17:44:07,405 - main - DEBUG - 얼굴 감지 시도
2024-11-19 17:44:07,510 - main - DEBUG - 감지된 얼굴 수: 0
2024-11-19 17:44:07,523 - main - DEBUG - 얼굴 감지 시도
2024-11-19 17:44:07,628 - main - DEBUG - 감지된 얼굴 수: 0
2024-11-19 17:44:07,645 - main - DEBUG - 얼굴 감지 시도
2024-11-19 17:44:07,748 - main - DEBUG - 감지된 얼굴 수: 0
2024-11-19 17:44:07,764 - main - DEBUG - 얼굴 감지 시도
2024-11-19 17:44:07,866 - main - DEBUG - 감지된 얼굴 수: 0
2024-11-19 17:44:07,875 - main - DEBUG - 얼굴 감지 시도
2024-11-19 17:44:07,978 - main - DEBUG - 감지된 얼굴 수: 0
2024-11-19 17:44:07,996 - main - DEBUG - 얼굴 감지 시도
2024-11-19 17:44:08,097 - main - DEBUG - 감지된 얼굴 수: 0
2024-11-19 17:44:08,109 - main - DEBUG - 얼굴 감지 시도
2024-11-19 17:44:08,214 - main - DEBUG - 감지된 얼굴 수: 0
2024-11-19 17:44:08,229 - main - DEBUG - 얼굴 감지 시도
2024-11-19 17:44:08,331 - main - DEBUG - 감지된 얼굴 수: 0
2024-11-19 17:44:08,341 - main - DEBUG - 얼굴 감지 시도
2024-11-19 17:44:08,443 - main - DEBUG - 감지된 얼굴 수: 0
2024-11-19 17:44:08,460 - main - DEBUG - 얼굴 감지 시도
2024-11-19 17:44:08,561 - main - DEBUG - 감지된 얼굴 수: 0
2024-11-19 17:44:08,573 - main - DEBUG - 얼굴 감지 시도
2024-11-19 17:44:08,675 - main - DEBUG - 감지된 얼굴 수: 0
2024-11-19 17:44:08,685 - main - DEBUG - 얼굴 감지 시도
2024-11-19 17:44:08,790 - main - DEBUG - 감지된 얼굴 수: 0
2024-11-19 17:44:08,804 - main - DEBUG - 얼굴 감지 시도
2024-11-19 17:44:08,908 - main - DEBUG - 감지된 얼굴 수: 0
2024-11-19 17:44:08,918 - main - DEBUG - 얼굴 감지 시도
2024-11-19 17:44:09,021 - main - DEBUG - 감지된 얼굴 수: 0
2024-11-19 17:44:09,036 - main - DEBUG - 얼굴 감지 시도
2024-11-19 17:44:09,138 - main - DEBUG - 감지된 얼굴 수: 0
2024-11-19 17:44:09,149 - main - DEBUG - 얼굴 감지 시도
2024-11-19 17:44:09,250 - main - DEBUG - 감지된 얼굴 수: 0
2024-11-19 17:44:09,264 - main - DEBUG - 얼굴 감지 시도
2024-11-19 17:44:09,370 - main - DEBUG - 감지된 얼굴 수: 0
2024-11-19 17:44:09,380 - main - DEBUG - 얼굴 감지 시도
2024-11-19 17:44:09,482 - main - DEBUG - 감지된 얼굴 수: 0
2024-11-19 17:44:09,499 - main - DEBUG - 얼굴 감지 시도
2024-11-19 17:44:09,600 - main - DEBUG - 감지된 얼굴 수: 0
2024-11-19 17:44:09,611 - main - DEBUG - 얼굴 감지 시도
2024-11-19 17:44:09,716 - main - DEBUG - 감지된 얼굴 수: 1
2024-11-19 17:44:09,738 - main - DEBUG - 얼굴 감지 시도
2024-11-19 17:44:09,839 - main - DEBUG - 감지된 얼굴 수: 1
2024-11-19 17:44:09,857 - main - DEBUG - 얼굴 감지 시도
2024-11-19 17:44:09,961 - main - DEBUG - 감지된 얼굴 수: 1
2024-11-19 17:44:09,979 - main - DEBUG - 얼굴 감지 시도
2024-11-19 17:44:10,081 - main - DEBUG - 감지된 얼굴 수: 1
2024-11-19 17:44:10,104 - main - DEBUG - 얼굴 감지 시도
2024-11-19 17:44:10,207 - main - DEBUG - 감지된 얼굴 수: 0
2024-11-19 17:44:10,217 - main - DEBUG - 얼굴 감지 시도
2024-11-19 17:44:10,321 - main - DEBUG - 감지된 얼굴 수: 0
2024-11-19 17:44:10,334 - main - DEBUG - 얼굴 감지 시도
2024-11-19 17:44:10,449 - main - DEBUG - 감지된 얼굴 수: 0
2024-11-19 17:44:10,459 - main - DEBUG - 얼굴 감지 시도
2024-11-19 17:44:10,561 - main - DEBUG - 감지된 얼굴 수: 0
2024-11-19 17:44:10,573 - main - DEBUG - 얼굴 감지 시도
2024-11-19 17:44:10,674 - main - DEBUG - 감지된 얼굴 수: 0
2024-11-19 17:44:10,684 - main - DEBUG - 얼굴 감지 시도
2024-11-19 17:44:10,785 - main - DEBUG - 감지된 얼굴 수: 1
2024-11-19 17:44:10,803 - main - DEBUG - 얼굴 감지 시도
2024-11-19 17:44:10,909 - main - DEBUG - 감지된 얼굴 수: 0
2024-11-19 17:44:10,927 - main - DEBUG - 얼굴 감지 시도
2024-11-19 17:44:11,028 - main - DEBUG - 감지된 얼굴 수: 0
2024-11-19 17:44:11,038 - main - DEBUG - 얼굴 감지 시도
2024-11-19 17:44:11,143 - main - DEBUG - 감지된 얼굴 수: 0
2024-11-19 17:44:11,157 - main - DEBUG - 얼굴 감지 시도
2024-11-19 17:44:11,259 - main - DEBUG - 감지된 얼굴 수: 0
2024-11-19 17:44:11,275 - main - DEBUG - 얼굴 감지 시도
2024-11-19 17:44:11,377 - main - DEBUG - 감지된 얼굴 수: 0
2024-11-19 17:44:11,392 - main - DEBUG - 얼굴 감지 시도
2024-11-19 17:44:11,495 - main - DEBUG - 감지된 얼굴 수: 0
2024-11-19 17:44:11,507 - main - DEBUG - 얼굴 감지 시도
2024-11-19 17:44:11,608 - main - DEBUG - 감지된 얼굴 수: 0
2024-11-19 17:44:11,623 - main - DEBUG - 얼굴 감지 시도
2024-11-19 17:44:11,724 - main - DEBUG - 감지된 얼굴 수: 0
2024-11-19 17:44:11,741 - main - DEBUG - 얼굴 감지 시도
2024-11-19 17:44:11,844 - main - DEBUG - 감지된 얼굴 수: 0
2024-11-19 17:44:11,858 - main - DEBUG - 얼굴 감지 시도
2024-11-19 17:44:11,959 - main - DEBUG - 감지된 얼굴 수: 0
2024-11-19 17:44:11,969 - main - DEBUG - 얼굴 감지 시도
2024-11-19 17:44:12,073 - main - DEBUG - 감지된 얼굴 수: 0
2024-11-19 17:44:12,088 - main - DEBUG - 얼굴 감지 시도
2024-11-19 17:44:12,189 - main - DEBUG - 감지된 얼굴 수: 0
2024-11-19 17:44:12,205 - main - DEBUG - 얼굴 감지 시도
2024-11-19 17:44:12,307 - main - DEBUG - 감지된 얼굴 수: 0
2024-11-19 17:44:12,317 - main - DEBUG - 얼굴 감지 시도
2024-11-19 17:44:12,419 - main - DEBUG - 감지된 얼굴 수: 0
2024-11-19 17:44:12,436 - main - DEBUG - 얼굴 감지 시도
2024-11-19 17:44:12,542 - main - DEBUG - 감지된 얼굴 수: 0
2024-11-19 17:44:12,552 - main - DEBUG - 얼굴 감지 시도
2024-11-19 17:44:12,657 - main - DEBUG - 감지된 얼굴 수: 0
2024-11-19 17:44:12,670 - main - DEBUG - 얼굴 감지 시도
2024-11-19 17:44:12,771 - main - DEBUG - 감지된 얼굴 수: 0
2024-11-19 17:44:12,782 - main - DEBUG - 얼굴 감지 시도
2024-11-19 17:44:12,885 - main - DEBUG - 감지된 얼굴 수: 0
2024-11-19 17:44:12,902 - main - DEBUG - 얼굴 감지 시도
2024-11-19 17:44:13,004 - main - DEBUG - 감지된 얼굴 수: 0
2024-11-19 17:44:13,016 - main - DEBUG - 얼굴 감지 시도
2024-11-19 17:44:13,118 - main - DEBUG - 감지된 얼굴 수: 0
2024-11-19 17:44:13,133 - main - DEBUG - 얼굴 감지 시도
2024-11-19 17:44:13,236 - main - DEBUG - 감지된 얼굴 수: 0
2024-11-19 17:44:13,248 - main - DEBUG - 얼굴 감지 시도
2024-11-19 17:44:13,350 - main - DEBUG - 감지된 얼굴 수: 0
2024-11-19 17:44:13,367 - main - DEBUG - 얼굴 감지 시도
2024-11-19 17:44:13,472 - main - DEBUG - 감지된 얼굴 수: 0
2024-11-19 17:44:13,485 - main - DEBUG - 얼굴 감지 시도
2024-11-19 17:44:13,586 - main - DEBUG - 감지된 얼굴 수: 0
2024-11-19 17:44:13,597 - main - DEBUG - 얼굴 감지 시도
2024-11-19 17:44:13,698 - main - DEBUG - 감지된 얼굴 수: 0
2024-11-19 17:44:13,716 - main - DEBUG - 얼굴 감지 시도
2024-11-19 17:44:13,818 - main - DEBUG - 감지된 얼굴 수: 0
2024-11-19 17:44:13,835 - main - DEBUG - 얼굴 감지 시도
2024-11-19 17:44:13,937 - main - DEBUG - 감지된 얼굴 수: 0
2024-11-19 17:44:13,949 - main - DEBUG - 얼굴 감지 시도
2024-11-19 17:44:14,050 - main - DEBUG - 감지된 얼굴 수: 0
2024-11-19 17:44:14,066 - main - DEBUG - 얼굴 감지 시도
2024-11-19 17:44:14,168 - main - DEBUG - 감지된 얼굴 수: 0
2024-11-19 17:44:14,178 - main - DEBUG - 얼굴 감지 시도
2024-11-19 17:44:14,279 - main - DEBUG - 감지된 얼굴 수: 0
2024-11-19 17:44:14,296 - main - DEBUG - 얼굴 감지 시도
2024-11-19 17:44:14,397 - main - DEBUG - 감지된 얼굴 수: 0
2024-11-19 17:44:14,407 - main - DEBUG - 얼굴 감지 시도
2024-11-19 17:44:14,512 - main - DEBUG - 감지된 얼굴 수: 0
2024-11-19 17:44:14,529 - main - DEBUG - 얼굴 감지 시도
2024-11-19 17:44:14,630 - main - DEBUG - 감지된 얼굴 수: 0
2024-11-19 17:44:14,641 - main - DEBUG - 얼굴 감지 시도
2024-11-19 17:44:14,743 - main - DEBUG - 감지된 얼굴 수: 0
2024-11-19 17:44:14,755 - main - DEBUG - 얼굴 감지 시도
2024-11-19 17:44:14,860 - main - DEBUG - 감지된 얼굴 수: 0
2024-11-19 17:44:14,877 - main - DEBUG - 얼굴 감지 시도
2024-11-19 17:44:14,978 - main - DEBUG - 감지된 얼굴 수: 0
2024-11-19 17:44:14,990 - main - DEBUG - 얼굴 감지 시도
2024-11-19 17:44:15,095 - main - DEBUG - 감지된 얼굴 수: 0
2024-11-19 17:44:15,107 - main - DEBUG - 얼굴 감지 시도
2024-11-19 17:44:15,210 - main - DEBUG - 감지된 얼굴 수: 0
2024-11-19 17:44:15,224 - main - DEBUG - 얼굴 감지 시도
2024-11-19 17:44:15,326 - main - DEBUG - 감지된 얼굴 수: 0
2024-11-19 17:44:15,341 - main - DEBUG - 얼굴 감지 시도
2024-11-19 17:44:15,445 - main - DEBUG - 감지된 얼굴 수: 0
2024-11-19 17:44:15,457 - main - DEBUG - 얼굴 감지 시도
2024-11-19 17:44:15,562 - main - DEBUG - 감지된 얼굴 수: 0
2024-11-19 17:44:15,574 - main - DEBUG - 얼굴 감지 시도
2024-11-19 17:44:15,677 - main - DEBUG - 감지된 얼굴 수: 0
2024-11-19 17:44:15,691 - main - DEBUG - 얼굴 감지 시도
2024-11-19 17:44:15,795 - main - DEBUG - 감지된 얼굴 수: 0
2024-11-19 17:44:15,806 - main - DEBUG - 얼굴 감지 시도
2024-11-19 17:44:15,907 - main - DEBUG - 감지된 얼굴 수: 0
2024-11-19 17:44:15,924 - main - DEBUG - 얼굴 감지 시도
2024-11-19 17:44:16,026 - main - DEBUG - 감지된 얼굴 수: 0
2024-11-19 17:44:16,041 - main - DEBUG - 얼굴 감지 시도
2024-11-19 17:44:16,143 - main - DEBUG - 감지된 얼굴 수: 0
2024-11-19 17:44:16,153 - main - DEBUG - 얼굴 감지 시도
2024-11-19 17:44:16,254 - main - DEBUG - 감지된 얼굴 수: 0
2024-11-19 17:44:16,271 - main - DEBUG - 얼굴 감지 시도
2024-11-19 17:44:16,372 - main - DEBUG - 감지된 얼굴 수: 0
2024-11-19 17:44:16,384 - main - DEBUG - 얼굴 감지 시도
2024-11-19 17:44:16,490 - main - DEBUG - 감지된 얼굴 수: 0
2024-11-19 17:44:16,505 - main - DEBUG - 얼굴 감지 시도
2024-11-19 17:44:16,606 - main - DEBUG - 감지된 얼굴 수: 0
2024-11-19 17:44:16,616 - main - DEBUG - 얼굴 감지 시도
2024-11-19 17:44:16,717 - main - DEBUG - 감지된 얼굴 수: 0
2024-11-19 17:44:16,731 - main - DEBUG - 얼굴 감지 시도
2024-11-19 17:44:16,833 - main - DEBUG - 감지된 얼굴 수: 0
2024-11-19 17:44:16,843 - main - DEBUG - 얼굴 감지 시도
2024-11-19 17:44:16,947 - main - DEBUG - 감지된 얼굴 수: 0
2024-11-19 17:44:16,964 - main - DEBUG - 얼굴 감지 시도
2024-11-19 17:44:17,066 - main - DEBUG - 감지된 얼굴 수: 0
2024-11-19 17:44:17,075 - main - DEBUG - 얼굴 감지 시도
2024-11-19 17:44:17,178 - main - DEBUG - 감지된 얼굴 수: 0
2024-11-19 17:44:17,195 - main - DEBUG - 얼굴 감지 시도
2024-11-19 17:44:17,296 - main - DEBUG - 감지된 얼굴 수: 0
2024-11-19 17:44:17,311 - main - DEBUG - 얼굴 감지 시도
2024-11-19 17:44:17,418 - main - DEBUG - 감지된 얼굴 수: 0
2024-11-19 17:44:17,435 - main - DEBUG - 얼굴 감지 시도
2024-11-19 17:44:17,536 - main - DEBUG - 감지된 얼굴 수: 0
2024-11-19 17:44:17,548 - main - DEBUG - 얼굴 감지 시도
2024-11-19 17:44:17,649 - main - DEBUG - 감지된 얼굴 수: 0
2024-11-19 17:44:17,662 - main - DEBUG - 얼굴 감지 시도
2024-11-19 17:44:17,763 - main - DEBUG - 감지된 얼굴 수: 0
2024-11-19 17:44:17,776 - main - DEBUG - 얼굴 감지 시도
2024-11-19 17:44:17,878 - main - DEBUG - 감지된 얼굴 수: 0
2024-11-19 17:44:17,893 - main - DEBUG - 얼굴 감지 시도
2024-11-19 17:44:17,999 - main - DEBUG - 감지된 얼굴 수: 0
2024-11-19 17:44:18,011 - main - DEBUG - 얼굴 감지 시도
2024-11-19 17:44:18,112 - main - DEBUG - 감지된 얼굴 수: 1
2024-11-19 17:44:18,131 - main - DEBUG - 얼굴 감지 시도
2024-11-19 17:44:18,232 - main - DEBUG - 감지된 얼굴 수: 1
2024-11-19 17:44:18,247 - main - DEBUG - 얼굴 감지 시도
2024-11-19 17:44:18,349 - main - DEBUG - 감지된 얼굴 수: 1
2024-11-19 17:44:18,365 - main - DEBUG - 얼굴 감지 시도
2024-11-19 17:44:18,467 - main - DEBUG - 감지된 얼굴 수: 1
2024-11-19 17:44:18,483 - main - DEBUG - 얼굴 감지 시도
2024-11-19 17:44:18,585 - main - DEBUG - 감지된 얼굴 수: 0
2024-11-19 17:44:18,599 - main - DEBUG - 얼굴 감지 시도
2024-11-19 17:44:18,701 - main - DEBUG - 감지된 얼굴 수: 0
2024-11-19 17:44:18,711 - main - DEBUG - 얼굴 감지 시도
2024-11-19 17:44:18,814 - main - DEBUG - 감지된 얼굴 수: 0
2024-11-19 17:44:18,830 - main - DEBUG - 얼굴 감지 시도
2024-11-19 17:44:18,933 - main - DEBUG - 감지된 얼굴 수: 0
2024-11-19 17:44:18,943 - main - DEBUG - 얼굴 감지 시도
2024-11-19 17:44:19,048 - main - DEBUG - 감지된 얼굴 수: 0
2024-11-19 17:44:19,063 - main - DEBUG - 얼굴 감지 시도
2024-11-19 17:44:19,164 - main - DEBUG - 감지된 얼굴 수: 0
2024-11-19 17:44:19,175 - main - DEBUG - 얼굴 감지 시도
2024-11-19 17:44:19,277 - main - DEBUG - 감지된 얼굴 수: 0
2024-11-19 17:44:19,293 - main - DEBUG - 얼굴 감지 시도
2024-11-19 17:44:19,398 - main - DEBUG - 감지된 얼굴 수: 0
2024-11-19 17:44:19,408 - main - DEBUG - 얼굴 감지 시도
2024-11-19 17:44:19,513 - main - DEBUG - 감지된 얼굴 수: 0
2024-11-19 17:44:19,531 - main - DEBUG - 얼굴 감지 시도
2024-11-19 17:44:19,633 - main - DEBUG - 감지된 얼굴 수: 0
2024-11-19 17:44:19,643 - main - DEBUG - 얼굴 감지 시도
2024-11-19 17:44:19,744 - main - DEBUG - 감지된 얼굴 수: 0
2024-11-19 17:44:19,759 - main - DEBUG - 얼굴 감지 시도
2024-11-19 17:44:19,861 - main - DEBUG - 감지된 얼굴 수: 0
2024-11-19 17:44:19,871 - main - DEBUG - 얼굴 감지 시도
2024-11-19 17:44:19,972 - main - DEBUG - 감지된 얼굴 수: 0
2024-11-19 17:44:19,989 - main - DEBUG - 얼굴 감지 시도
2024-11-19 17:44:20,091 - main - DEBUG - 감지된 얼굴 수: 0
2024-11-19 17:44:20,106 - main - DEBUG - 얼굴 감지 시도
2024-11-19 17:44:20,210 - main - DEBUG - 감지된 얼굴 수: 0
2024-11-19 17:44:20,224 - main - DEBUG - 얼굴 감지 시도
2024-11-19 17:44:20,326 - main - DEBUG - 감지된 얼굴 수: 0
2024-11-19 17:44:20,338 - main - DEBUG - 얼굴 감지 시도
2024-11-19 17:44:20,442 - main - DEBUG - 감지된 얼굴 수: 0
2024-11-19 17:44:20,459 - main - DEBUG - 얼굴 감지 시도
2024-11-19 17:44:20,560 - main - DEBUG - 감지된 얼굴 수: 0
2024-11-19 17:44:20,576 - main - DEBUG - 얼굴 감지 시도
2024-11-19 17:44:20,678 - main - DEBUG - 감지된 얼굴 수: 0
2024-11-19 17:44:20,696 - main - DEBUG - 얼굴 감지 시도
2024-11-19 17:44:20,803 - main - DEBUG - 감지된 얼굴 수: 0
2024-11-19 17:44:20,814 - main - DEBUG - 얼굴 감지 시도
2024-11-19 17:44:20,920 - main - DEBUG - 감지된 얼굴 수: 0
2024-11-19 17:44:20,937 - main - DEBUG - 얼굴 감지 시도
2024-11-19 17:44:21,042 - main - DEBUG - 감지된 얼굴 수: 0
2024-11-19 17:44:21,054 - main - DEBUG - 얼굴 감지 시도
2024-11-19 17:44:21,157 - main - DEBUG - 감지된 얼굴 수: 0
2024-11-19 17:44:21,168 - main - DEBUG - 얼굴 감지 시도
2024-11-19 17:44:21,269 - main - DEBUG - 감지된 얼굴 수: 0
2024-11-19 17:44:21,287 - main - DEBUG - 얼굴 감지 시도
2024-11-19 17:44:21,388 - main - DEBUG - 감지된 얼굴 수: 0
2024-11-19 17:44:21,406 - main - DEBUG - 얼굴 감지 시도
2024-11-19 17:44:21,508 - main - DEBUG - 감지된 얼굴 수: 0
2024-11-19 17:44:21,520 - main - DEBUG - 얼굴 감지 시도
2024-11-19 17:44:21,625 - main - DEBUG - 감지된 얼굴 수: 0
2024-11-19 17:44:21,640 - main - DEBUG - 얼굴 감지 시도
2024-11-19 17:44:21,742 - main - DEBUG - 감지된 얼굴 수: 0
2024-11-19 17:44:21,752 - main - DEBUG - 얼굴 감지 시도
2024-11-19 17:44:21,853 - main - DEBUG - 감지된 얼굴 수: 0
2024-11-19 17:44:21,868 - main - DEBUG - 얼굴 감지 시도
2024-11-19 17:44:21,972 - main - DEBUG - 감지된 얼굴 수: 0
2024-11-19 17:44:21,982 - main - DEBUG - 얼굴 감지 시도
2024-11-19 17:44:22,083 - main - DEBUG - 감지된 얼굴 수: 0
2024-11-19 17:44:22,101 - main - DEBUG - 얼굴 감지 시도
2024-11-19 17:44:22,203 - main - DEBUG - 감지된 얼굴 수: 0
2024-11-19 17:44:22,216 - main - DEBUG - 얼굴 감지 시도
2024-11-19 17:44:22,318 - main - DEBUG - 감지된 얼굴 수: 0
2024-11-19 17:44:22,333 - main - DEBUG - 얼굴 감지 시도
2024-11-19 17:44:22,435 - main - DEBUG - 감지된 얼굴 수: 0
2024-11-19 17:44:22,445 - main - DEBUG - 얼굴 감지 시도
2024-11-19 17:44:22,550 - main - DEBUG - 감지된 얼굴 수: 0
2024-11-19 17:44:22,567 - main - DEBUG - 얼굴 감지 시도
2024-11-19 17:44:22,669 - main - DEBUG - 감지된 얼굴 수: 0
2024-11-19 17:44:22,682 - main - DEBUG - 얼굴 감지 시도
2024-11-19 17:44:22,785 - main - DEBUG - 감지된 얼굴 수: 0
2024-11-19 17:44:22,797 - main - DEBUG - 얼굴 감지 시도
2024-11-19 17:44:22,898 - main - DEBUG - 감지된 얼굴 수: 0
2024-11-19 17:44:22,912 - main - DEBUG - 얼굴 감지 시도
2024-11-19 17:44:23,015 - main - DEBUG - 감지된 얼굴 수: 0
2024-11-19 17:44:23,032 - main - DEBUG - 얼굴 감지 시도
2024-11-19 17:44:23,133 - main - DEBUG - 감지된 얼굴 수: 0
2024-11-19 17:44:23,144 - main - DEBUG - 얼굴 감지 시도
2024-11-19 17:44:23,247 - main - DEBUG - 감지된 얼굴 수: 0
2024-11-19 17:44:23,262 - main - DEBUG - 얼굴 감지 시도
2024-11-19 17:44:23,364 - main - DEBUG - 감지된 얼굴 수: 0
2024-11-19 17:44:23,376 - main - DEBUG - 얼굴 감지 시도
2024-11-19 17:44:23,478 - main - DEBUG - 감지된 얼굴 수: 0
2024-11-19 17:44:23,492 - main - DEBUG - 얼굴 감지 시도
2024-11-19 17:44:23,593 - main - DEBUG - 감지된 얼굴 수: 1
2024-11-19 17:44:23,609 - main - DEBUG - 얼굴 감지 시도
2024-11-19 17:44:23,711 - main - DEBUG - 감지된 얼굴 수: 0
2024-11-19 17:44:23,729 - main - DEBUG - 얼굴 감지 시도
2024-11-19 17:44:23,834 - main - DEBUG - 감지된 얼굴 수: 0
2024-11-19 17:44:23,845 - main - DEBUG - 얼굴 감지 시도
2024-11-19 17:44:23,949 - main - DEBUG - 감지된 얼굴 수: 1
2024-11-19 17:44:23,965 - main - DEBUG - 얼굴 감지 시도
2024-11-19 17:44:24,066 - main - DEBUG - 감지된 얼굴 수: 1
2024-11-19 17:44:24,084 - main - DEBUG - 얼굴 감지 시도
2024-11-19 17:44:24,185 - main - DEBUG - 감지된 얼굴 수: 1
2024-11-19 17:44:24,207 - main - DEBUG - 얼굴 감지 시도
2024-11-19 17:44:24,310 - main - DEBUG - 감지된 얼굴 수: 1
2024-11-19 17:44:24,326 - main - DEBUG - 얼굴 감지 시도
2024-11-19 17:44:24,444 - main - DEBUG - 감지된 얼굴 수: 1
2024-11-19 17:44:24,464 - main - DEBUG - 얼굴 감지 시도
2024-11-19 17:44:24,566 - main - DEBUG - 감지된 얼굴 수: 1
2024-11-19 17:44:24,581 - main - DEBUG - 얼굴 감지 시도
2024-11-19 17:44:24,686 - main - DEBUG - 감지된 얼굴 수: 1
2024-11-19 17:44:24,703 - main - DEBUG - 얼굴 감지 시도
2024-11-19 17:44:24,806 - main - DEBUG - 감지된 얼굴 수: 1
2024-11-19 17:44:24,825 - main - DEBUG - 얼굴 감지 시도
2024-11-19 17:44:24,927 - main - DEBUG - 감지된 얼굴 수: 1
2024-11-19 17:44:24,944 - main - DEBUG - 얼굴 감지 시도
2024-11-19 17:44:25,047 - main - DEBUG - 감지된 얼굴 수: 1
2024-11-19 17:44:25,070 - main - DEBUG - 얼굴 감지 시도
2024-11-19 17:44:25,176 - main - DEBUG - 감지된 얼굴 수: 0
2024-11-19 17:44:25,190 - main - DEBUG - 얼굴 감지 시도
2024-11-19 17:44:25,292 - main - DEBUG - 감지된 얼굴 수: 0
2024-11-19 17:44:25,308 - main - DEBUG - 얼굴 감지 시도
2024-11-19 17:44:25,409 - main - DEBUG - 감지된 얼굴 수: 0
2024-11-19 17:44:25,423 - main - DEBUG - 얼굴 감지 시도
2024-11-19 17:44:25,524 - main - DEBUG - 감지된 얼굴 수: 0
2024-11-19 17:44:25,536 - main - DEBUG - 얼굴 감지 시도
2024-11-19 17:44:25,640 - main - DEBUG - 감지된 얼굴 수: 0
2024-11-19 17:44:25,658 - main - DEBUG - 얼굴 감지 시도
2024-11-19 17:44:25,760 - main - DEBUG - 감지된 얼굴 수: 0
2024-11-19 17:44:25,773 - main - DEBUG - 얼굴 감지 시도
2024-11-19 17:44:25,880 - main - DEBUG - 감지된 얼굴 수: 0
2024-11-19 17:44:25,890 - main - DEBUG - 얼굴 감지 시도
2024-11-19 17:44:25,991 - main - DEBUG - 감지된 얼굴 수: 0
2024-11-19 17:44:26,007 - main - DEBUG - 얼굴 감지 시도
2024-11-19 17:44:26,112 - main - DEBUG - 감지된 얼굴 수: 0
2024-11-19 17:44:26,123 - main - DEBUG - 얼굴 감지 시도
2024-11-19 17:44:26,227 - main - DEBUG - 감지된 얼굴 수: 0
2024-11-19 17:44:26,237 - main - DEBUG - 얼굴 감지 시도
2024-11-19 17:44:26,339 - main - DEBUG - 감지된 얼굴 수: 0
2024-11-19 17:44:26,349 - main - DEBUG - 얼굴 감지 시도
2024-11-19 17:44:26,452 - main - DEBUG - 감지된 얼굴 수: 0
2024-11-19 17:44:26,467 - main - DEBUG - 얼굴 감지 시도
2024-11-19 17:44:26,568 - main - DEBUG - 감지된 얼굴 수: 0
2024-11-19 17:44:26,579 - main - DEBUG - 얼굴 감지 시도
2024-11-19 17:44:26,681 - main - DEBUG - 감지된 얼굴 수: 0
2024-11-19 17:44:26,698 - main - DEBUG - 얼굴 감지 시도
2024-11-19 17:44:26,799 - main - DEBUG - 감지된 얼굴 수: 0
2024-11-19 17:44:26,812 - main - DEBUG - 얼굴 감지 시도
2024-11-19 17:44:26,915 - main - DEBUG - 감지된 얼굴 수: 0
2024-11-19 17:44:26,930 - main - DEBUG - 얼굴 감지 시도
2024-11-19 17:44:27,031 - main - DEBUG - 감지된 얼굴 수: 0
2024-11-19 17:44:27,044 - main - DEBUG - 얼굴 감지 시도
2024-11-19 17:44:27,146 - main - DEBUG - 감지된 얼굴 수: 0
2024-11-19 17:44:27,161 - main - DEBUG - 얼굴 감지 시도
2024-11-19 17:44:27,263 - main - DEBUG - 감지된 얼굴 수: 0
2024-11-19 17:44:27,276 - main - DEBUG - 얼굴 감지 시도
2024-11-19 17:44:27,380 - main - DEBUG - 감지된 얼굴 수: 0
2024-11-19 17:44:27,391 - main - DEBUG - 얼굴 감지 시도
2024-11-19 17:44:27,492 - main - DEBUG - 감지된 얼굴 수: 0
2024-11-19 17:44:27,502 - main - DEBUG - 얼굴 감지 시도
2024-11-19 17:44:27,605 - main - DEBUG - 감지된 얼굴 수: 0
2024-11-19 17:44:27,622 - main - DEBUG - 얼굴 감지 시도
2024-11-19 17:44:27,725 - main - DEBUG - 감지된 얼굴 수: 0
2024-11-19 17:44:27,744 - main - DEBUG - 얼굴 감지 시도
2024-11-19 17:44:27,848 - main - DEBUG - 감지된 얼굴 수: 0
2024-11-19 17:44:27,858 - main - DEBUG - 얼굴 감지 시도
2024-11-19 17:44:27,965 - main - DEBUG - 감지된 얼굴 수: 0
2024-11-19 17:44:27,977 - main - DEBUG - 얼굴 감지 시도
2024-11-19 17:44:28,081 - main - DEBUG - 감지된 얼굴 수: 0
2024-11-19 17:44:28,097 - main - DEBUG - 얼굴 감지 시도
2024-11-19 17:44:28,199 - main - DEBUG - 감지된 얼굴 수: 0
2024-11-19 17:44:28,208 - main - DEBUG - 얼굴 감지 시도
2024-11-19 17:44:28,311 - main - DEBUG - 감지된 얼굴 수: 0
2024-11-19 17:44:28,328 - main - DEBUG - 얼굴 감지 시도
2024-11-19 17:44:28,430 - main - DEBUG - 감지된 얼굴 수: 0
2024-11-19 17:44:28,444 - main - DEBUG - 얼굴 감지 시도
2024-11-19 17:44:28,546 - main - DEBUG - 감지된 얼굴 수: 0
2024-11-19 17:44:28,555 - main - DEBUG - 얼굴 감지 시도
2024-11-19 17:44:28,661 - main - DEBUG - 감지된 얼굴 수: 0
2024-11-19 17:44:28,670 - main - DEBUG - 얼굴 감지 시도
2024-11-19 17:44:28,775 - main - DEBUG - 감지된 얼굴 수: 0
2024-11-19 17:44:28,792 - main - DEBUG - 얼굴 감지 시도
2024-11-19 17:44:28,900 - main - DEBUG - 감지된 얼굴 수: 0
2024-11-19 17:44:28,909 - main - DEBUG - 얼굴 감지 시도
2024-11-19 17:44:29,011 - main - DEBUG - 감지된 얼굴 수: 0
2024-11-19 17:44:29,025 - main - DEBUG - 얼굴 감지 시도
2024-11-19 17:44:29,130 - main - DEBUG - 감지된 얼굴 수: 0
2024-11-19 17:44:29,139 - main - DEBUG - 얼굴 감지 시도
2024-11-19 17:44:29,241 - main - DEBUG - 감지된 얼굴 수: 1
2024-11-19 17:44:29,255 - main - DEBUG - 얼굴 감지 시도
2024-11-19 17:44:29,358 - main - DEBUG - 감지된 얼굴 수: 1
2024-11-19 17:44:29,374 - main - DEBUG - 얼굴 감지 시도
2024-11-19 17:44:29,477 - main - DEBUG - 감지된 얼굴 수: 1
2024-11-19 17:44:29,499 - main - DEBUG - 얼굴 감지 시도
2024-11-19 17:44:29,600 - main - DEBUG - 감지된 얼굴 수: 0
2024-11-19 17:44:29,609 - main - DEBUG - 얼굴 감지 시도
2024-11-19 17:44:29,713 - main - DEBUG - 감지된 얼굴 수: 0
2024-11-19 17:44:29,727 - main - DEBUG - 얼굴 감지 시도
2024-11-19 17:44:29,829 - main - DEBUG - 감지된 얼굴 수: 0
2024-11-19 17:44:29,842 - main - DEBUG - 얼굴 감지 시도
2024-11-19 17:44:29,947 - main - DEBUG - 감지된 얼굴 수: 0
2024-11-19 17:44:29,963 - main - DEBUG - 얼굴 감지 시도
2024-11-19 17:44:30,065 - main - DEBUG - 감지된 얼굴 수: 0
2024-11-19 17:44:30,080 - main - DEBUG - 얼굴 감지 시도
2024-11-19 17:44:30,182 - main - DEBUG - 감지된 얼굴 수: 0
2024-11-19 17:44:30,197 - main - DEBUG - 얼굴 감지 시도
2024-11-19 17:44:30,301 - main - DEBUG - 감지된 얼굴 수: 0
2024-11-19 17:44:30,312 - main - DEBUG - 얼굴 감지 시도
2024-11-19 17:44:30,414 - main - DEBUG - 감지된 얼굴 수: 0
2024-11-19 17:44:30,432 - main - DEBUG - 얼굴 감지 시도
2024-11-19 17:44:30,538 - main - DEBUG - 감지된 얼굴 수: 0
2024-11-19 17:44:30,551 - main - DEBUG - 얼굴 감지 시도
2024-11-19 17:44:30,654 - main - DEBUG - 감지된 얼굴 수: 0
2024-11-19 17:44:30,671 - main - DEBUG - 얼굴 감지 시도
2024-11-19 17:44:30,773 - main - DEBUG - 감지된 얼굴 수: 0
2024-11-19 17:44:30,783 - main - DEBUG - 얼굴 감지 시도
2024-11-19 17:44:30,884 - main - DEBUG - 감지된 얼굴 수: 1
2024-11-19 17:44:30,904 - main - DEBUG - 얼굴 감지 시도
2024-11-19 17:44:31,006 - main - DEBUG - 감지된 얼굴 수: 1
2024-11-19 17:44:31,022 - main - DEBUG - 얼굴 감지 시도
2024-11-19 17:44:31,124 - main - DEBUG - 감지된 얼굴 수: 1
2024-11-19 17:44:31,139 - main - DEBUG - 얼굴 감지 시도
2024-11-19 17:44:31,242 - main - DEBUG - 감지된 얼굴 수: 1
2024-11-19 17:44:31,262 - main - DEBUG - 얼굴 감지 시도
2024-11-19 17:44:31,363 - main - DEBUG - 감지된 얼굴 수: 1
2024-11-19 17:44:31,378 - main - DEBUG - 얼굴 감지 시도
2024-11-19 17:44:31,490 - main - DEBUG - 감지된 얼굴 수: 1
2024-11-19 17:44:31,508 - main - DEBUG - 얼굴 감지 시도
2024-11-19 17:44:31,610 - main - DEBUG - 감지된 얼굴 수: 1
2024-11-19 17:44:31,631 - main - DEBUG - 얼굴 감지 시도
2024-11-19 17:44:31,733 - main - DEBUG - 감지된 얼굴 수: 1
2024-11-19 17:44:31,749 - main - DEBUG - 얼굴 감지 시도
2024-11-19 17:44:31,850 - main - DEBUG - 감지된 얼굴 수: 1
2024-11-19 17:44:31,869 - main - DEBUG - 얼굴 감지 시도
2024-11-19 17:44:31,972 - main - DEBUG - 감지된 얼굴 수: 1
2024-11-19 17:44:31,990 - main - DEBUG - 얼굴 감지 시도
2024-11-19 17:44:32,091 - main - DEBUG - 감지된 얼굴 수: 1
2024-11-19 17:44:32,107 - main - DEBUG - 얼굴 감지 시도
2024-11-19 17:44:32,208 - main - DEBUG - 감지된 얼굴 수: 0
2024-11-19 17:44:32,223 - main - DEBUG - 얼굴 감지 시도
2024-11-19 17:44:32,325 - main - DEBUG - 감지된 얼굴 수: 0
2024-11-19 17:44:32,338 - main - DEBUG - 얼굴 감지 시도
2024-11-19 17:44:32,441 - main - DEBUG - 감지된 얼굴 수: 0
2024-11-19 17:44:32,456 - main - DEBUG - 얼굴 감지 시도
2024-11-19 17:44:32,561 - main - DEBUG - 감지된 얼굴 수: 0
2024-11-19 17:44:32,572 - main - DEBUG - 얼굴 감지 시도
2024-11-19 17:44:32,674 - main - DEBUG - 감지된 얼굴 수: 0
2024-11-19 17:44:32,683 - main - DEBUG - 얼굴 감지 시도
2024-11-19 17:44:32,788 - main - DEBUG - 감지된 얼굴 수: 0
2024-11-19 17:44:32,803 - main - DEBUG - 얼굴 감지 시도
2024-11-19 17:44:32,907 - main - DEBUG - 감지된 얼굴 수: 1
2024-11-19 17:44:32,929 - main - DEBUG - 얼굴 감지 시도
2024-11-19 17:44:33,030 - main - DEBUG - 감지된 얼굴 수: 0
2024-11-19 17:44:33,041 - main - DEBUG - 얼굴 감지 시도
2024-11-19 17:44:33,143 - main - DEBUG - 감지된 얼굴 수: 0
2024-11-19 17:44:33,157 - main - DEBUG - 얼굴 감지 시도
2024-11-19 17:44:33,259 - main - DEBUG - 감지된 얼굴 수: 0
2024-11-19 17:44:33,275 - main - DEBUG - 얼굴 감지 시도
2024-11-19 17:44:33,377 - main - DEBUG - 감지된 얼굴 수: 0
2024-11-19 17:44:33,395 - main - DEBUG - 얼굴 감지 시도
2024-11-19 17:44:33,496 - main - DEBUG - 감지된 얼굴 수: 0
2024-11-19 17:44:33,509 - main - DEBUG - 얼굴 감지 시도
2024-11-19 17:44:33,612 - main - DEBUG - 감지된 얼굴 수: 0
2024-11-19 17:44:33,627 - main - DEBUG - 얼굴 감지 시도
2024-11-19 17:44:33,728 - main - DEBUG - 감지된 얼굴 수: 0
2024-11-19 17:44:33,740 - main - DEBUG - 얼굴 감지 시도
2024-11-19 17:44:33,845 - main - DEBUG - 감지된 얼굴 수: 0
2024-11-19 17:44:33,858 - main - DEBUG - 얼굴 감지 시도
2024-11-19 17:44:33,960 - main - DEBUG - 감지된 얼굴 수: 0
2024-11-19 17:44:33,970 - main - DEBUG - 얼굴 감지 시도
2024-11-19 17:44:34,071 - main - DEBUG - 감지된 얼굴 수: 0
2024-11-19 17:44:34,088 - main - DEBUG - 얼굴 감지 시도
2024-11-19 17:44:34,189 - main - DEBUG - 감지된 얼굴 수: 0
2024-11-19 17:44:34,207 - main - DEBUG - 얼굴 감지 시도
2024-11-19 17:44:34,311 - main - DEBUG - 감지된 얼굴 수: 0
2024-11-19 17:44:34,324 - main - DEBUG - 얼굴 감지 시도
2024-11-19 17:44:34,425 - main - DEBUG - 감지된 얼굴 수: 0
2024-11-19 17:44:34,440 - main - DEBUG - 얼굴 감지 시도
2024-11-19 17:44:34,542 - main - DEBUG - 감지된 얼굴 수: 0
2024-11-19 17:44:34,552 - main - DEBUG - 얼굴 감지 시도
2024-11-19 17:44:34,655 - main - DEBUG - 감지된 얼굴 수: 0
2024-11-19 17:44:34,669 - main - DEBUG - 얼굴 감지 시도
2024-11-19 17:44:34,771 - main - DEBUG - 감지된 얼굴 수: 0
2024-11-19 17:44:34,783 - main - DEBUG - 얼굴 감지 시도
2024-11-19 17:44:34,885 - main - DEBUG - 감지된 얼굴 수: 0
2024-11-19 17:44:34,902 - main - DEBUG - 얼굴 감지 시도
2024-11-19 17:44:35,004 - main - DEBUG - 감지된 얼굴 수: 0
2024-11-19 17:44:35,015 - main - DEBUG - 얼굴 감지 시도
2024-11-19 17:44:35,117 - main - DEBUG - 감지된 얼굴 수: 0
2024-11-19 17:44:35,130 - main - DEBUG - 얼굴 감지 시도
2024-11-19 17:44:35,232 - main - DEBUG - 감지된 얼굴 수: 0
2024-11-19 17:44:35,245 - main - DEBUG - 얼굴 감지 시도
2024-11-19 17:44:35,351 - main - DEBUG - 감지된 얼굴 수: 0
2024-11-19 17:44:35,364 - main - DEBUG - 얼굴 감지 시도
2024-11-19 17:44:35,470 - main - DEBUG - 감지된 얼굴 수: 0
2024-11-19 17:44:35,483 - main - DEBUG - 얼굴 감지 시도
2024-11-19 17:44:35,587 - main - DEBUG - 감지된 얼굴 수: 0
2024-11-19 17:44:35,600 - main - DEBUG - 얼굴 감지 시도
2024-11-19 17:44:35,701 - main - DEBUG - 감지된 얼굴 수: 0
2024-11-19 17:44:35,717 - main - DEBUG - 얼굴 감지 시도
2024-11-19 17:44:35,822 - main - DEBUG - 감지된 얼굴 수: 0
2024-11-19 17:44:35,836 - main - DEBUG - 얼굴 감지 시도
2024-11-19 17:44:35,938 - main - DEBUG - 감지된 얼굴 수: 0
2024-11-19 17:44:35,948 - main - DEBUG - 얼굴 감지 시도
2024-11-19 17:44:36,054 - main - DEBUG - 감지된 얼굴 수: 0
2024-11-19 17:44:36,070 - main - DEBUG - 얼굴 감지 시도
2024-11-19 17:44:36,171 - main - DEBUG - 감지된 얼굴 수: 0
2024-11-19 17:44:36,183 - main - DEBUG - 얼굴 감지 시도
2024-11-19 17:44:36,286 - main - DEBUG - 감지된 얼굴 수: 0
2024-11-19 17:44:36,300 - main - DEBUG - 얼굴 감지 시도
2024-11-19 17:44:36,401 - main - DEBUG - 감지된 얼굴 수: 0
2024-11-19 17:44:36,415 - main - DEBUG - 얼굴 감지 시도
2024-11-19 17:44:36,516 - main - DEBUG - 감지된 얼굴 수: 0
2024-11-19 17:44:36,532 - main - DEBUG - 얼굴 감지 시도
2024-11-19 17:44:36,635 - main - DEBUG - 감지된 얼굴 수: 0
2024-11-19 17:44:36,647 - main - DEBUG - 얼굴 감지 시도
2024-11-19 17:44:36,753 - main - DEBUG - 감지된 얼굴 수: 0
2024-11-19 17:44:36,765 - main - DEBUG - 얼굴 감지 시도
2024-11-19 17:44:36,867 - main - DEBUG - 감지된 얼굴 수: 0
2024-11-19 17:44:36,877 - main - DEBUG - 얼굴 감지 시도
2024-11-19 17:44:36,978 - main - DEBUG - 감지된 얼굴 수: 0
2024-11-19 17:44:36,996 - main - DEBUG - 얼굴 감지 시도
2024-11-19 17:44:37,097 - main - DEBUG - 감지된 얼굴 수: 0
2024-11-19 17:44:37,108 - main - DEBUG - 얼굴 감지 시도
2024-11-19 17:44:37,211 - main - DEBUG - 감지된 얼굴 수: 0
2024-11-19 17:44:37,226 - main - DEBUG - 얼굴 감지 시도
2024-11-19 17:44:37,328 - main - DEBUG - 감지된 얼굴 수: 0
2024-11-19 17:44:37,341 - main - DEBUG - 얼굴 감지 시도
2024-11-19 17:44:37,445 - main - DEBUG - 감지된 얼굴 수: 0
2024-11-19 17:44:37,457 - main - DEBUG - 얼굴 감지 시도
2024-11-19 17:44:37,562 - main - DEBUG - 감지된 얼굴 수: 0
2024-11-19 17:44:37,576 - main - DEBUG - 얼굴 감지 시도
2024-11-19 17:44:37,679 - main - DEBUG - 감지된 얼굴 수: 0
2024-11-19 17:44:37,694 - main - DEBUG - 얼굴 감지 시도
2024-11-19 17:44:37,795 - main - DEBUG - 감지된 얼굴 수: 1
2024-11-19 17:44:37,811 - main - DEBUG - 얼굴 감지 시도
2024-11-19 17:44:37,913 - main - DEBUG - 감지된 얼굴 수: 1
2024-11-19 17:44:37,932 - main - DEBUG - 얼굴 감지 시도
2024-11-19 17:44:38,033 - main - DEBUG - 감지된 얼굴 수: 1
2024-11-19 17:44:38,049 - main - DEBUG - 얼굴 감지 시도
2024-11-19 17:44:38,152 - main - DEBUG - 감지된 얼굴 수: 1
2024-11-19 17:44:38,170 - main - DEBUG - 얼굴 감지 시도
2024-11-19 17:44:38,272 - main - DEBUG - 감지된 얼굴 수: 1
2024-11-19 17:44:38,287 - main - DEBUG - 얼굴 감지 시도
2024-11-19 17:44:38,388 - main - DEBUG - 감지된 얼굴 수: 0
2024-11-19 17:44:38,402 - main - DEBUG - 얼굴 감지 시도
2024-11-19 17:44:38,511 - main - DEBUG - 감지된 얼굴 수: 0
2024-11-19 17:44:38,529 - main - DEBUG - 얼굴 감지 시도
2024-11-19 17:44:38,632 - main - DEBUG - 감지된 얼굴 수: 0
2024-11-19 17:44:38,644 - main - DEBUG - 얼굴 감지 시도
2024-11-19 17:44:38,748 - main - DEBUG - 감지된 얼굴 수: 1
2024-11-19 17:44:38,765 - main - DEBUG - 얼굴 감지 시도
2024-11-19 17:44:38,866 - main - DEBUG - 감지된 얼굴 수: 1
2024-11-19 17:44:38,883 - main - DEBUG - 얼굴 감지 시도
2024-11-19 17:44:38,985 - main - DEBUG - 감지된 얼굴 수: 1
2024-11-19 17:44:39,006 - main - DEBUG - 얼굴 감지 시도
2024-11-19 17:44:39,112 - main - DEBUG - 감지된 얼굴 수: 1
2024-11-19 17:44:39,127 - main - DEBUG - 얼굴 감지 시도
2024-11-19 17:44:39,229 - main - DEBUG - 감지된 얼굴 수: 1
2024-11-19 17:44:39,248 - main - DEBUG - 얼굴 감지 시도
2024-11-19 17:44:39,351 - main - DEBUG - 감지된 얼굴 수: 0
2024-11-19 17:44:39,369 - main - DEBUG - 얼굴 감지 시도
2024-11-19 17:44:39,470 - main - DEBUG - 감지된 얼굴 수: 1
2024-11-19 17:44:39,486 - main - DEBUG - 얼굴 감지 시도
2024-11-19 17:44:39,587 - main - DEBUG - 감지된 얼굴 수: 0
2024-11-19 17:44:39,601 - main - DEBUG - 얼굴 감지 시도
2024-11-19 17:44:39,702 - main - DEBUG - 감지된 얼굴 수: 0
2024-11-19 17:44:39,717 - main - DEBUG - 얼굴 감지 시도
2024-11-19 17:44:39,822 - main - DEBUG - 감지된 얼굴 수: 0
2024-11-19 17:44:39,835 - main - DEBUG - 얼굴 감지 시도
2024-11-19 17:44:39,941 - main - DEBUG - 감지된 얼굴 수: 0
2024-11-19 17:44:39,951 - main - DEBUG - 얼굴 감지 시도
2024-11-19 17:44:40,052 - main - DEBUG - 감지된 얼굴 수: 0
2024-11-19 17:44:40,067 - main - DEBUG - 얼굴 감지 시도
2024-11-19 17:44:40,172 - main - DEBUG - 감지된 얼굴 수: 0
2024-11-19 17:44:40,182 - main - DEBUG - 얼굴 감지 시도
2024-11-19 17:44:40,284 - main - DEBUG - 감지된 얼굴 수: 0
2024-11-19 17:44:40,299 - main - DEBUG - 얼굴 감지 시도
2024-11-19 17:44:40,400 - main - DEBUG - 감지된 얼굴 수: 0
2024-11-19 17:44:40,410 - main - DEBUG - 얼굴 감지 시도
2024-11-19 17:44:40,515 - main - DEBUG - 감지된 얼굴 수: 0
2024-11-19 17:44:40,530 - main - DEBUG - 얼굴 감지 시도
2024-11-19 17:44:40,632 - main - DEBUG - 감지된 얼굴 수: 0
2024-11-19 17:44:40,643 - main - DEBUG - 얼굴 감지 시도
2024-11-19 17:44:40,748 - main - DEBUG - 감지된 얼굴 수: 0
2024-11-19 17:44:40,764 - main - DEBUG - 얼굴 감지 시도
2024-11-19 17:44:40,865 - main - DEBUG - 감지된 얼굴 수: 0
2024-11-19 17:44:40,879 - main - DEBUG - 얼굴 감지 시도
2024-11-19 17:44:40,985 - main - DEBUG - 감지된 얼굴 수: 1
2024-11-19 17:44:41,005 - main - DEBUG - 얼굴 감지 시도
2024-11-19 17:44:41,109 - main - DEBUG - 감지된 얼굴 수: 1
2024-11-19 17:44:41,126 - main - DEBUG - 얼굴 감지 시도
2024-11-19 17:44:41,228 - main - DEBUG - 감지된 얼굴 수: 1
2024-11-19 17:44:41,243 - main - DEBUG - 얼굴 감지 시도
2024-11-19 17:44:41,347 - main - DEBUG - 감지된 얼굴 수: 1
2024-11-19 17:44:41,369 - main - DEBUG - 얼굴 감지 시도
2024-11-19 17:44:41,471 - main - DEBUG - 감지된 얼굴 수: 0
2024-11-19 17:44:41,482 - main - DEBUG - 얼굴 감지 시도
2024-11-19 17:44:41,585 - main - DEBUG - 감지된 얼굴 수: 0
2024-11-19 17:44:41,596 - main - DEBUG - 얼굴 감지 시도
2024-11-19 17:44:41,701 - main - DEBUG - 감지된 얼굴 수: 1
2024-11-19 17:44:41,724 - main - DEBUG - 얼굴 감지 시도
2024-11-19 17:44:41,825 - main - DEBUG - 감지된 얼굴 수: 1
2024-11-19 17:44:41,845 - main - DEBUG - 얼굴 감지 시도
2024-11-19 17:44:41,948 - main - DEBUG - 감지된 얼굴 수: 0
2024-11-19 17:44:41,965 - main - DEBUG - 얼굴 감지 시도
2024-11-19 17:44:42,067 - main - DEBUG - 감지된 얼굴 수: 1
2024-11-19 17:44:42,083 - main - DEBUG - 얼굴 감지 시도
2024-11-19 17:44:42,185 - main - DEBUG - 감지된 얼굴 수: 1
2024-11-19 17:44:42,206 - main - DEBUG - 얼굴 감지 시도
2024-11-19 17:44:42,307 - main - DEBUG - 감지된 얼굴 수: 0
2024-11-19 17:44:42,318 - main - DEBUG - 얼굴 감지 시도
2024-11-19 17:44:42,421 - main - DEBUG - 감지된 얼굴 수: 0
2024-11-19 17:44:42,436 - main - DEBUG - 얼굴 감지 시도
2024-11-19 17:44:42,539 - main - DEBUG - 감지된 얼굴 수: 1
2024-11-19 17:44:42,555 - main - DEBUG - 얼굴 감지 시도
2024-11-19 17:44:42,657 - main - DEBUG - 감지된 얼굴 수: 1
2024-11-19 17:44:42,672 - main - DEBUG - 얼굴 감지 시도
2024-11-19 17:44:42,778 - main - DEBUG - 감지된 얼굴 수: 0
2024-11-19 17:44:42,795 - main - DEBUG - 얼굴 감지 시도
2024-11-19 17:44:42,898 - main - DEBUG - 감지된 얼굴 수: 0
2024-11-19 17:44:42,910 - main - DEBUG - 얼굴 감지 시도
2024-11-19 17:44:43,011 - main - DEBUG - 감지된 얼굴 수: 0
2024-11-19 17:44:43,026 - main - DEBUG - 얼굴 감지 시도
2024-11-19 17:44:43,128 - main - DEBUG - 감지된 얼굴 수: 0
2024-11-19 17:44:43,138 - main - DEBUG - 얼굴 감지 시도
2024-11-19 17:44:43,242 - main - DEBUG - 감지된 얼굴 수: 0
2024-11-19 17:44:43,260 - main - DEBUG - 얼굴 감지 시도
2024-11-19 17:44:43,362 - main - DEBUG - 감지된 얼굴 수: 0
2024-11-19 17:44:43,372 - main - DEBUG - 얼굴 감지 시도
2024-11-19 17:44:43,477 - main - DEBUG - 감지된 얼굴 수: 0
2024-11-19 17:44:43,487 - main - DEBUG - 얼굴 감지 시도
2024-11-19 17:44:43,590 - main - DEBUG - 감지된 얼굴 수: 0
2024-11-19 17:44:43,603 - main - DEBUG - 얼굴 감지 시도
2024-11-19 17:44:43,706 - main - DEBUG - 감지된 얼굴 수: 0
2024-11-19 17:44:43,721 - main - DEBUG - 얼굴 감지 시도
2024-11-19 17:44:43,823 - main - DEBUG - 감지된 얼굴 수: 0
2024-11-19 17:44:43,837 - main - DEBUG - 얼굴 감지 시도
2024-11-19 17:44:43,939 - main - DEBUG - 감지된 얼굴 수: 0
2024-11-19 17:44:43,951 - main - DEBUG - 얼굴 감지 시도
2024-11-19 17:44:44,053 - main - DEBUG - 감지된 얼굴 수: 0
2024-11-19 17:44:44,069 - main - DEBUG - 얼굴 감지 시도
2024-11-19 17:44:44,172 - main - DEBUG - 감지된 얼굴 수: 0
2024-11-19 17:44:44,184 - main - DEBUG - 얼굴 감지 시도
2024-11-19 17:44:44,285 - main - DEBUG - 감지된 얼굴 수: 0
2024-11-19 17:44:44,301 - main - DEBUG - 얼굴 감지 시도
2024-11-19 17:44:44,402 - main - DEBUG - 감지된 얼굴 수: 0
2024-11-19 17:44:44,414 - main - DEBUG - 얼굴 감지 시도
2024-11-19 17:44:44,515 - main - DEBUG - 감지된 얼굴 수: 0
2024-11-19 17:44:44,530 - main - DEBUG - 얼굴 감지 시도
2024-11-19 17:44:44,635 - main - DEBUG - 감지된 얼굴 수: 0
2024-11-19 17:44:44,645 - main - DEBUG - 얼굴 감지 시도
2024-11-19 17:44:44,749 - main - DEBUG - 감지된 얼굴 수: 0
2024-11-19 17:44:44,765 - main - DEBUG - 얼굴 감지 시도
2024-11-19 17:44:44,866 - main - DEBUG - 감지된 얼굴 수: 0
2024-11-19 17:44:44,877 - main - DEBUG - 얼굴 감지 시도
2024-11-19 17:44:44,981 - main - DEBUG - 감지된 얼굴 수: 0
2024-11-19 17:44:44,995 - main - DEBUG - 얼굴 감지 시도
2024-11-19 17:44:45,096 - main - DEBUG - 감지된 얼굴 수: 0
2024-11-19 17:44:45,109 - main - DEBUG - 얼굴 감지 시도
2024-11-19 17:44:45,212 - main - DEBUG - 감지된 얼굴 수: 0
2024-11-19 17:44:45,227 - main - DEBUG - 얼굴 감지 시도
2024-11-19 17:44:45,331 - main - DEBUG - 감지된 얼굴 수: 0
2024-11-19 17:44:45,341 - main - DEBUG - 얼굴 감지 시도
2024-11-19 17:44:45,442 - main - DEBUG - 감지된 얼굴 수: 0
2024-11-19 17:44:45,459 - main - DEBUG - 얼굴 감지 시도
2024-11-19 17:44:45,569 - main - DEBUG - 감지된 얼굴 수: 0
2024-11-19 17:44:45,579 - main - DEBUG - 얼굴 감지 시도
2024-11-19 17:44:45,681 - main - DEBUG - 감지된 얼굴 수: 0
2024-11-19 17:44:45,698 - main - DEBUG - 얼굴 감지 시도
2024-11-19 17:44:45,801 - main - DEBUG - 감지된 얼굴 수: 0
2024-11-19 17:44:45,813 - main - DEBUG - 얼굴 감지 시도
2024-11-19 17:44:45,917 - main - DEBUG - 감지된 얼굴 수: 0
2024-11-19 17:44:45,932 - main - DEBUG - 얼굴 감지 시도
2024-11-19 17:44:46,033 - main - DEBUG - 감지된 얼굴 수: 0
2024-11-19 17:44:46,043 - main - DEBUG - 얼굴 감지 시도
2024-11-19 17:44:46,146 - main - DEBUG - 감지된 얼굴 수: 0
2024-11-19 17:44:46,163 - main - DEBUG - 얼굴 감지 시도
2024-11-19 17:44:46,265 - main - DEBUG - 감지된 얼굴 수: 0
2024-11-19 17:44:46,275 - main - DEBUG - 얼굴 감지 시도
2024-11-19 17:44:46,377 - main - DEBUG - 감지된 얼굴 수: 0
2024-11-19 17:44:46,394 - main - DEBUG - 얼굴 감지 시도
2024-11-19 17:44:46,497 - main - DEBUG - 감지된 얼굴 수: 0
2024-11-19 17:44:46,509 - main - DEBUG - 얼굴 감지 시도
2024-11-19 17:44:46,611 - main - DEBUG - 감지된 얼굴 수: 0
2024-11-19 17:44:46,626 - main - DEBUG - 얼굴 감지 시도
2024-11-19 17:44:46,728 - main - DEBUG - 감지된 얼굴 수: 0
2024-11-19 17:44:46,738 - main - DEBUG - 얼굴 감지 시도
2024-11-19 17:44:46,839 - main - DEBUG - 감지된 얼굴 수: 0
2024-11-19 17:44:46,856 - main - DEBUG - 얼굴 감지 시도
2024-11-19 17:44:46,957 - main - DEBUG - 감지된 얼굴 수: 0
2024-11-19 17:44:46,972 - main - DEBUG - 얼굴 감지 시도
2024-11-19 17:44:47,073 - main - DEBUG - 감지된 얼굴 수: 0
2024-11-19 17:44:47,086 - main - DEBUG - 얼굴 감지 시도
2024-11-19 17:44:47,191 - main - DEBUG - 감지된 얼굴 수: 0
2024-11-19 17:44:47,204 - main - DEBUG - 얼굴 감지 시도
2024-11-19 17:44:47,305 - main - DEBUG - 감지된 얼굴 수: 0
2024-11-19 17:44:47,320 - main - DEBUG - 얼굴 감지 시도
2024-11-19 17:44:47,423 - main - DEBUG - 감지된 얼굴 수: 0
2024-11-19 17:44:47,436 - main - DEBUG - 얼굴 감지 시도
2024-11-19 17:44:47,541 - main - DEBUG - 감지된 얼굴 수: 0
2024-11-19 17:44:47,552 - main - DEBUG - 얼굴 감지 시도
2024-11-19 17:44:47,657 - main - DEBUG - 감지된 얼굴 수: 0
2024-11-19 17:44:47,674 - main - DEBUG - 얼굴 감지 시도
2024-11-19 17:44:47,775 - main - DEBUG - 감지된 얼굴 수: 0
2024-11-19 17:44:47,787 - main - DEBUG - 얼굴 감지 시도
2024-11-19 17:44:47,891 - main - DEBUG - 감지된 얼굴 수: 0
2024-11-19 17:44:47,903 - main - DEBUG - 얼굴 감지 시도
2024-11-19 17:44:48,004 - main - DEBUG - 감지된 얼굴 수: 0
2024-11-19 17:44:48,022 - main - DEBUG - 얼굴 감지 시도
2024-11-19 17:44:48,127 - main - DEBUG - 감지된 얼굴 수: 0
2024-11-19 17:44:48,139 - main - DEBUG - 얼굴 감지 시도
2024-11-19 17:44:48,241 - main - DEBUG - 감지된 얼굴 수: 0
2024-11-19 17:44:48,253 - main - DEBUG - 얼굴 감지 시도
2024-11-19 17:44:48,354 - main - DEBUG - 감지된 얼굴 수: 0
2024-11-19 17:44:48,364 - main - DEBUG - 얼굴 감지 시도
2024-11-19 17:44:48,469 - main - DEBUG - 감지된 얼굴 수: 0
2024-11-19 17:44:48,485 - main - DEBUG - 얼굴 감지 시도
2024-11-19 17:44:48,590 - main - DEBUG - 감지된 얼굴 수: 1
2024-11-19 17:44:48,604 - main - DEBUG - 얼굴 감지 시도
2024-11-19 17:44:48,707 - main - DEBUG - 감지된 얼굴 수: 1
2024-11-19 17:44:48,729 - main - DEBUG - 얼굴 감지 시도
2024-11-19 17:44:48,832 - main - DEBUG - 감지된 얼굴 수: 1
2024-11-19 17:44:48,846 - main - DEBUG - 얼굴 감지 시도
2024-11-19 17:44:48,948 - main - DEBUG - 감지된 얼굴 수: 0
2024-11-19 17:44:48,964 - main - DEBUG - 얼굴 감지 시도
2024-11-19 17:44:49,066 - main - DEBUG - 감지된 얼굴 수: 0
2024-11-19 17:44:49,077 - main - DEBUG - 얼굴 감지 시도
2024-11-19 17:44:49,178 - main - DEBUG - 감지된 얼굴 수: 0
2024-11-19 17:44:49,195 - main - DEBUG - 얼굴 감지 시도
2024-11-19 17:44:49,297 - main - DEBUG - 감지된 얼굴 수: 0
2024-11-19 17:44:49,310 - main - DEBUG - 얼굴 감지 시도
2024-11-19 17:44:49,411 - main - DEBUG - 감지된 얼굴 수: 0
2024-11-19 17:44:49,427 - main - DEBUG - 얼굴 감지 시도
2024-11-19 17:44:49,528 - main - DEBUG - 감지된 얼굴 수: 1
2024-11-19 17:44:49,543 - main - DEBUG - 얼굴 감지 시도
2024-11-19 17:44:49,645 - main - DEBUG - 감지된 얼굴 수: 1
2024-11-19 17:44:49,665 - main - DEBUG - 얼굴 감지 시도
2024-11-19 17:44:49,767 - main - DEBUG - 감지된 얼굴 수: 0
2024-11-19 17:44:49,778 - main - DEBUG - 얼굴 감지 시도
2024-11-19 17:44:49,880 - main - DEBUG - 감지된 얼굴 수: 0
2024-11-19 17:44:49,896 - main - DEBUG - 얼굴 감지 시도
2024-11-19 17:44:50,000 - main - DEBUG - 감지된 얼굴 수: 0
2024-11-19 17:44:50,010 - main - DEBUG - 얼굴 감지 시도
2024-11-19 17:44:50,111 - main - DEBUG - 감지된 얼굴 수: 0
2024-11-19 17:44:50,127 - main - DEBUG - 얼굴 감지 시도
2024-11-19 17:44:50,228 - main - DEBUG - 감지된 얼굴 수: 0
2024-11-19 17:44:50,241 - main - DEBUG - 얼굴 감지 시도
2024-11-19 17:44:50,346 - main - DEBUG - 감지된 얼굴 수: 0
2024-11-19 17:44:50,362 - main - DEBUG - 얼굴 감지 시도
2024-11-19 17:44:50,464 - main - DEBUG - 감지된 얼굴 수: 0
2024-11-19 17:44:50,476 - main - DEBUG - 얼굴 감지 시도
2024-11-19 17:44:50,577 - main - DEBUG - 감지된 얼굴 수: 0
2024-11-19 17:44:50,594 - main - DEBUG - 얼굴 감지 시도
2024-11-19 17:44:50,697 - main - DEBUG - 감지된 얼굴 수: 0
2024-11-19 17:44:50,710 - main - DEBUG - 얼굴 감지 시도
2024-11-19 17:44:50,815 - main - DEBUG - 감지된 얼굴 수: 0
2024-11-19 17:44:50,830 - main - DEBUG - 얼굴 감지 시도
2024-11-19 17:44:50,931 - main - DEBUG - 감지된 얼굴 수: 0
2024-11-19 17:44:50,941 - main - DEBUG - 얼굴 감지 시도
2024-11-19 17:44:51,043 - main - DEBUG - 감지된 얼굴 수: 0
2024-11-19 17:44:51,060 - main - DEBUG - 얼굴 감지 시도
2024-11-19 17:44:51,163 - main - DEBUG - 감지된 얼굴 수: 0
2024-11-19 17:44:51,176 - main - DEBUG - 얼굴 감지 시도
2024-11-19 17:44:51,281 - main - DEBUG - 감지된 얼굴 수: 0
2024-11-19 17:44:51,298 - main - DEBUG - 얼굴 감지 시도
2024-11-19 17:44:51,399 - main - DEBUG - 감지된 얼굴 수: 0
2024-11-19 17:44:51,410 - main - DEBUG - 얼굴 감지 시도
2024-11-19 17:44:51,515 - main - DEBUG - 감지된 얼굴 수: 0
2024-11-19 17:44:51,530 - main - DEBUG - 얼굴 감지 시도
2024-11-19 17:44:51,633 - main - DEBUG - 감지된 얼굴 수: 1
2024-11-19 17:44:51,656 - main - DEBUG - 얼굴 감지 시도
2024-11-19 17:44:51,757 - main - DEBUG - 감지된 얼굴 수: 2
2024-11-19 17:44:51,778 - main - DEBUG - 얼굴 감지 시도
2024-11-19 17:44:51,879 - main - DEBUG - 감지된 얼굴 수: 2
2024-11-19 17:44:51,901 - main - DEBUG - 얼굴 감지 시도
2024-11-19 17:44:52,006 - main - DEBUG - 감지된 얼굴 수: 2
2024-11-19 17:44:52,028 - main - DEBUG - 얼굴 감지 시도
2024-11-19 17:44:52,130 - main - DEBUG - 감지된 얼굴 수: 2
2024-11-19 17:44:52,150 - main - DEBUG - 얼굴 감지 시도
2024-11-19 17:44:52,252 - main - DEBUG - 감지된 얼굴 수: 2
2024-11-19 17:44:52,272 - main - DEBUG - 얼굴 감지 시도
2024-11-19 17:44:52,376 - main - DEBUG - 감지된 얼굴 수: 2
2024-11-19 17:44:52,402 - main - DEBUG - 얼굴 감지 시도
2024-11-19 17:44:52,503 - main - DEBUG - 감지된 얼굴 수: 2
2024-11-19 17:44:52,530 - main - DEBUG - 얼굴 감지 시도
2024-11-19 17:44:52,643 - main - DEBUG - 감지된 얼굴 수: 2
2024-11-19 17:44:52,667 - main - DEBUG - 얼굴 감지 시도
2024-11-19 17:44:52,770 - main - DEBUG - 감지된 얼굴 수: 2
2024-11-19 17:44:52,796 - main - DEBUG - 얼굴 감지 시도
2024-11-19 17:44:52,897 - main - DEBUG - 감지된 얼굴 수: 2
2024-11-19 17:44:52,917 - main - DEBUG - 얼굴 감지 시도
2024-11-19 17:44:53,019 - main - DEBUG - 감지된 얼굴 수: 2
2024-11-19 17:44:53,042 - main - DEBUG - 얼굴 감지 시도
2024-11-19 17:44:53,144 - main - DEBUG - 감지된 얼굴 수: 2
2024-11-19 17:44:53,165 - main - DEBUG - 얼굴 감지 시도
2024-11-19 17:44:53,267 - main - DEBUG - 감지된 얼굴 수: 2
2024-11-19 17:44:53,287 - main - DEBUG - 얼굴 감지 시도
2024-11-19 17:44:53,389 - main - DEBUG - 감지된 얼굴 수: 2
2024-11-19 17:44:53,408 - main - DEBUG - 얼굴 감지 시도
2024-11-19 17:44:53,510 - main - DEBUG - 감지된 얼굴 수: 2
2024-11-19 17:44:53,534 - main - DEBUG - 얼굴 감지 시도
2024-11-19 17:44:53,636 - main - DEBUG - 감지된 얼굴 수: 2
2024-11-19 17:44:53,658 - main - DEBUG - 얼굴 감지 시도
2024-11-19 17:44:53,759 - main - DEBUG - 감지된 얼굴 수: 2
2024-11-19 17:44:53,780 - main - DEBUG - 얼굴 감지 시도
2024-11-19 17:44:53,881 - main - DEBUG - 감지된 얼굴 수: 2
2024-11-19 17:44:53,901 - main - DEBUG - 얼굴 감지 시도
2024-11-19 17:44:54,004 - main - DEBUG - 감지된 얼굴 수: 2
2024-11-19 17:44:54,031 - main - DEBUG - 얼굴 감지 시도
2024-11-19 17:44:54,132 - main - DEBUG - 감지된 얼굴 수: 2
2024-11-19 17:44:54,152 - main - DEBUG - 얼굴 감지 시도
2024-11-19 17:44:54,255 - main - DEBUG - 감지된 얼굴 수: 2
2024-11-19 17:44:54,275 - main - DEBUG - 얼굴 감지 시도
2024-11-19 17:44:54,378 - main - DEBUG - 감지된 얼굴 수: 2
2024-11-19 17:44:54,397 - main - DEBUG - 얼굴 감지 시도
2024-11-19 17:44:54,499 - main - DEBUG - 감지된 얼굴 수: 2
2024-11-19 17:44:54,527 - main - DEBUG - 얼굴 감지 시도
2024-11-19 17:44:54,629 - main - DEBUG - 감지된 얼굴 수: 2
2024-11-19 17:44:54,648 - main - DEBUG - 얼굴 감지 시도
2024-11-19 17:44:54,751 - main - DEBUG - 감지된 얼굴 수: 2
2024-11-19 17:44:54,773 - main - DEBUG - 얼굴 감지 시도
2024-11-19 17:44:54,878 - main - DEBUG - 감지된 얼굴 수: 2
2024-11-19 17:44:54,904 - main - DEBUG - 얼굴 감지 시도
2024-11-19 17:44:55,006 - main - DEBUG - 감지된 얼굴 수: 2
2024-11-19 17:44:55,029 - main - DEBUG - 얼굴 감지 시도
2024-11-19 17:44:55,131 - main - DEBUG - 감지된 얼굴 수: 2
2024-11-19 17:44:55,153 - main - DEBUG - 얼굴 감지 시도
2024-11-19 17:44:55,254 - main - DEBUG - 감지된 얼굴 수: 2
2024-11-19 17:44:55,277 - main - DEBUG - 얼굴 감지 시도
2024-11-19 17:44:55,379 - main - DEBUG - 감지된 얼굴 수: 2
2024-11-19 17:44:55,403 - main - DEBUG - 얼굴 감지 시도
2024-11-19 17:44:55,508 - main - DEBUG - 감지된 얼굴 수: 2
2024-11-19 17:44:55,534 - main - DEBUG - 얼굴 감지 시도
2024-11-19 17:44:55,637 - main - DEBUG - 감지된 얼굴 수: 2
2024-11-19 17:44:55,658 - main - DEBUG - 얼굴 감지 시도
2024-11-19 17:44:55,761 - main - DEBUG - 감지된 얼굴 수: 2
2024-11-19 17:44:55,781 - main - DEBUG - 얼굴 감지 시도
2024-11-19 17:44:55,883 - main - DEBUG - 감지된 얼굴 수: 2
2024-11-19 17:44:55,902 - main - DEBUG - 얼굴 감지 시도
2024-11-19 17:44:56,006 - main - DEBUG - 감지된 얼굴 수: 1
2024-11-19 17:44:56,028 - main - DEBUG - 얼굴 감지 시도
2024-11-19 17:44:56,130 - main - DEBUG - 감지된 얼굴 수: 2
2024-11-19 17:44:56,151 - main - DEBUG - 얼굴 감지 시도
2024-11-19 17:44:56,252 - main - DEBUG - 감지된 얼굴 수: 1
2024-11-19 17:44:56,270 - main - DEBUG - 얼굴 감지 시도
2024-11-19 17:44:56,376 - main - DEBUG - 감지된 얼굴 수: 1
2024-11-19 17:44:56,395 - main - DEBUG - 얼굴 감지 시도
2024-11-19 17:44:56,496 - main - DEBUG - 감지된 얼굴 수: 2
2024-11-19 17:44:56,519 - main - DEBUG - 얼굴 감지 시도
2024-11-19 17:44:56,624 - main - DEBUG - 감지된 얼굴 수: 1
2024-11-19 17:44:56,642 - main - DEBUG - 얼굴 감지 시도
2024-11-19 17:44:56,743 - main - DEBUG - 감지된 얼굴 수: 2
2024-11-19 17:44:56,764 - main - DEBUG - 얼굴 감지 시도
2024-11-19 17:44:56,865 - main - DEBUG - 감지된 얼굴 수: 2
2024-11-19 17:44:56,884 - main - DEBUG - 얼굴 감지 시도
2024-11-19 17:44:56,988 - main - DEBUG - 감지된 얼굴 수: 2
2024-11-19 17:44:57,010 - main - DEBUG - 얼굴 감지 시도
2024-11-19 17:44:57,111 - main - DEBUG - 감지된 얼굴 수: 2
2024-11-19 17:44:57,131 - main - DEBUG - 얼굴 감지 시도
2024-11-19 17:44:57,233 - main - DEBUG - 감지된 얼굴 수: 1
2024-11-19 17:44:57,248 - main - DEBUG - 얼굴 감지 시도
2024-11-19 17:44:57,352 - main - DEBUG - 감지된 얼굴 수: 1
2024-11-19 17:44:57,372 - main - DEBUG - 얼굴 감지 시도
2024-11-19 17:44:57,476 - main - DEBUG - 감지된 얼굴 수: 2
2024-11-19 17:44:57,497 - main - DEBUG - 얼굴 감지 시도
2024-11-19 17:44:57,598 - main - DEBUG - 감지된 얼굴 수: 2
2024-11-19 17:44:57,624 - main - DEBUG - 얼굴 감지 시도
2024-11-19 17:44:57,725 - main - DEBUG - 감지된 얼굴 수: 2
2024-11-19 17:44:57,747 - main - DEBUG - 얼굴 감지 시도
2024-11-19 17:44:57,850 - main - DEBUG - 감지된 얼굴 수: 2
2024-11-19 17:44:57,870 - main - DEBUG - 얼굴 감지 시도
2024-11-19 17:44:57,976 - main - DEBUG - 감지된 얼굴 수: 2
2024-11-19 17:44:57,996 - main - DEBUG - 얼굴 감지 시도
2024-11-19 17:44:58,097 - main - DEBUG - 감지된 얼굴 수: 2
2024-11-19 17:44:58,123 - main - DEBUG - 얼굴 감지 시도
2024-11-19 17:44:58,226 - main - DEBUG - 감지된 얼굴 수: 2
2024-11-19 17:44:58,246 - main - DEBUG - 얼굴 감지 시도
2024-11-19 17:44:58,351 - main - DEBUG - 감지된 얼굴 수: 1
2024-11-19 17:44:58,368 - main - DEBUG - 얼굴 감지 시도
2024-11-19 17:44:58,472 - main - DEBUG - 감지된 얼굴 수: 0
2024-11-19 17:44:58,489 - main - DEBUG - 얼굴 감지 시도
2024-11-19 17:44:58,591 - main - DEBUG - 감지된 얼굴 수: 0
2024-11-19 17:44:58,605 - main - DEBUG - 얼굴 감지 시도
2024-11-19 17:44:58,707 - main - DEBUG - 감지된 얼굴 수: 1
2024-11-19 17:44:58,722 - main - DEBUG - 얼굴 감지 시도
2024-11-19 17:44:58,827 - main - DEBUG - 감지된 얼굴 수: 1
2024-11-19 17:44:58,843 - main - DEBUG - 얼굴 감지 시도
2024-11-19 17:44:58,945 - main - DEBUG - 감지된 얼굴 수: 1
2024-11-19 17:44:58,969 - main - DEBUG - 얼굴 감지 시도
2024-11-19 17:44:59,071 - main - DEBUG - 감지된 얼굴 수: 1
2024-11-19 17:44:59,087 - main - DEBUG - 얼굴 감지 시도
2024-11-19 17:44:59,189 - main - DEBUG - 감지된 얼굴 수: 1
2024-11-19 17:44:59,203 - main - DEBUG - 얼굴 감지 시도
2024-11-19 17:44:59,305 - main - DEBUG - 감지된 얼굴 수: 1
2024-11-19 17:44:59,327 - main - DEBUG - 얼굴 감지 시도
2024-11-19 17:44:59,433 - main - DEBUG - 감지된 얼굴 수: 1
2024-11-19 17:44:59,447 - main - DEBUG - 얼굴 감지 시도
2024-11-19 17:44:59,549 - main - DEBUG - 감지된 얼굴 수: 1
2024-11-19 17:44:59,564 - main - DEBUG - 얼굴 감지 시도
2024-11-19 17:44:59,665 - main - DEBUG - 감지된 얼굴 수: 1
2024-11-19 17:44:59,683 - main - DEBUG - 얼굴 감지 시도
2024-11-19 17:44:59,788 - main - DEBUG - 감지된 얼굴 수: 1
2024-11-19 17:44:59,805 - main - DEBUG - 얼굴 감지 시도
2024-11-19 17:44:59,908 - main - DEBUG - 감지된 얼굴 수: 1
2024-11-19 17:44:59,923 - main - DEBUG - 얼굴 감지 시도
2024-11-19 17:45:00,044 - main - DEBUG - 감지된 얼굴 수: 1
2024-11-19 17:45:00,058 - main - DEBUG - 얼굴 감지 시도
2024-11-19 17:45:00,163 - main - DEBUG - 감지된 얼굴 수: 0
2024-11-19 17:45:00,175 - main - DEBUG - 얼굴 감지 시도
2024-11-19 17:45:00,280 - main - DEBUG - 감지된 얼굴 수: 0
2024-11-19 17:45:00,298 - main - DEBUG - 얼굴 감지 시도
2024-11-19 17:45:00,399 - main - DEBUG - 감지된 얼굴 수: 0
2024-11-19 17:45:00,410 - main - DEBUG - 얼굴 감지 시도
2024-11-19 17:45:00,511 - main - DEBUG - 감지된 얼굴 수: 1
2024-11-19 17:45:00,531 - main - DEBUG - 얼굴 감지 시도
2024-11-19 17:45:00,633 - main - DEBUG - 감지된 얼굴 수: 1
2024-11-19 17:45:00,650 - main - DEBUG - 얼굴 감지 시도
2024-11-19 17:45:00,753 - main - DEBUG - 감지된 얼굴 수: 0
2024-11-19 17:45:00,765 - main - DEBUG - 얼굴 감지 시도
2024-11-19 17:45:00,869 - main - DEBUG - 감지된 얼굴 수: 0
2024-11-19 17:45:00,882 - main - DEBUG - 얼굴 감지 시도
2024-11-19 17:45:00,986 - main - DEBUG - 감지된 얼굴 수: 0
2024-11-19 17:45:01,000 - main - DEBUG - 얼굴 감지 시도
2024-11-19 17:45:01,101 - main - DEBUG - 감지된 얼굴 수: 0
2024-11-19 17:45:01,112 - main - DEBUG - 얼굴 감지 시도
2024-11-19 17:45:01,217 - main - DEBUG - 감지된 얼굴 수: 0
2024-11-19 17:45:01,235 - main - DEBUG - 얼굴 감지 시도
2024-11-19 17:45:01,338 - main - DEBUG - 감지된 얼굴 수: 0
2024-11-19 17:45:01,349 - main - DEBUG - 얼굴 감지 시도
2024-11-19 17:45:01,454 - main - DEBUG - 감지된 얼굴 수: 0
2024-11-19 17:45:01,471 - main - DEBUG - 얼굴 감지 시도
2024-11-19 17:45:01,572 - main - DEBUG - 감지된 얼굴 수: 0
2024-11-19 17:45:01,583 - main - DEBUG - 얼굴 감지 시도
2024-11-19 17:45:01,685 - main - DEBUG - 감지된 얼굴 수: 0
2024-11-19 17:45:01,703 - main - DEBUG - 얼굴 감지 시도
2024-11-19 17:45:01,804 - main - DEBUG - 감지된 얼굴 수: 0
2024-11-19 17:45:01,817 - main - DEBUG - 얼굴 감지 시도
2024-11-19 17:45:01,923 - main - DEBUG - 감지된 얼굴 수: 1
2024-11-19 17:45:01,938 - main - DEBUG - 얼굴 감지 시도
2024-11-19 17:45:02,042 - main - DEBUG - 감지된 얼굴 수: 1
2024-11-19 17:45:02,062 - main - DEBUG - 얼굴 감지 시도
2024-11-19 17:45:02,164 - main - DEBUG - 감지된 얼굴 수: 1
2024-11-19 17:45:02,179 - main - DEBUG - 얼굴 감지 시도
2024-11-19 17:45:02,282 - main - DEBUG - 감지된 얼굴 수: 0
2024-11-19 17:45:02,299 - main - DEBUG - 얼굴 감지 시도
2024-11-19 17:45:02,400 - main - DEBUG - 감지된 얼굴 수: 0
2024-11-19 17:45:02,418 - main - DEBUG - 얼굴 감지 시도
2024-11-19 17:45:02,523 - main - DEBUG - 감지된 얼굴 수: 0
2024-11-19 17:45:02,539 - main - DEBUG - 얼굴 감지 시도
2024-11-19 17:45:02,645 - main - DEBUG - 감지된 얼굴 수: 0
2024-11-19 17:45:02,656 - main - DEBUG - 얼굴 감지 시도
2024-11-19 17:45:02,761 - main - DEBUG - 감지된 얼굴 수: 0
2024-11-19 17:45:02,773 - main - DEBUG - 얼굴 감지 시도
2024-11-19 17:45:02,874 - main - DEBUG - 감지된 얼굴 수: 1
2024-11-19 17:45:02,897 - main - DEBUG - 얼굴 감지 시도
2024-11-19 17:45:03,003 - main - DEBUG - 감지된 얼굴 수: 1
2024-11-19 17:45:03,019 - main - DEBUG - 얼굴 감지 시도
2024-11-19 17:45:03,120 - main - DEBUG - 감지된 얼굴 수: 1
2024-11-19 17:45:03,136 - main - DEBUG - 얼굴 감지 시도
2024-11-19 17:45:03,237 - main - DEBUG - 감지된 얼굴 수: 1
2024-11-19 17:45:03,260 - main - DEBUG - 얼굴 감지 시도
2024-11-19 17:45:03,362 - main - DEBUG - 감지된 얼굴 수: 0
2024-11-19 17:45:03,374 - main - DEBUG - 얼굴 감지 시도
2024-11-19 17:45:03,480 - main - DEBUG - 감지된 얼굴 수: 0
2024-11-19 17:45:03,491 - main - DEBUG - 얼굴 감지 시도
2024-11-19 17:45:03,592 - main - DEBUG - 감지된 얼굴 수: 0
2024-11-19 17:45:03,602 - main - DEBUG - 얼굴 감지 시도
2024-11-19 17:45:03,707 - main - DEBUG - 감지된 얼굴 수: 1
2024-11-19 17:45:03,730 - main - DEBUG - 얼굴 감지 시도
2024-11-19 17:45:03,831 - main - DEBUG - 감지된 얼굴 수: 1
2024-11-19 17:45:03,846 - main - DEBUG - 얼굴 감지 시도
2024-11-19 17:45:03,952 - main - DEBUG - 감지된 얼굴 수: 1
2024-11-19 17:45:03,966 - main - DEBUG - 얼굴 감지 시도
2024-11-19 17:45:04,067 - main - DEBUG - 감지된 얼굴 수: 1
2024-11-19 17:45:04,086 - main - DEBUG - 얼굴 감지 시도
2024-11-19 17:45:04,198 - main - DEBUG - 감지된 얼굴 수: 1
2024-11-19 17:45:04,217 - main - DEBUG - 얼굴 감지 시도
2024-11-19 17:45:04,321 - main - DEBUG - 감지된 얼굴 수: 0
2024-11-19 17:45:04,334 - main - DEBUG - 얼굴 감지 시도
2024-11-19 17:45:04,436 - main - DEBUG - 감지된 얼굴 수: 0
2024-11-19 17:45:04,446 - main - DEBUG - 얼굴 감지 시도
2024-11-19 17:45:04,551 - main - DEBUG - 감지된 얼굴 수: 1
2024-11-19 17:45:04,570 - main - DEBUG - 얼굴 감지 시도
2024-11-19 17:45:04,671 - main - DEBUG - 감지된 얼굴 수: 1
2024-11-19 17:45:04,687 - main - DEBUG - 얼굴 감지 시도
2024-11-19 17:45:04,789 - main - DEBUG - 감지된 얼굴 수: 1
2024-11-19 17:45:04,803 - main - DEBUG - 얼굴 감지 시도
2024-11-19 17:45:04,904 - main - DEBUG - 감지된 얼굴 수: 0
2024-11-19 17:45:04,920 - main - DEBUG - 얼굴 감지 시도
2024-11-19 17:45:05,021 - main - DEBUG - 감지된 얼굴 수: 1
2024-11-19 17:45:05,035 - main - DEBUG - 얼굴 감지 시도
2024-11-19 17:45:05,137 - main - DEBUG - 감지된 얼굴 수: 1
2024-11-19 17:45:05,151 - main - DEBUG - 얼굴 감지 시도
2024-11-19 17:45:05,256 - main - DEBUG - 감지된 얼굴 수: 1
2024-11-19 17:45:05,276 - main - DEBUG - 얼굴 감지 시도
2024-11-19 17:45:05,378 - main - DEBUG - 감지된 얼굴 수: 1
2024-11-19 17:45:05,394 - main - DEBUG - 얼굴 감지 시도
2024-11-19 17:45:05,497 - main - DEBUG - 감지된 얼굴 수: 2
2024-11-19 17:45:05,517 - main - DEBUG - 얼굴 감지 시도
2024-11-19 17:45:05,620 - main - DEBUG - 감지된 얼굴 수: 2
2024-11-19 17:45:05,645 - main - DEBUG - 얼굴 감지 시도
2024-11-19 17:45:05,747 - main - DEBUG - 감지된 얼굴 수: 1
2024-11-19 17:45:05,762 - main - DEBUG - 얼굴 감지 시도
2024-11-19 17:45:05,867 - main - DEBUG - 감지된 얼굴 수: 2
2024-11-19 17:45:05,887 - main - DEBUG - 얼굴 감지 시도
2024-11-19 17:45:05,988 - main - DEBUG - 감지된 얼굴 수: 1
2024-11-19 17:45:06,004 - main - DEBUG - 얼굴 감지 시도
2024-11-19 17:45:06,107 - main - DEBUG - 감지된 얼굴 수: 2
2024-11-19 17:45:06,130 - main - DEBUG - 얼굴 감지 시도
2024-11-19 17:45:06,232 - main - DEBUG - 감지된 얼굴 수: 2
2024-11-19 17:45:06,255 - main - DEBUG - 얼굴 감지 시도
2024-11-19 17:45:06,356 - main - DEBUG - 감지된 얼굴 수: 2
2024-11-19 17:45:06,377 - main - DEBUG - 얼굴 감지 시도
2024-11-19 17:45:06,479 - main - DEBUG - 감지된 얼굴 수: 2
2024-11-19 17:45:06,503 - main - DEBUG - 얼굴 감지 시도
2024-11-19 17:45:06,605 - main - DEBUG - 감지된 얼굴 수: 2
2024-11-19 17:45:06,627 - main - DEBUG - 얼굴 감지 시도
2024-11-19 17:45:06,728 - main - DEBUG - 감지된 얼굴 수: 2
2024-11-19 17:45:06,751 - main - DEBUG - 얼굴 감지 시도
2024-11-19 17:45:06,852 - main - DEBUG - 감지된 얼굴 수: 2
2024-11-19 17:45:06,877 - main - DEBUG - 얼굴 감지 시도
2024-11-19 17:45:06,978 - main - DEBUG - 감지된 얼굴 수: 1
2024-11-19 17:45:06,995 - main - DEBUG - 얼굴 감지 시도
2024-11-19 17:45:07,096 - main - DEBUG - 감지된 얼굴 수: 2
2024-11-19 17:45:07,121 - main - DEBUG - 얼굴 감지 시도
2024-11-19 17:45:07,226 - main - DEBUG - 감지된 얼굴 수: 2
2024-11-19 17:45:07,264 - main - DEBUG - 얼굴 감지 시도
2024-11-19 17:45:07,369 - main - DEBUG - 감지된 얼굴 수: 2
2024-11-19 17:45:07,389 - main - DEBUG - 얼굴 감지 시도
2024-11-19 17:45:07,494 - main - DEBUG - 감지된 얼굴 수: 2
2024-11-19 17:45:07,515 - main - DEBUG - 얼굴 감지 시도
2024-11-19 17:45:07,620 - main - DEBUG - 감지된 얼굴 수: 2
2024-11-19 17:45:07,647 - main - DEBUG - 얼굴 감지 시도
2024-11-19 17:45:07,750 - main - DEBUG - 감지된 얼굴 수: 2
2024-11-19 17:45:07,773 - main - DEBUG - 얼굴 감지 시도
2024-11-19 17:45:07,875 - main - DEBUG - 감지된 얼굴 수: 2
2024-11-19 17:45:07,902 - main - DEBUG - 얼굴 감지 시도
2024-11-19 17:45:08,007 - main - DEBUG - 감지된 얼굴 수: 2
2024-11-19 17:45:08,046 - main - DEBUG - 얼굴 감지 시도
2024-11-19 17:45:08,150 - main - DEBUG - 감지된 얼굴 수: 2
2024-11-19 17:45:08,174 - main - DEBUG - 얼굴 감지 시도
2024-11-19 17:45:08,276 - main - DEBUG - 감지된 얼굴 수: 2
2024-11-19 17:45:08,296 - main - DEBUG - 얼굴 감지 시도
2024-11-19 17:45:08,398 - main - DEBUG - 감지된 얼굴 수: 2
2024-11-19 17:45:08,423 - main - DEBUG - 얼굴 감지 시도
2024-11-19 17:45:08,525 - main - DEBUG - 감지된 얼굴 수: 2
2024-11-19 17:45:08,547 - main - DEBUG - 얼굴 감지 시도
2024-11-19 17:45:08,648 - main - DEBUG - 감지된 얼굴 수: 2
2024-11-19 17:45:08,669 - main - DEBUG - 얼굴 감지 시도
2024-11-19 17:45:08,771 - main - DEBUG - 감지된 얼굴 수: 2
2024-11-19 17:45:08,790 - main - DEBUG - 얼굴 감지 시도
2024-11-19 17:45:08,891 - main - DEBUG - 감지된 얼굴 수: 2
2024-11-19 17:45:08,917 - main - DEBUG - 얼굴 감지 시도
2024-11-19 17:45:09,021 - main - DEBUG - 감지된 얼굴 수: 2
2024-11-19 17:45:09,042 - main - DEBUG - 얼굴 감지 시도
2024-11-19 17:45:09,146 - main - DEBUG - 감지된 얼굴 수: 2
2024-11-19 17:45:09,168 - main - DEBUG - 얼굴 감지 시도
2024-11-19 17:45:09,273 - main - DEBUG - 감지된 얼굴 수: 2
2024-11-19 17:45:09,302 - main - DEBUG - 얼굴 감지 시도
2024-11-19 17:45:09,409 - main - DEBUG - 감지된 얼굴 수: 2
2024-11-19 17:45:09,429 - main - DEBUG - 얼굴 감지 시도
2024-11-19 17:45:09,531 - main - DEBUG - 감지된 얼굴 수: 2
2024-11-19 17:45:09,557 - main - DEBUG - 얼굴 감지 시도
2024-11-19 17:45:09,661 - main - DEBUG - 감지된 얼굴 수: 1
2024-11-19 17:45:09,679 - main - DEBUG - 얼굴 감지 시도
2024-11-19 17:45:09,785 - main - DEBUG - 감지된 얼굴 수: 1
2024-11-19 17:45:09,806 - main - DEBUG - 얼굴 감지 시도
2024-11-19 17:45:09,912 - main - DEBUG - 감지된 얼굴 수: 2
2024-11-19 17:45:09,941 - main - DEBUG - 얼굴 감지 시도
2024-11-19 17:45:10,048 - main - DEBUG - 감지된 얼굴 수: 2
