2024-11-20 09:17:05,233 - main - INFO - 프로그램 시작
2024-11-20 09:17:05,234 - main - DEBUG - 얼굴 감지기 초기화 시도
2024-11-20 09:17:05,583 - main - ERROR - 얼굴 감지기 초기화 실패: 랜드마크 파일을 찾을 수 없습니다: shape_predictor_68_face_landmarks.dat
Traceback (most recent call last):
  File "C:\Users\User\Desktop\Develop\python\python3.9\main.py", line 22, in <module>
    detector, predictor = initialize_face_detectors()
  File "C:\Users\User\Desktop\Develop\python\python3.9\utils\face_utils.py", line 19, in initialize_face_detectors
    raise FileNotFoundError(f"랜드마크 파일을 찾을 수 없습니다: {landmark_model_path}")
FileNotFoundError: 랜드마크 파일을 찾을 수 없습니다: shape_predictor_68_face_landmarks.dat
2024-11-20 09:20:27,711 - main - INFO - 프로그램 시작
2024-11-20 09:20:27,712 - main - DEBUG - 얼굴 감지기 초기화 시도
2024-11-20 09:20:28,070 - main - ERROR - 얼굴 감지기 초기화 실패: 랜드마크 파일을 찾을 수 없습니다: shape_predictor_68_face_landmarks.dat
Traceback (most recent call last):
  File "C:\Users\User\Desktop\Develop\python\python3.9\main.py", line 22, in <module>
    detector, predictor = initialize_face_detectors()
  File "C:\Users\User\Desktop\Develop\python\python3.9\utils\face_utils.py", line 19, in initialize_face_detectors
    raise FileNotFoundError(f"랜드마크 파일을 찾을 수 없습니다: {landmark_model_path}")
FileNotFoundError: 랜드마크 파일을 찾을 수 없습니다: shape_predictor_68_face_landmarks.dat
2024-11-20 09:26:14,282 - main - INFO - 프로그램 시작
2024-11-20 09:26:14,283 - main - DEBUG - 얼굴 감지기 초기화 시도
2024-11-20 09:26:14,542 - main - ERROR - 얼굴 감지기 초기화 실패: 랜드마크 파일을 찾을 수 없습니다: shape_predictor_68_face_landmarks.dat
Traceback (most recent call last):
  File "C:\Users\User\Desktop\Develop\python\python3.9\main.py", line 22, in <module>
    detector, predictor = initialize_face_detectors()
  File "C:\Users\User\Desktop\Develop\python\python3.9\utils\face_utils.py", line 19, in initialize_face_detectors
    raise FileNotFoundError(f"랜드마크 파일을 찾을 수 없습니다: {landmark_model_path}")
FileNotFoundError: 랜드마크 파일을 찾을 수 없습니다: shape_predictor_68_face_landmarks.dat
2024-11-20 09:26:51,329 - main - WARNING - 얼굴 감지 기능을 사용할 수 없습니다
2024-11-20 09:26:51,342 - main - WARNING - 얼굴 감지 기능을 사용할 수 없습니다
2024-11-20 09:26:51,367 - main - WARNING - 얼굴 감지 기능을 사용할 수 없습니다
2024-11-20 09:26:51,402 - main - WARNING - 얼굴 감지 기능을 사용할 수 없습니다
2024-11-20 09:26:51,435 - main - WARNING - 얼굴 감지 기능을 사용할 수 없습니다
2024-11-20 09:26:51,463 - main - WARNING - 얼굴 감지 기능을 사용할 수 없습니다
2024-11-20 09:26:51,498 - main - WARNING - 얼굴 감지 기능을 사용할 수 없습니다
2024-11-20 09:26:51,528 - main - WARNING - 얼굴 감지 기능을 사용할 수 없습니다
2024-11-20 09:26:51,577 - main - WARNING - 얼굴 감지 기능을 사용할 수 없습니다
2024-11-20 09:26:51,608 - main - WARNING - 얼굴 감지 기능을 사용할 수 없습니다
2024-11-20 09:26:51,642 - main - WARNING - 얼굴 감지 기능을 사용할 수 없습니다
2024-11-20 09:26:51,673 - main - WARNING - 얼굴 감지 기능을 사용할 수 없습니다
2024-11-20 09:26:51,705 - main - WARNING - 얼굴 감지 기능을 사용할 수 없습니다
2024-11-20 09:26:51,738 - main - WARNING - 얼굴 감지 기능을 사용할 수 없습니다
2024-11-20 09:26:51,768 - main - WARNING - 얼굴 감지 기능을 사용할 수 없습니다
2024-11-20 09:26:51,800 - main - WARNING - 얼굴 감지 기능을 사용할 수 없습니다
2024-11-20 09:26:51,834 - main - WARNING - 얼굴 감지 기능을 사용할 수 없습니다
2024-11-20 09:26:51,864 - main - WARNING - 얼굴 감지 기능을 사용할 수 없습니다
2024-11-20 09:26:51,898 - main - WARNING - 얼굴 감지 기능을 사용할 수 없습니다
2024-11-20 09:26:51,929 - main - WARNING - 얼굴 감지 기능을 사용할 수 없습니다
2024-11-20 09:26:51,978 - main - WARNING - 얼굴 감지 기능을 사용할 수 없습니다
2024-11-20 09:26:52,008 - main - WARNING - 얼굴 감지 기능을 사용할 수 없습니다
2024-11-20 09:26:52,043 - main - WARNING - 얼굴 감지 기능을 사용할 수 없습니다
2024-11-20 09:26:52,073 - main - WARNING - 얼굴 감지 기능을 사용할 수 없습니다
2024-11-20 09:26:52,104 - main - WARNING - 얼굴 감지 기능을 사용할 수 없습니다
2024-11-20 09:26:52,138 - main - WARNING - 얼굴 감지 기능을 사용할 수 없습니다
2024-11-20 09:26:52,170 - main - WARNING - 얼굴 감지 기능을 사용할 수 없습니다
2024-11-20 09:26:52,201 - main - WARNING - 얼굴 감지 기능을 사용할 수 없습니다
2024-11-20 09:26:52,234 - main - WARNING - 얼굴 감지 기능을 사용할 수 없습니다
2024-11-20 09:26:52,263 - main - WARNING - 얼굴 감지 기능을 사용할 수 없습니다
2024-11-20 09:26:52,297 - main - WARNING - 얼굴 감지 기능을 사용할 수 없습니다
2024-11-20 09:26:52,326 - main - WARNING - 얼굴 감지 기능을 사용할 수 없습니다
2024-11-20 09:26:52,378 - main - WARNING - 얼굴 감지 기능을 사용할 수 없습니다
2024-11-20 09:26:52,408 - main - WARNING - 얼굴 감지 기능을 사용할 수 없습니다
2024-11-20 09:26:52,440 - main - WARNING - 얼굴 감지 기능을 사용할 수 없습니다
2024-11-20 09:26:52,475 - main - WARNING - 얼굴 감지 기능을 사용할 수 없습니다
2024-11-20 09:26:52,503 - main - WARNING - 얼굴 감지 기능을 사용할 수 없습니다
2024-11-20 09:26:52,537 - main - WARNING - 얼굴 감지 기능을 사용할 수 없습니다
2024-11-20 09:26:52,567 - main - WARNING - 얼굴 감지 기능을 사용할 수 없습니다
2024-11-20 09:26:52,602 - main - WARNING - 얼굴 감지 기능을 사용할 수 없습니다
2024-11-20 09:26:52,634 - main - WARNING - 얼굴 감지 기능을 사용할 수 없습니다
2024-11-20 09:26:52,664 - main - WARNING - 얼굴 감지 기능을 사용할 수 없습니다
2024-11-20 09:26:52,698 - main - WARNING - 얼굴 감지 기능을 사용할 수 없습니다
2024-11-20 09:26:52,729 - main - WARNING - 얼굴 감지 기능을 사용할 수 없습니다
2024-11-20 09:26:52,777 - main - WARNING - 얼굴 감지 기능을 사용할 수 없습니다
2024-11-20 09:26:52,808 - main - WARNING - 얼굴 감지 기능을 사용할 수 없습니다
2024-11-20 09:27:16,076 - main - INFO - 프로그램 시작
2024-11-20 09:27:16,077 - main - DEBUG - 얼굴 감지기 초기화 시도
2024-11-20 09:27:16,332 - main - ERROR - 얼굴 감지기 초기화 실패: 랜드마크 파일을 찾을 수 없습니다: C:\Users\User\Desktop\Develop\python\python3.9\shape_predictor_68_face_landmarks.dat
Traceback (most recent call last):
  File "C:\Users\User\Desktop\Develop\python\python3.9\main.py", line 22, in <module>
    detector, predictor = initialize_face_detectors()
  File "C:\Users\User\Desktop\Develop\python\python3.9\utils\face_utils.py", line 25, in initialize_face_detectors
    raise FileNotFoundError(f"랜드마크 파일을 찾을 수 없습니다: {abs_model_path}")
FileNotFoundError: 랜드마크 파일을 찾을 수 없습니다: C:\Users\User\Desktop\Develop\python\python3.9\shape_predictor_68_face_landmarks.dat
2024-11-20 09:28:25,897 - main - INFO - 프로그램 시작
2024-11-20 09:28:25,898 - main - DEBUG - 얼굴 감지기 초기화 시도
2024-11-20 09:28:27,205 - main - INFO - 얼굴 감지기 초기화 성공
2024-11-20 09:29:23,458 - main - DEBUG - 얼굴 감지 시도
2024-11-20 09:29:23,562 - main - DEBUG - 감지된 얼굴 수: 1
2024-11-20 09:29:23,599 - main - DEBUG - 얼굴 감지 시도
2024-11-20 09:29:23,701 - main - DEBUG - 감지된 얼굴 수: 1
2024-11-20 09:29:23,723 - main - DEBUG - 얼굴 감지 시도
2024-11-20 09:29:23,825 - main - DEBUG - 감지된 얼굴 수: 1
2024-11-20 09:29:23,841 - main - DEBUG - 얼굴 감지 시도
2024-11-20 09:29:23,960 - main - DEBUG - 감지된 얼굴 수: 1
2024-11-20 09:29:23,980 - main - DEBUG - 얼굴 감지 시도
2024-11-20 09:29:24,082 - main - DEBUG - 감지된 얼굴 수: 0
2024-11-20 09:29:24,097 - main - DEBUG - 얼굴 감지 시도
2024-11-20 09:29:24,201 - main - DEBUG - 감지된 얼굴 수: 1
2024-11-20 09:29:24,217 - main - DEBUG - 얼굴 감지 시도
2024-11-20 09:29:24,328 - main - DEBUG - 감지된 얼굴 수: 0
2024-11-20 09:29:24,345 - main - DEBUG - 얼굴 감지 시도
2024-11-20 09:29:24,447 - main - DEBUG - 감지된 얼굴 수: 1
2024-11-20 09:29:24,465 - main - DEBUG - 얼굴 감지 시도
2024-11-20 09:29:24,566 - main - DEBUG - 감지된 얼굴 수: 1
2024-11-20 09:29:24,588 - main - DEBUG - 얼굴 감지 시도
2024-11-20 09:29:24,716 - main - DEBUG - 감지된 얼굴 수: 1
2024-11-20 09:29:24,732 - main - DEBUG - 얼굴 감지 시도
2024-11-20 09:29:24,834 - main - DEBUG - 감지된 얼굴 수: 1
2024-11-20 09:29:24,850 - main - DEBUG - 얼굴 감지 시도
2024-11-20 09:29:24,977 - main - DEBUG - 감지된 얼굴 수: 1
2024-11-20 09:29:24,999 - main - DEBUG - 얼굴 감지 시도
2024-11-20 09:29:25,131 - main - DEBUG - 감지된 얼굴 수: 1
2024-11-20 09:29:25,147 - main - DEBUG - 얼굴 감지 시도
2024-11-20 09:29:25,250 - main - DEBUG - 감지된 얼굴 수: 1
2024-11-20 09:29:25,271 - main - DEBUG - 얼굴 감지 시도
2024-11-20 09:29:25,381 - main - DEBUG - 감지된 얼굴 수: 1
2024-11-20 09:29:25,401 - main - DEBUG - 얼굴 감지 시도
2024-11-20 09:29:25,511 - main - DEBUG - 감지된 얼굴 수: 1
2024-11-20 17:47:40,645 - main - INFO - 프로그램 시작
2024-11-20 17:47:40,646 - main - DEBUG - 얼굴 감지기 초기화 시도
2024-11-20 17:47:41,888 - main - INFO - 얼굴 감지기 초기화 성공
2024-11-20 17:48:44,234 - main - DEBUG - 얼굴 감지 시도
2024-11-20 17:48:44,335 - main - DEBUG - 감지된 얼굴 수: 1
2024-11-20 17:48:44,352 - main - DEBUG - 얼굴 감지 시도
2024-11-20 17:48:44,453 - main - DEBUG - 감지된 얼굴 수: 1
2024-11-20 17:48:44,472 - main - DEBUG - 얼굴 감지 시도
2024-11-20 17:48:44,572 - main - DEBUG - 감지된 얼굴 수: 1
2024-11-20 17:48:44,588 - main - DEBUG - 얼굴 감지 시도
2024-11-20 17:48:44,688 - main - DEBUG - 감지된 얼굴 수: 1
2024-11-20 17:48:44,711 - main - DEBUG - 얼굴 감지 시도
2024-11-20 17:48:44,811 - main - DEBUG - 감지된 얼굴 수: 1
2024-11-20 17:48:44,827 - main - DEBUG - 얼굴 감지 시도
2024-11-20 17:48:44,926 - main - DEBUG - 감지된 얼굴 수: 1
2024-11-20 17:48:44,949 - main - DEBUG - 얼굴 감지 시도
2024-11-20 17:48:45,049 - main - DEBUG - 감지된 얼굴 수: 1
2024-11-20 17:48:45,067 - main - DEBUG - 얼굴 감지 시도
2024-11-20 17:48:45,167 - main - DEBUG - 감지된 얼굴 수: 1
2024-11-20 17:48:45,181 - main - DEBUG - 얼굴 감지 시도
2024-11-20 17:48:45,281 - main - DEBUG - 감지된 얼굴 수: 1
2024-11-20 17:48:45,301 - main - DEBUG - 얼굴 감지 시도
2024-11-20 17:48:45,400 - main - DEBUG - 감지된 얼굴 수: 1
2024-11-20 17:48:45,417 - main - DEBUG - 얼굴 감지 시도
2024-11-20 17:48:45,517 - main - DEBUG - 감지된 얼굴 수: 1
2024-11-20 17:48:45,534 - main - DEBUG - 얼굴 감지 시도
2024-11-20 17:48:45,633 - main - DEBUG - 감지된 얼굴 수: 1
2024-11-20 17:48:45,651 - main - DEBUG - 얼굴 감지 시도
2024-11-20 17:48:45,751 - main - DEBUG - 감지된 얼굴 수: 1
2024-11-20 17:48:45,771 - main - DEBUG - 얼굴 감지 시도
2024-11-20 17:48:45,871 - main - DEBUG - 감지된 얼굴 수: 1
2024-11-20 17:48:45,885 - main - DEBUG - 얼굴 감지 시도
2024-11-20 17:48:45,984 - main - DEBUG - 감지된 얼굴 수: 1
2024-11-20 17:48:46,009 - main - DEBUG - 얼굴 감지 시도
2024-11-20 17:48:46,109 - main - DEBUG - 감지된 얼굴 수: 1
2024-11-20 17:48:46,123 - main - DEBUG - 얼굴 감지 시도
2024-11-20 17:48:46,224 - main - DEBUG - 감지된 얼굴 수: 1
2024-11-20 17:48:46,247 - main - DEBUG - 얼굴 감지 시도
2024-11-20 17:48:46,347 - main - DEBUG - 감지된 얼굴 수: 1
2024-11-20 17:48:46,361 - main - DEBUG - 얼굴 감지 시도
2024-11-20 17:48:46,461 - main - DEBUG - 감지된 얼굴 수: 1
2024-11-20 17:48:46,478 - main - DEBUG - 얼굴 감지 시도
2024-11-20 17:48:46,578 - main - DEBUG - 감지된 얼굴 수: 1
2024-11-20 17:48:46,598 - main - DEBUG - 얼굴 감지 시도
2024-11-20 17:48:46,697 - main - DEBUG - 감지된 얼굴 수: 1
2024-11-20 17:48:46,712 - main - DEBUG - 얼굴 감지 시도
2024-11-20 17:48:46,812 - main - DEBUG - 감지된 얼굴 수: 1
2024-11-20 17:48:46,827 - main - DEBUG - 얼굴 감지 시도
2024-11-20 17:48:46,927 - main - DEBUG - 감지된 얼굴 수: 1
2024-11-20 17:48:46,950 - main - DEBUG - 얼굴 감지 시도
2024-11-20 17:48:47,049 - main - DEBUG - 감지된 얼굴 수: 1
2024-11-20 17:48:47,067 - main - DEBUG - 얼굴 감지 시도
2024-11-20 17:48:47,166 - main - DEBUG - 감지된 얼굴 수: 1
2024-11-20 17:48:47,184 - main - DEBUG - 얼굴 감지 시도
2024-11-20 17:48:47,284 - main - DEBUG - 감지된 얼굴 수: 1
2024-11-20 17:48:47,304 - main - DEBUG - 얼굴 감지 시도
2024-11-20 17:48:47,404 - main - DEBUG - 감지된 얼굴 수: 1
2024-11-20 17:48:47,420 - main - DEBUG - 얼굴 감지 시도
2024-11-20 17:48:47,520 - main - DEBUG - 감지된 얼굴 수: 1
2024-11-20 17:48:47,540 - main - DEBUG - 얼굴 감지 시도
2024-11-20 17:48:47,641 - main - DEBUG - 감지된 얼굴 수: 1
2024-11-20 17:48:47,656 - main - DEBUG - 얼굴 감지 시도
2024-11-20 17:48:47,756 - main - DEBUG - 감지된 얼굴 수: 1
2024-11-20 17:48:47,777 - main - DEBUG - 얼굴 감지 시도
2024-11-20 17:48:47,876 - main - DEBUG - 감지된 얼굴 수: 1
2024-11-20 17:48:47,893 - main - DEBUG - 얼굴 감지 시도
2024-11-20 17:48:47,992 - main - DEBUG - 감지된 얼굴 수: 1
2024-11-20 17:48:48,009 - main - DEBUG - 얼굴 감지 시도
2024-11-20 17:48:48,109 - main - DEBUG - 감지된 얼굴 수: 1
2024-11-20 17:48:48,124 - main - DEBUG - 얼굴 감지 시도
2024-11-20 17:48:48,223 - main - DEBUG - 감지된 얼굴 수: 1
2024-11-20 17:48:48,246 - main - DEBUG - 얼굴 감지 시도
2024-11-20 17:48:48,346 - main - DEBUG - 감지된 얼굴 수: 1
2024-11-20 17:48:48,361 - main - DEBUG - 얼굴 감지 시도
2024-11-20 17:48:48,462 - main - DEBUG - 감지된 얼굴 수: 1
2024-11-20 17:48:48,479 - main - DEBUG - 얼굴 감지 시도
2024-11-20 17:48:48,578 - main - DEBUG - 감지된 얼굴 수: 1
2024-11-20 17:48:48,600 - main - DEBUG - 얼굴 감지 시도
2024-11-20 17:48:48,699 - main - DEBUG - 감지된 얼굴 수: 1
2024-11-20 17:48:48,714 - main - DEBUG - 얼굴 감지 시도
2024-11-20 17:48:48,814 - main - DEBUG - 감지된 얼굴 수: 1
2024-11-20 17:48:48,832 - main - DEBUG - 얼굴 감지 시도
2024-11-20 17:48:48,932 - main - DEBUG - 감지된 얼굴 수: 1
2024-11-20 17:48:48,951 - main - DEBUG - 얼굴 감지 시도
2024-11-20 17:48:49,051 - main - DEBUG - 감지된 얼굴 수: 1
2024-11-20 17:48:49,074 - main - DEBUG - 얼굴 감지 시도
2024-11-20 17:48:49,174 - main - DEBUG - 감지된 얼굴 수: 1
2024-11-20 17:48:49,191 - main - DEBUG - 얼굴 감지 시도
2024-11-20 17:48:49,290 - main - DEBUG - 감지된 얼굴 수: 1
2024-11-20 17:48:49,308 - main - DEBUG - 얼굴 감지 시도
2024-11-20 17:48:49,409 - main - DEBUG - 감지된 얼굴 수: 1
2024-11-20 17:48:49,431 - main - DEBUG - 얼굴 감지 시도
2024-11-20 17:48:49,530 - main - DEBUG - 감지된 얼굴 수: 1
2024-11-20 17:48:49,547 - main - DEBUG - 얼굴 감지 시도
2024-11-20 17:48:49,647 - main - DEBUG - 감지된 얼굴 수: 1
2024-11-20 17:48:49,667 - main - DEBUG - 얼굴 감지 시도
2024-11-20 17:48:49,767 - main - DEBUG - 감지된 얼굴 수: 1
2024-11-20 17:48:49,787 - main - DEBUG - 얼굴 감지 시도
2024-11-20 17:48:49,887 - main - DEBUG - 감지된 얼굴 수: 1
2024-11-20 17:48:49,904 - main - DEBUG - 얼굴 감지 시도
2024-11-20 17:48:50,003 - main - DEBUG - 감지된 얼굴 수: 1
2024-11-20 17:48:50,017 - main - DEBUG - 얼굴 감지 시도
2024-11-20 17:48:50,117 - main - DEBUG - 감지된 얼굴 수: 1
2024-11-20 17:48:50,139 - main - DEBUG - 얼굴 감지 시도
2024-11-20 17:48:50,239 - main - DEBUG - 감지된 얼굴 수: 1
2024-11-20 17:48:50,252 - main - DEBUG - 얼굴 감지 시도
2024-11-20 17:48:50,351 - main - DEBUG - 감지된 얼굴 수: 1
2024-11-20 17:48:50,374 - main - DEBUG - 얼굴 감지 시도
2024-11-20 17:48:50,474 - main - DEBUG - 감지된 얼굴 수: 1
2024-11-20 17:48:50,490 - main - DEBUG - 얼굴 감지 시도
2024-11-20 17:48:50,590 - main - DEBUG - 감지된 얼굴 수: 1
2024-11-20 17:48:50,611 - main - DEBUG - 얼굴 감지 시도
2024-11-20 17:48:50,711 - main - DEBUG - 감지된 얼굴 수: 1
2024-11-20 17:48:50,727 - main - DEBUG - 얼굴 감지 시도
2024-11-20 17:48:50,827 - main - DEBUG - 감지된 얼굴 수: 1
2024-11-20 17:48:50,842 - main - DEBUG - 얼굴 감지 시도
2024-11-20 17:48:50,942 - main - DEBUG - 감지된 얼굴 수: 1
2024-11-20 17:48:50,965 - main - DEBUG - 얼굴 감지 시도
2024-11-20 17:48:51,064 - main - DEBUG - 감지된 얼굴 수: 1
2024-11-20 17:48:51,082 - main - DEBUG - 얼굴 감지 시도
2024-11-20 17:48:51,182 - main - DEBUG - 감지된 얼굴 수: 1
2024-11-20 17:48:51,201 - main - DEBUG - 얼굴 감지 시도
2024-11-20 17:48:51,300 - main - DEBUG - 감지된 얼굴 수: 1
2024-11-20 17:48:51,318 - main - DEBUG - 얼굴 감지 시도
2024-11-20 17:48:51,419 - main - DEBUG - 감지된 얼굴 수: 1
2024-11-20 17:48:51,442 - main - DEBUG - 얼굴 감지 시도
2024-11-20 17:48:51,543 - main - DEBUG - 감지된 얼굴 수: 1
2024-11-20 17:48:51,561 - main - DEBUG - 얼굴 감지 시도
2024-11-20 17:48:51,662 - main - DEBUG - 감지된 얼굴 수: 1
2024-11-20 17:48:51,679 - main - DEBUG - 얼굴 감지 시도
2024-11-20 17:48:51,779 - main - DEBUG - 감지된 얼굴 수: 1
2024-11-20 17:48:51,802 - main - DEBUG - 얼굴 감지 시도
2024-11-20 17:48:51,902 - main - DEBUG - 감지된 얼굴 수: 1
2024-11-20 17:48:51,920 - main - DEBUG - 얼굴 감지 시도
2024-11-20 17:48:52,020 - main - DEBUG - 감지된 얼굴 수: 1
2024-11-20 17:48:52,043 - main - DEBUG - 얼굴 감지 시도
2024-11-20 17:48:52,145 - main - DEBUG - 감지된 얼굴 수: 1
2024-11-20 17:48:52,159 - main - DEBUG - 얼굴 감지 시도
2024-11-20 17:48:52,260 - main - DEBUG - 감지된 얼굴 수: 1
2024-11-20 17:48:52,283 - main - DEBUG - 얼굴 감지 시도
2024-11-20 17:48:52,383 - main - DEBUG - 감지된 얼굴 수: 1
2024-11-20 17:48:52,400 - main - DEBUG - 얼굴 감지 시도
2024-11-20 17:48:52,500 - main - DEBUG - 감지된 얼굴 수: 0
2024-11-20 17:48:52,510 - main - DEBUG - 얼굴 감지 시도
2024-11-20 17:48:52,610 - main - DEBUG - 감지된 얼굴 수: 0
2024-11-20 17:48:52,628 - main - DEBUG - 얼굴 감지 시도
2024-11-20 17:48:52,728 - main - DEBUG - 감지된 얼굴 수: 0
2024-11-20 17:48:52,744 - main - DEBUG - 얼굴 감지 시도
2024-11-20 17:48:52,844 - main - DEBUG - 감지된 얼굴 수: 0
2024-11-20 17:48:52,855 - main - DEBUG - 얼굴 감지 시도
2024-11-20 17:48:52,955 - main - DEBUG - 감지된 얼굴 수: 0
2024-11-20 17:48:52,968 - main - DEBUG - 얼굴 감지 시도
2024-11-20 17:48:53,067 - main - DEBUG - 감지된 얼굴 수: 0
2024-11-20 17:48:53,083 - main - DEBUG - 얼굴 감지 시도
2024-11-20 17:48:53,183 - main - DEBUG - 감지된 얼굴 수: 0
2024-11-20 17:48:53,193 - main - DEBUG - 얼굴 감지 시도
2024-11-20 17:48:53,293 - main - DEBUG - 감지된 얼굴 수: 0
2024-11-20 17:48:53,308 - main - DEBUG - 얼굴 감지 시도
2024-11-20 17:48:53,409 - main - DEBUG - 감지된 얼굴 수: 0
2024-11-20 17:48:53,420 - main - DEBUG - 얼굴 감지 시도
2024-11-20 17:48:53,520 - main - DEBUG - 감지된 얼굴 수: 0
2024-11-20 17:48:53,538 - main - DEBUG - 얼굴 감지 시도
2024-11-20 17:48:53,637 - main - DEBUG - 감지된 얼굴 수: 0
2024-11-20 17:48:53,649 - main - DEBUG - 얼굴 감지 시도
2024-11-20 17:48:53,749 - main - DEBUG - 감지된 얼굴 수: 0
2024-11-20 17:48:53,765 - main - DEBUG - 얼굴 감지 시도
2024-11-20 17:48:53,864 - main - DEBUG - 감지된 얼굴 수: 0
2024-11-20 17:48:53,883 - main - DEBUG - 얼굴 감지 시도
2024-11-20 17:48:53,983 - main - DEBUG - 감지된 얼굴 수: 0
2024-11-20 17:48:53,993 - main - DEBUG - 얼굴 감지 시도
2024-11-20 17:48:54,093 - main - DEBUG - 감지된 얼굴 수: 0
2024-11-20 17:48:54,108 - main - DEBUG - 얼굴 감지 시도
2024-11-20 17:48:54,207 - main - DEBUG - 감지된 얼굴 수: 0
2024-11-20 17:48:54,223 - main - DEBUG - 얼굴 감지 시도
2024-11-20 17:48:54,322 - main - DEBUG - 감지된 얼굴 수: 0
2024-11-20 17:48:54,338 - main - DEBUG - 얼굴 감지 시도
2024-11-20 17:48:54,438 - main - DEBUG - 감지된 얼굴 수: 0
2024-11-20 17:48:54,450 - main - DEBUG - 얼굴 감지 시도
2024-11-20 17:48:54,550 - main - DEBUG - 감지된 얼굴 수: 0
2024-11-20 17:48:54,565 - main - DEBUG - 얼굴 감지 시도
2024-11-20 17:48:54,665 - main - DEBUG - 감지된 얼굴 수: 0
2024-11-20 17:48:54,683 - main - DEBUG - 얼굴 감지 시도
2024-11-20 17:48:54,783 - main - DEBUG - 감지된 얼굴 수: 0
2024-11-20 17:48:54,793 - main - DEBUG - 얼굴 감지 시도
2024-11-20 17:48:54,894 - main - DEBUG - 감지된 얼굴 수: 0
2024-11-20 17:48:54,908 - main - DEBUG - 얼굴 감지 시도
2024-11-20 17:48:55,008 - main - DEBUG - 감지된 얼굴 수: 0
2024-11-20 17:48:55,025 - main - DEBUG - 얼굴 감지 시도
2024-11-20 17:48:55,125 - main - DEBUG - 감지된 얼굴 수: 0
2024-11-20 17:48:55,140 - main - DEBUG - 얼굴 감지 시도
2024-11-20 17:48:55,240 - main - DEBUG - 감지된 얼굴 수: 0
2024-11-20 17:48:55,251 - main - DEBUG - 얼굴 감지 시도
2024-11-20 17:48:55,350 - main - DEBUG - 감지된 얼굴 수: 0
2024-11-20 17:48:55,365 - main - DEBUG - 얼굴 감지 시도
2024-11-20 17:48:55,465 - main - DEBUG - 감지된 얼굴 수: 0
2024-11-20 17:48:55,484 - main - DEBUG - 얼굴 감지 시도
2024-11-20 17:48:55,586 - main - DEBUG - 감지된 얼굴 수: 0
2024-11-20 17:48:55,598 - main - DEBUG - 얼굴 감지 시도
2024-11-20 17:48:55,698 - main - DEBUG - 감지된 얼굴 수: 0
2024-11-20 17:48:55,708 - main - DEBUG - 얼굴 감지 시도
2024-11-20 17:48:55,808 - main - DEBUG - 감지된 얼굴 수: 0
2024-11-20 17:48:55,819 - main - DEBUG - 얼굴 감지 시도
2024-11-20 17:48:55,919 - main - DEBUG - 감지된 얼굴 수: 0
2024-11-20 17:48:55,935 - main - DEBUG - 얼굴 감지 시도
2024-11-20 17:48:56,035 - main - DEBUG - 감지된 얼굴 수: 0
2024-11-20 17:48:56,044 - main - DEBUG - 얼굴 감지 시도
2024-11-20 17:48:56,144 - main - DEBUG - 감지된 얼굴 수: 0
2024-11-20 17:48:56,162 - main - DEBUG - 얼굴 감지 시도
2024-11-20 17:48:56,261 - main - DEBUG - 감지된 얼굴 수: 0
2024-11-20 17:48:56,279 - main - DEBUG - 얼굴 감지 시도
2024-11-20 17:48:56,379 - main - DEBUG - 감지된 얼굴 수: 0
2024-11-20 17:48:56,390 - main - DEBUG - 얼굴 감지 시도
2024-11-20 17:48:56,490 - main - DEBUG - 감지된 얼굴 수: 1
2024-11-20 17:48:56,506 - main - DEBUG - 얼굴 감지 시도
2024-11-20 17:48:56,605 - main - DEBUG - 감지된 얼굴 수: 1
2024-11-20 17:48:56,621 - main - DEBUG - 얼굴 감지 시도
2024-11-20 17:48:56,720 - main - DEBUG - 감지된 얼굴 수: 1
2024-11-20 17:48:56,741 - main - DEBUG - 얼굴 감지 시도
2024-11-20 17:48:56,841 - main - DEBUG - 감지된 얼굴 수: 1
2024-11-20 17:48:56,857 - main - DEBUG - 얼굴 감지 시도
2024-11-20 17:48:56,957 - main - DEBUG - 감지된 얼굴 수: 1
2024-11-20 17:48:56,979 - main - DEBUG - 얼굴 감지 시도
2024-11-20 17:48:57,078 - main - DEBUG - 감지된 얼굴 수: 1
2024-11-20 17:48:57,093 - main - DEBUG - 얼굴 감지 시도
2024-11-20 17:48:57,193 - main - DEBUG - 감지된 얼굴 수: 1
2024-11-20 17:48:57,211 - main - DEBUG - 얼굴 감지 시도
2024-11-20 17:48:57,311 - main - DEBUG - 감지된 얼굴 수: 1
2024-11-20 17:48:57,334 - main - DEBUG - 얼굴 감지 시도
2024-11-20 17:48:57,434 - main - DEBUG - 감지된 얼굴 수: 1
2024-11-20 17:48:57,451 - main - DEBUG - 얼굴 감지 시도
2024-11-20 17:48:57,550 - main - DEBUG - 감지된 얼굴 수: 1
2024-11-20 17:48:57,571 - main - DEBUG - 얼굴 감지 시도
2024-11-20 17:48:57,671 - main - DEBUG - 감지된 얼굴 수: 1
2024-11-20 17:48:57,685 - main - DEBUG - 얼굴 감지 시도
2024-11-20 17:48:57,785 - main - DEBUG - 감지된 얼굴 수: 1
2024-11-20 17:48:57,805 - main - DEBUG - 얼굴 감지 시도
2024-11-20 17:48:57,905 - main - DEBUG - 감지된 얼굴 수: 1
2024-11-20 17:48:57,920 - main - DEBUG - 얼굴 감지 시도
2024-11-20 17:48:58,019 - main - DEBUG - 감지된 얼굴 수: 1
2024-11-20 17:48:58,042 - main - DEBUG - 얼굴 감지 시도
2024-11-20 17:48:58,142 - main - DEBUG - 감지된 얼굴 수: 1
2024-11-20 17:48:58,158 - main - DEBUG - 얼굴 감지 시도
2024-11-20 17:48:58,258 - main - DEBUG - 감지된 얼굴 수: 0
2024-11-20 17:48:58,273 - main - DEBUG - 얼굴 감지 시도
2024-11-20 17:48:58,375 - main - DEBUG - 감지된 얼굴 수: 0
2024-11-20 17:48:58,387 - main - DEBUG - 얼굴 감지 시도
2024-11-20 17:48:58,487 - main - DEBUG - 감지된 얼굴 수: 0
2024-11-20 17:48:58,502 - main - DEBUG - 얼굴 감지 시도
2024-11-20 17:48:58,602 - main - DEBUG - 감지된 얼굴 수: 0
2024-11-20 17:48:58,617 - main - DEBUG - 얼굴 감지 시도
2024-11-20 17:48:58,719 - main - DEBUG - 감지된 얼굴 수: 0
2024-11-20 17:48:58,732 - main - DEBUG - 얼굴 감지 시도
2024-11-20 17:48:58,832 - main - DEBUG - 감지된 얼굴 수: 0
2024-11-20 17:48:58,842 - main - DEBUG - 얼굴 감지 시도
2024-11-20 17:48:58,942 - main - DEBUG - 감지된 얼굴 수: 0
2024-11-20 17:48:58,958 - main - DEBUG - 얼굴 감지 시도
2024-11-20 17:48:59,058 - main - DEBUG - 감지된 얼굴 수: 0
2024-11-20 17:48:59,072 - main - DEBUG - 얼굴 감지 시도
2024-11-20 17:48:59,173 - main - DEBUG - 감지된 얼굴 수: 0
2024-11-20 17:48:59,183 - main - DEBUG - 얼굴 감지 시도
2024-11-20 17:48:59,283 - main - DEBUG - 감지된 얼굴 수: 0
2024-11-20 17:48:59,298 - main - DEBUG - 얼굴 감지 시도
2024-11-20 17:48:59,399 - main - DEBUG - 감지된 얼굴 수: 0
2024-11-20 17:48:59,416 - main - DEBUG - 얼굴 감지 시도
2024-11-20 17:48:59,516 - main - DEBUG - 감지된 얼굴 수: 0
2024-11-20 17:48:59,525 - main - DEBUG - 얼굴 감지 시도
2024-11-20 17:48:59,626 - main - DEBUG - 감지된 얼굴 수: 1
2024-11-20 17:48:59,643 - main - DEBUG - 얼굴 감지 시도
2024-11-20 17:48:59,743 - main - DEBUG - 감지된 얼굴 수: 1
2024-11-20 17:48:59,766 - main - DEBUG - 얼굴 감지 시도
2024-11-20 17:48:59,865 - main - DEBUG - 감지된 얼굴 수: 1
2024-11-20 17:48:59,880 - main - DEBUG - 얼굴 감지 시도
2024-11-20 17:48:59,980 - main - DEBUG - 감지된 얼굴 수: 1
2024-11-20 17:49:00,002 - main - DEBUG - 얼굴 감지 시도
2024-11-20 17:49:00,102 - main - DEBUG - 감지된 얼굴 수: 1
2024-11-20 17:49:00,118 - main - DEBUG - 얼굴 감지 시도
2024-11-20 17:49:00,218 - main - DEBUG - 감지된 얼굴 수: 1
2024-11-20 17:49:00,241 - main - DEBUG - 얼굴 감지 시도
2024-11-20 17:49:00,341 - main - DEBUG - 감지된 얼굴 수: 1
2024-11-20 17:49:00,357 - main - DEBUG - 얼굴 감지 시도
2024-11-20 17:49:00,457 - main - DEBUG - 감지된 얼굴 수: 1
2024-11-20 17:49:00,473 - main - DEBUG - 얼굴 감지 시도
2024-11-20 17:49:00,575 - main - DEBUG - 감지된 얼굴 수: 1
2024-11-20 17:49:00,596 - main - DEBUG - 얼굴 감지 시도
2024-11-20 17:49:00,696 - main - DEBUG - 감지된 얼굴 수: 1
2024-11-20 17:49:00,713 - main - DEBUG - 얼굴 감지 시도
2024-11-20 17:49:00,815 - main - DEBUG - 감지된 얼굴 수: 1
2024-11-20 17:49:00,830 - main - DEBUG - 얼굴 감지 시도
2024-11-20 17:49:00,930 - main - DEBUG - 감지된 얼굴 수: 0
2024-11-20 17:49:00,948 - main - DEBUG - 얼굴 감지 시도
2024-11-20 17:49:01,048 - main - DEBUG - 감지된 얼굴 수: 1
2024-11-20 17:49:01,064 - main - DEBUG - 얼굴 감지 시도
2024-11-20 17:49:01,164 - main - DEBUG - 감지된 얼굴 수: 0
2024-11-20 17:49:01,177 - main - DEBUG - 얼굴 감지 시도
2024-11-20 17:49:01,277 - main - DEBUG - 감지된 얼굴 수: 0
2024-11-20 17:49:01,289 - main - DEBUG - 얼굴 감지 시도
2024-11-20 17:49:01,389 - main - DEBUG - 감지된 얼굴 수: 0
2024-11-20 17:49:01,405 - main - DEBUG - 얼굴 감지 시도
2024-11-20 17:49:01,505 - main - DEBUG - 감지된 얼굴 수: 0
2024-11-20 17:49:01,517 - main - DEBUG - 얼굴 감지 시도
2024-11-20 17:49:01,617 - main - DEBUG - 감지된 얼굴 수: 0
2024-11-20 17:49:01,626 - main - DEBUG - 얼굴 감지 시도
2024-11-20 17:49:01,727 - main - DEBUG - 감지된 얼굴 수: 0
2024-11-20 17:49:01,742 - main - DEBUG - 얼굴 감지 시도
2024-11-20 17:49:01,842 - main - DEBUG - 감지된 얼굴 수: 0
2024-11-20 17:49:01,854 - main - DEBUG - 얼굴 감지 시도
2024-11-20 17:49:01,954 - main - DEBUG - 감지된 얼굴 수: 1
2024-11-20 17:49:01,976 - main - DEBUG - 얼굴 감지 시도
2024-11-20 17:49:02,076 - main - DEBUG - 감지된 얼굴 수: 1
2024-11-20 17:49:02,094 - main - DEBUG - 얼굴 감지 시도
2024-11-20 17:49:02,193 - main - DEBUG - 감지된 얼굴 수: 1
2024-11-20 17:49:02,216 - main - DEBUG - 얼굴 감지 시도
2024-11-20 17:49:02,316 - main - DEBUG - 감지된 얼굴 수: 1
2024-11-20 17:49:02,334 - main - DEBUG - 얼굴 감지 시도
2024-11-20 17:49:02,435 - main - DEBUG - 감지된 얼굴 수: 0
2024-11-20 17:49:02,444 - main - DEBUG - 얼굴 감지 시도
2024-11-20 17:49:02,544 - main - DEBUG - 감지된 얼굴 수: 0
2024-11-20 17:49:02,562 - main - DEBUG - 얼굴 감지 시도
2024-11-20 17:49:02,662 - main - DEBUG - 감지된 얼굴 수: 0
2024-11-20 17:49:02,678 - main - DEBUG - 얼굴 감지 시도
2024-11-20 17:49:02,778 - main - DEBUG - 감지된 얼굴 수: 0
2024-11-20 17:49:02,793 - main - DEBUG - 얼굴 감지 시도
2024-11-20 17:49:02,893 - main - DEBUG - 감지된 얼굴 수: 1
2024-11-20 17:49:02,908 - main - DEBUG - 얼굴 감지 시도
2024-11-20 17:49:03,008 - main - DEBUG - 감지된 얼굴 수: 0
2024-11-20 17:49:03,023 - main - DEBUG - 얼굴 감지 시도
2024-11-20 17:49:03,123 - main - DEBUG - 감지된 얼굴 수: 1
2024-11-20 17:49:03,145 - main - DEBUG - 얼굴 감지 시도
2024-11-20 17:49:03,245 - main - DEBUG - 감지된 얼굴 수: 1
2024-11-20 17:49:03,259 - main - DEBUG - 얼굴 감지 시도
2024-11-20 17:49:03,360 - main - DEBUG - 감지된 얼굴 수: 1
2024-11-20 17:49:03,380 - main - DEBUG - 얼굴 감지 시도
2024-11-20 17:49:03,481 - main - DEBUG - 감지된 얼굴 수: 1
2024-11-20 17:49:03,499 - main - DEBUG - 얼굴 감지 시도
2024-11-20 17:49:03,600 - main - DEBUG - 감지된 얼굴 수: 1
2024-11-20 17:49:03,614 - main - DEBUG - 얼굴 감지 시도
2024-11-20 17:49:03,714 - main - DEBUG - 감지된 얼굴 수: 1
2024-11-20 17:49:03,737 - main - DEBUG - 얼굴 감지 시도
2024-11-20 17:49:03,840 - main - DEBUG - 감지된 얼굴 수: 0
2024-11-20 17:49:03,853 - main - DEBUG - 얼굴 감지 시도
2024-11-20 17:49:03,952 - main - DEBUG - 감지된 얼굴 수: 0
2024-11-20 17:49:03,968 - main - DEBUG - 얼굴 감지 시도
2024-11-20 17:49:04,068 - main - DEBUG - 감지된 얼굴 수: 1
2024-11-20 17:49:04,082 - main - DEBUG - 얼굴 감지 시도
2024-11-20 17:49:04,182 - main - DEBUG - 감지된 얼굴 수: 1
2024-11-20 17:49:04,204 - main - DEBUG - 얼굴 감지 시도
2024-11-20 17:49:04,304 - main - DEBUG - 감지된 얼굴 수: 1
2024-11-20 17:49:04,318 - main - DEBUG - 얼굴 감지 시도
2024-11-20 17:49:04,419 - main - DEBUG - 감지된 얼굴 수: 1
2024-11-20 17:49:04,440 - main - DEBUG - 얼굴 감지 시도
2024-11-20 17:49:04,539 - main - DEBUG - 감지된 얼굴 수: 1
2024-11-20 17:49:04,560 - main - DEBUG - 얼굴 감지 시도
2024-11-20 17:49:04,659 - main - DEBUG - 감지된 얼굴 수: 1
2024-11-20 17:49:04,682 - main - DEBUG - 얼굴 감지 시도
2024-11-20 17:49:04,782 - main - DEBUG - 감지된 얼굴 수: 1
2024-11-20 17:49:04,799 - main - DEBUG - 얼굴 감지 시도
2024-11-20 17:49:04,899 - main - DEBUG - 감지된 얼굴 수: 1
2024-11-20 17:49:04,913 - main - DEBUG - 얼굴 감지 시도
2024-11-20 17:49:05,013 - main - DEBUG - 감지된 얼굴 수: 1
2024-11-20 17:49:05,034 - main - DEBUG - 얼굴 감지 시도
2024-11-20 17:49:05,134 - main - DEBUG - 감지된 얼굴 수: 1
2024-11-20 17:49:05,149 - main - DEBUG - 얼굴 감지 시도
2024-11-20 17:49:05,249 - main - DEBUG - 감지된 얼굴 수: 1
2024-11-20 17:49:05,272 - main - DEBUG - 얼굴 감지 시도
2024-11-20 17:49:05,372 - main - DEBUG - 감지된 얼굴 수: 1
2024-11-20 17:49:05,390 - main - DEBUG - 얼굴 감지 시도
2024-11-20 17:49:05,489 - main - DEBUG - 감지된 얼굴 수: 1
2024-11-20 17:49:05,512 - main - DEBUG - 얼굴 감지 시도
2024-11-20 17:49:05,612 - main - DEBUG - 감지된 얼굴 수: 1
2024-11-20 17:49:05,630 - main - DEBUG - 얼굴 감지 시도
2024-11-20 17:49:05,729 - main - DEBUG - 감지된 얼굴 수: 1
2024-11-20 17:49:05,751 - main - DEBUG - 얼굴 감지 시도
2024-11-20 17:49:05,851 - main - DEBUG - 감지된 얼굴 수: 1
2024-11-20 17:49:05,870 - main - DEBUG - 얼굴 감지 시도
2024-11-20 17:49:05,970 - main - DEBUG - 감지된 얼굴 수: 1
2024-11-20 17:49:05,988 - main - DEBUG - 얼굴 감지 시도
2024-11-20 17:49:06,088 - main - DEBUG - 감지된 얼굴 수: 1
2024-11-20 17:49:06,107 - main - DEBUG - 얼굴 감지 시도
2024-11-20 17:49:06,206 - main - DEBUG - 감지된 얼굴 수: 1
2024-11-20 17:49:06,223 - main - DEBUG - 얼굴 감지 시도
2024-11-20 17:49:06,324 - main - DEBUG - 감지된 얼굴 수: 1
2024-11-20 17:49:06,347 - main - DEBUG - 얼굴 감지 시도
2024-11-20 17:49:06,447 - main - DEBUG - 감지된 얼굴 수: 1
2024-11-20 17:49:06,463 - main - DEBUG - 얼굴 감지 시도
2024-11-20 17:49:06,562 - main - DEBUG - 감지된 얼굴 수: 1
2024-11-20 17:49:06,582 - main - DEBUG - 얼굴 감지 시도
2024-11-20 17:49:06,682 - main - DEBUG - 감지된 얼굴 수: 1
2024-11-20 17:49:06,702 - main - DEBUG - 얼굴 감지 시도
2024-11-20 17:49:06,804 - main - DEBUG - 감지된 얼굴 수: 1
2024-11-20 17:49:06,818 - main - DEBUG - 얼굴 감지 시도
2024-11-20 17:49:06,918 - main - DEBUG - 감지된 얼굴 수: 1
2024-11-20 17:49:06,938 - main - DEBUG - 얼굴 감지 시도
2024-11-20 17:49:07,038 - main - DEBUG - 감지된 얼굴 수: 1
2024-11-20 17:49:07,056 - main - DEBUG - 얼굴 감지 시도
2024-11-20 17:49:07,156 - main - DEBUG - 감지된 얼굴 수: 1
2024-11-20 17:49:07,179 - main - DEBUG - 얼굴 감지 시도
2024-11-20 17:49:07,279 - main - DEBUG - 감지된 얼굴 수: 1
2024-11-20 17:49:07,293 - main - DEBUG - 얼굴 감지 시도
2024-11-20 17:49:07,396 - main - DEBUG - 감지된 얼굴 수: 1
2024-11-20 17:49:07,419 - main - DEBUG - 얼굴 감지 시도
2024-11-20 17:49:07,519 - main - DEBUG - 감지된 얼굴 수: 1
2024-11-20 17:49:07,533 - main - DEBUG - 얼굴 감지 시도
2024-11-20 17:49:07,636 - main - DEBUG - 감지된 얼굴 수: 1
2024-11-20 17:49:07,652 - main - DEBUG - 얼굴 감지 시도
2024-11-20 17:49:07,751 - main - DEBUG - 감지된 얼굴 수: 1
2024-11-20 17:49:07,773 - main - DEBUG - 얼굴 감지 시도
2024-11-20 17:49:07,876 - main - DEBUG - 감지된 얼굴 수: 1
2024-11-20 17:49:07,893 - main - DEBUG - 얼굴 감지 시도
2024-11-20 17:49:07,993 - main - DEBUG - 감지된 얼굴 수: 1
2024-11-20 17:49:08,010 - main - DEBUG - 얼굴 감지 시도
2024-11-20 17:49:08,110 - main - DEBUG - 감지된 얼굴 수: 1
2024-11-20 17:49:08,126 - main - DEBUG - 얼굴 감지 시도
2024-11-20 17:49:08,226 - main - DEBUG - 감지된 얼굴 수: 1
2024-11-20 17:49:08,245 - main - DEBUG - 얼굴 감지 시도
2024-11-20 17:49:08,345 - main - DEBUG - 감지된 얼굴 수: 1
2024-11-20 17:49:08,361 - main - DEBUG - 얼굴 감지 시도
2024-11-20 17:49:08,461 - main - DEBUG - 감지된 얼굴 수: 1
2024-11-20 17:49:08,478 - main - DEBUG - 얼굴 감지 시도
2024-11-20 17:49:08,578 - main - DEBUG - 감지된 얼굴 수: 1
2024-11-20 17:49:08,600 - main - DEBUG - 얼굴 감지 시도
2024-11-20 17:49:08,700 - main - DEBUG - 감지된 얼굴 수: 1
2024-11-20 17:49:08,718 - main - DEBUG - 얼굴 감지 시도
2024-11-20 17:49:08,817 - main - DEBUG - 감지된 얼굴 수: 0
2024-11-20 17:49:08,833 - main - DEBUG - 얼굴 감지 시도
2024-11-20 17:49:08,932 - main - DEBUG - 감지된 얼굴 수: 0
2024-11-20 17:49:08,952 - main - DEBUG - 얼굴 감지 시도
2024-11-20 17:49:09,051 - main - DEBUG - 감지된 얼굴 수: 0
2024-11-20 17:49:09,065 - main - DEBUG - 얼굴 감지 시도
2024-11-20 17:49:09,165 - main - DEBUG - 감지된 얼굴 수: 0
2024-11-20 17:49:09,178 - main - DEBUG - 얼굴 감지 시도
2024-11-20 17:49:09,278 - main - DEBUG - 감지된 얼굴 수: 1
2024-11-20 17:49:09,296 - main - DEBUG - 얼굴 감지 시도
2024-11-20 17:49:09,396 - main - DEBUG - 감지된 얼굴 수: 1
2024-11-20 17:49:09,418 - main - DEBUG - 얼굴 감지 시도
2024-11-20 17:49:09,518 - main - DEBUG - 감지된 얼굴 수: 0
2024-11-20 17:49:09,529 - main - DEBUG - 얼굴 감지 시도
2024-11-20 17:49:09,629 - main - DEBUG - 감지된 얼굴 수: 1
2024-11-20 17:49:09,645 - main - DEBUG - 얼굴 감지 시도
2024-11-20 17:49:09,745 - main - DEBUG - 감지된 얼굴 수: 1
2024-11-20 17:49:09,765 - main - DEBUG - 얼굴 감지 시도
2024-11-20 17:49:09,865 - main - DEBUG - 감지된 얼굴 수: 0
2024-11-20 17:49:09,883 - main - DEBUG - 얼굴 감지 시도
2024-11-20 17:49:09,985 - main - DEBUG - 감지된 얼굴 수: 0
2024-11-20 17:49:09,998 - main - DEBUG - 얼굴 감지 시도
2024-11-20 17:49:10,098 - main - DEBUG - 감지된 얼굴 수: 0
2024-11-20 17:49:10,107 - main - DEBUG - 얼굴 감지 시도
2024-11-20 17:49:10,207 - main - DEBUG - 감지된 얼굴 수: 0
2024-11-20 17:49:10,222 - main - DEBUG - 얼굴 감지 시도
2024-11-20 17:49:10,321 - main - DEBUG - 감지된 얼굴 수: 0
2024-11-20 17:49:10,335 - main - DEBUG - 얼굴 감지 시도
2024-11-20 17:49:10,436 - main - DEBUG - 감지된 얼굴 수: 0
2024-11-20 17:49:10,445 - main - DEBUG - 얼굴 감지 시도
2024-11-20 17:49:10,545 - main - DEBUG - 감지된 얼굴 수: 0
2024-11-20 17:49:10,561 - main - DEBUG - 얼굴 감지 시도
2024-11-20 17:49:10,660 - main - DEBUG - 감지된 얼굴 수: 0
2024-11-20 17:49:10,676 - main - DEBUG - 얼굴 감지 시도
2024-11-20 17:49:10,776 - main - DEBUG - 감지된 얼굴 수: 0
2024-11-20 17:49:10,789 - main - DEBUG - 얼굴 감지 시도
2024-11-20 17:49:10,889 - main - DEBUG - 감지된 얼굴 수: 0
2024-11-20 17:49:10,906 - main - DEBUG - 얼굴 감지 시도
2024-11-20 17:49:11,005 - main - DEBUG - 감지된 얼굴 수: 0
2024-11-20 17:49:11,017 - main - DEBUG - 얼굴 감지 시도
2024-11-20 17:49:11,117 - main - DEBUG - 감지된 얼굴 수: 0
2024-11-20 17:49:11,135 - main - DEBUG - 얼굴 감지 시도
2024-11-20 17:49:11,235 - main - DEBUG - 감지된 얼굴 수: 0
2024-11-20 17:49:11,244 - main - DEBUG - 얼굴 감지 시도
2024-11-20 17:49:11,343 - main - DEBUG - 감지된 얼굴 수: 0
2024-11-20 17:49:11,362 - main - DEBUG - 얼굴 감지 시도
2024-11-20 17:49:11,463 - main - DEBUG - 감지된 얼굴 수: 0
2024-11-20 17:49:11,479 - main - DEBUG - 얼굴 감지 시도
2024-11-20 17:49:11,579 - main - DEBUG - 감지된 얼굴 수: 0
2024-11-20 17:49:11,588 - main - DEBUG - 얼굴 감지 시도
2024-11-20 17:49:11,688 - main - DEBUG - 감지된 얼굴 수: 0
2024-11-20 17:49:11,704 - main - DEBUG - 얼굴 감지 시도
2024-11-20 17:49:11,807 - main - DEBUG - 감지된 얼굴 수: 0
2024-11-20 17:49:11,822 - main - DEBUG - 얼굴 감지 시도
2024-11-20 17:49:11,924 - main - DEBUG - 감지된 얼굴 수: 0
2024-11-20 17:49:11,939 - main - DEBUG - 얼굴 감지 시도
2024-11-20 17:49:12,039 - main - DEBUG - 감지된 얼굴 수: 0
2024-11-20 17:49:12,052 - main - DEBUG - 얼굴 감지 시도
2024-11-20 17:49:12,152 - main - DEBUG - 감지된 얼굴 수: 0
2024-11-20 17:49:12,167 - main - DEBUG - 얼굴 감지 시도
2024-11-20 17:49:12,267 - main - DEBUG - 감지된 얼굴 수: 0
2024-11-20 17:49:12,284 - main - DEBUG - 얼굴 감지 시도
2024-11-20 17:49:12,384 - main - DEBUG - 감지된 얼굴 수: 0
2024-11-20 17:49:12,395 - main - DEBUG - 얼굴 감지 시도
2024-11-20 17:49:12,495 - main - DEBUG - 감지된 얼굴 수: 1
2024-11-20 17:49:12,511 - main - DEBUG - 얼굴 감지 시도
2024-11-20 17:49:12,612 - main - DEBUG - 감지된 얼굴 수: 0
2024-11-20 17:49:12,630 - main - DEBUG - 얼굴 감지 시도
2024-11-20 17:49:12,730 - main - DEBUG - 감지된 얼굴 수: 0
2024-11-20 17:49:12,746 - main - DEBUG - 얼굴 감지 시도
2024-11-20 17:49:12,846 - main - DEBUG - 감지된 얼굴 수: 0
2024-11-20 17:49:12,857 - main - DEBUG - 얼굴 감지 시도
2024-11-20 17:49:12,957 - main - DEBUG - 감지된 얼굴 수: 0
2024-11-20 17:49:12,976 - main - DEBUG - 얼굴 감지 시도
2024-11-20 17:49:13,076 - main - DEBUG - 감지된 얼굴 수: 0
2024-11-20 17:49:13,086 - main - DEBUG - 얼굴 감지 시도
2024-11-20 17:49:13,186 - main - DEBUG - 감지된 얼굴 수: 0
2024-11-20 17:49:13,206 - main - DEBUG - 얼굴 감지 시도
2024-11-20 17:49:13,306 - main - DEBUG - 감지된 얼굴 수: 0
2024-11-20 17:49:13,319 - main - DEBUG - 얼굴 감지 시도
2024-11-20 17:49:13,421 - main - DEBUG - 감지된 얼굴 수: 0
2024-11-20 17:49:13,438 - main - DEBUG - 얼굴 감지 시도
2024-11-20 17:49:13,538 - main - DEBUG - 감지된 얼굴 수: 0
2024-11-20 17:49:13,547 - main - DEBUG - 얼굴 감지 시도
2024-11-20 17:49:13,647 - main - DEBUG - 감지된 얼굴 수: 0
2024-11-20 17:49:13,663 - main - DEBUG - 얼굴 감지 시도
2024-11-20 17:49:13,764 - main - DEBUG - 감지된 얼굴 수: 0
2024-11-20 17:49:13,779 - main - DEBUG - 얼굴 감지 시도
2024-11-20 17:49:13,879 - main - DEBUG - 감지된 얼굴 수: 0
2024-11-20 17:49:13,892 - main - DEBUG - 얼굴 감지 시도
2024-11-20 17:49:13,992 - main - DEBUG - 감지된 얼굴 수: 0
2024-11-20 17:49:14,006 - main - DEBUG - 얼굴 감지 시도
2024-11-20 17:49:14,106 - main - DEBUG - 감지된 얼굴 수: 0
2024-11-20 17:49:14,119 - main - DEBUG - 얼굴 감지 시도
2024-11-20 17:49:14,218 - main - DEBUG - 감지된 얼굴 수: 0
2024-11-20 17:49:14,232 - main - DEBUG - 얼굴 감지 시도
2024-11-20 17:49:14,332 - main - DEBUG - 감지된 얼굴 수: 0
2024-11-20 17:49:14,346 - main - DEBUG - 얼굴 감지 시도
2024-11-20 17:49:14,447 - main - DEBUG - 감지된 얼굴 수: 0
2024-11-20 17:49:14,456 - main - DEBUG - 얼굴 감지 시도
2024-11-20 17:49:14,556 - main - DEBUG - 감지된 얼굴 수: 0
2024-11-20 17:49:14,574 - main - DEBUG - 얼굴 감지 시도
2024-11-20 17:49:14,674 - main - DEBUG - 감지된 얼굴 수: 0
2024-11-20 17:49:14,685 - main - DEBUG - 얼굴 감지 시도
2024-11-20 17:49:14,785 - main - DEBUG - 감지된 얼굴 수: 0
2024-11-20 17:49:14,803 - main - DEBUG - 얼굴 감지 시도
2024-11-20 17:49:14,902 - main - DEBUG - 감지된 얼굴 수: 0
2024-11-20 17:49:14,912 - main - DEBUG - 얼굴 감지 시도
2024-11-20 17:49:15,011 - main - DEBUG - 감지된 얼굴 수: 0
2024-11-20 17:49:15,029 - main - DEBUG - 얼굴 감지 시도
2024-11-20 17:49:15,129 - main - DEBUG - 감지된 얼굴 수: 0
2024-11-20 17:49:15,147 - main - DEBUG - 얼굴 감지 시도
2024-11-20 17:49:15,247 - main - DEBUG - 감지된 얼굴 수: 0
2024-11-20 17:49:15,256 - main - DEBUG - 얼굴 감지 시도
2024-11-20 17:49:15,356 - main - DEBUG - 감지된 얼굴 수: 0
2024-11-20 17:49:15,373 - main - DEBUG - 얼굴 감지 시도
2024-11-20 17:49:15,474 - main - DEBUG - 감지된 얼굴 수: 1
2024-11-20 17:49:15,492 - main - DEBUG - 얼굴 감지 시도
2024-11-20 17:49:15,592 - main - DEBUG - 감지된 얼굴 수: 0
2024-11-20 17:49:15,606 - main - DEBUG - 얼굴 감지 시도
2024-11-20 17:49:15,706 - main - DEBUG - 감지된 얼굴 수: 1
2024-11-20 17:49:15,721 - main - DEBUG - 얼굴 감지 시도
2024-11-20 17:49:15,821 - main - DEBUG - 감지된 얼굴 수: 1
2024-11-20 17:49:15,845 - main - DEBUG - 얼굴 감지 시도
2024-11-20 17:49:15,945 - main - DEBUG - 감지된 얼굴 수: 1
2024-11-20 17:49:15,959 - main - DEBUG - 얼굴 감지 시도
2024-11-20 17:49:16,059 - main - DEBUG - 감지된 얼굴 수: 1
2024-11-20 17:49:16,077 - main - DEBUG - 얼굴 감지 시도
2024-11-20 17:49:16,178 - main - DEBUG - 감지된 얼굴 수: 1
2024-11-20 17:49:16,201 - main - DEBUG - 얼굴 감지 시도
2024-11-20 17:49:16,301 - main - DEBUG - 감지된 얼굴 수: 1
2024-11-20 17:49:16,318 - main - DEBUG - 얼굴 감지 시도
2024-11-20 17:49:16,420 - main - DEBUG - 감지된 얼굴 수: 1
2024-11-20 17:49:16,444 - main - DEBUG - 얼굴 감지 시도
2024-11-20 17:49:16,544 - main - DEBUG - 감지된 얼굴 수: 1
2024-11-20 17:49:16,558 - main - DEBUG - 얼굴 감지 시도
2024-11-20 17:49:16,658 - main - DEBUG - 감지된 얼굴 수: 0
2024-11-20 17:49:16,673 - main - DEBUG - 얼굴 감지 시도
2024-11-20 17:49:16,773 - main - DEBUG - 감지된 얼굴 수: 1
2024-11-20 17:49:16,787 - main - DEBUG - 얼굴 감지 시도
2024-11-20 17:49:16,887 - main - DEBUG - 감지된 얼굴 수: 1
2024-11-20 17:49:16,908 - main - DEBUG - 얼굴 감지 시도
2024-11-20 17:49:17,007 - main - DEBUG - 감지된 얼굴 수: 1
2024-11-20 17:49:17,025 - main - DEBUG - 얼굴 감지 시도
2024-11-20 17:49:17,125 - main - DEBUG - 감지된 얼굴 수: 1
2024-11-20 17:49:17,146 - main - DEBUG - 얼굴 감지 시도
2024-11-20 17:49:17,247 - main - DEBUG - 감지된 얼굴 수: 0
2024-11-20 17:49:17,256 - main - DEBUG - 얼굴 감지 시도
2024-11-20 17:49:17,356 - main - DEBUG - 감지된 얼굴 수: 0
2024-11-20 17:49:17,374 - main - DEBUG - 얼굴 감지 시도
2024-11-20 17:49:17,476 - main - DEBUG - 감지된 얼굴 수: 0
2024-11-20 17:49:17,489 - main - DEBUG - 얼굴 감지 시도
2024-11-20 17:49:17,589 - main - DEBUG - 감지된 얼굴 수: 0
2024-11-20 17:49:17,604 - main - DEBUG - 얼굴 감지 시도
2024-11-20 17:49:17,704 - main - DEBUG - 감지된 얼굴 수: 1
2024-11-20 17:49:17,720 - main - DEBUG - 얼굴 감지 시도
2024-11-20 17:49:17,820 - main - DEBUG - 감지된 얼굴 수: 1
2024-11-20 17:49:17,842 - main - DEBUG - 얼굴 감지 시도
2024-11-20 17:49:17,941 - main - DEBUG - 감지된 얼굴 수: 1
2024-11-20 17:49:17,960 - main - DEBUG - 얼굴 감지 시도
2024-11-20 17:49:18,060 - main - DEBUG - 감지된 얼굴 수: 1
2024-11-20 17:49:18,076 - main - DEBUG - 얼굴 감지 시도
2024-11-20 17:49:18,175 - main - DEBUG - 감지된 얼굴 수: 0
2024-11-20 17:49:18,191 - main - DEBUG - 얼굴 감지 시도
2024-11-20 17:49:18,291 - main - DEBUG - 감지된 얼굴 수: 0
2024-11-20 17:49:18,309 - main - DEBUG - 얼굴 감지 시도
2024-11-20 17:49:18,410 - main - DEBUG - 감지된 얼굴 수: 1
2024-11-20 17:49:18,428 - main - DEBUG - 얼굴 감지 시도
2024-11-20 17:49:18,527 - main - DEBUG - 감지된 얼굴 수: 0
2024-11-20 17:49:18,543 - main - DEBUG - 얼굴 감지 시도
2024-11-20 17:49:18,643 - main - DEBUG - 감지된 얼굴 수: 1
2024-11-20 17:49:18,661 - main - DEBUG - 얼굴 감지 시도
2024-11-20 17:49:18,761 - main - DEBUG - 감지된 얼굴 수: 0
2024-11-20 17:49:18,781 - main - DEBUG - 얼굴 감지 시도
2024-11-20 17:49:18,882 - main - DEBUG - 감지된 얼굴 수: 0
2024-11-20 17:49:18,891 - main - DEBUG - 얼굴 감지 시도
2024-11-20 17:49:18,992 - main - DEBUG - 감지된 얼굴 수: 0
2024-11-20 17:49:19,006 - main - DEBUG - 얼굴 감지 시도
2024-11-20 17:49:19,108 - main - DEBUG - 감지된 얼굴 수: 0
2024-11-20 17:49:19,121 - main - DEBUG - 얼굴 감지 시도
2024-11-20 17:49:19,223 - main - DEBUG - 감지된 얼굴 수: 0
2024-11-20 17:49:19,241 - main - DEBUG - 얼굴 감지 시도
2024-11-20 17:49:19,341 - main - DEBUG - 감지된 얼굴 수: 0
2024-11-20 17:49:19,353 - main - DEBUG - 얼굴 감지 시도
2024-11-20 17:49:19,454 - main - DEBUG - 감지된 얼굴 수: 0
2024-11-20 17:49:19,473 - main - DEBUG - 얼굴 감지 시도
2024-11-20 17:49:19,573 - main - DEBUG - 감지된 얼굴 수: 0
2024-11-20 17:49:19,586 - main - DEBUG - 얼굴 감지 시도
2024-11-20 17:49:19,686 - main - DEBUG - 감지된 얼굴 수: 0
2024-11-20 17:49:19,701 - main - DEBUG - 얼굴 감지 시도
2024-11-20 17:49:19,802 - main - DEBUG - 감지된 얼굴 수: 0
2024-11-20 17:49:19,815 - main - DEBUG - 얼굴 감지 시도
2024-11-20 17:49:19,916 - main - DEBUG - 감지된 얼굴 수: 0
2024-11-20 17:49:19,926 - main - DEBUG - 얼굴 감지 시도
2024-11-20 17:49:20,026 - main - DEBUG - 감지된 얼굴 수: 0
2024-11-20 17:49:20,043 - main - DEBUG - 얼굴 감지 시도
2024-11-20 17:49:20,143 - main - DEBUG - 감지된 얼굴 수: 0
2024-11-20 17:49:20,157 - main - DEBUG - 얼굴 감지 시도
2024-11-20 17:49:20,257 - main - DEBUG - 감지된 얼굴 수: 0
2024-11-20 17:49:20,271 - main - DEBUG - 얼굴 감지 시도
2024-11-20 17:49:20,371 - main - DEBUG - 감지된 얼굴 수: 0
2024-11-20 17:49:20,384 - main - DEBUG - 얼굴 감지 시도
2024-11-20 17:49:20,485 - main - DEBUG - 감지된 얼굴 수: 0
2024-11-20 17:49:20,499 - main - DEBUG - 얼굴 감지 시도
2024-11-20 17:49:20,598 - main - DEBUG - 감지된 얼굴 수: 0
2024-11-20 17:49:20,615 - main - DEBUG - 얼굴 감지 시도
2024-11-20 17:49:20,715 - main - DEBUG - 감지된 얼굴 수: 0
2024-11-20 17:49:20,724 - main - DEBUG - 얼굴 감지 시도
2024-11-20 17:49:20,824 - main - DEBUG - 감지된 얼굴 수: 0
2024-11-20 17:49:20,841 - main - DEBUG - 얼굴 감지 시도
2024-11-20 17:49:20,940 - main - DEBUG - 감지된 얼굴 수: 0
2024-11-20 17:49:20,953 - main - DEBUG - 얼굴 감지 시도
2024-11-20 17:49:21,053 - main - DEBUG - 감지된 얼굴 수: 0
2024-11-20 17:49:21,064 - main - DEBUG - 얼굴 감지 시도
2024-11-20 17:49:21,164 - main - DEBUG - 감지된 얼굴 수: 0
2024-11-20 17:49:21,177 - main - DEBUG - 얼굴 감지 시도
2024-11-20 17:49:21,277 - main - DEBUG - 감지된 얼굴 수: 0
2024-11-20 17:49:21,290 - main - DEBUG - 얼굴 감지 시도
2024-11-20 17:49:21,391 - main - DEBUG - 감지된 얼굴 수: 0
2024-11-20 17:49:21,406 - main - DEBUG - 얼굴 감지 시도
2024-11-20 17:49:21,506 - main - DEBUG - 감지된 얼굴 수: 0
2024-11-20 17:49:21,518 - main - DEBUG - 얼굴 감지 시도
2024-11-20 17:49:21,618 - main - DEBUG - 감지된 얼굴 수: 0
2024-11-20 17:49:21,634 - main - DEBUG - 얼굴 감지 시도
2024-11-20 17:49:21,734 - main - DEBUG - 감지된 얼굴 수: 0
2024-11-20 17:49:21,750 - main - DEBUG - 얼굴 감지 시도
2024-11-20 17:49:21,850 - main - DEBUG - 감지된 얼굴 수: 0
2024-11-20 17:49:21,862 - main - DEBUG - 얼굴 감지 시도
2024-11-20 17:49:21,962 - main - DEBUG - 감지된 얼굴 수: 0
2024-11-20 17:49:21,977 - main - DEBUG - 얼굴 감지 시도
2024-11-20 17:49:22,077 - main - DEBUG - 감지된 얼굴 수: 0
2024-11-20 17:49:22,086 - main - DEBUG - 얼굴 감지 시도
2024-11-20 17:49:22,186 - main - DEBUG - 감지된 얼굴 수: 0
2024-11-20 17:49:22,202 - main - DEBUG - 얼굴 감지 시도
2024-11-20 17:49:22,302 - main - DEBUG - 감지된 얼굴 수: 0
2024-11-20 17:49:22,313 - main - DEBUG - 얼굴 감지 시도
2024-11-20 17:49:22,416 - main - DEBUG - 감지된 얼굴 수: 0
2024-11-20 17:49:22,426 - main - DEBUG - 얼굴 감지 시도
2024-11-20 17:49:22,526 - main - DEBUG - 감지된 얼굴 수: 0
2024-11-20 17:49:22,541 - main - DEBUG - 얼굴 감지 시도
2024-11-20 17:49:22,640 - main - DEBUG - 감지된 얼굴 수: 0
2024-11-20 17:49:22,652 - main - DEBUG - 얼굴 감지 시도
2024-11-20 17:49:22,751 - main - DEBUG - 감지된 얼굴 수: 0
2024-11-20 17:49:22,766 - main - DEBUG - 얼굴 감지 시도
2024-11-20 17:49:22,867 - main - DEBUG - 감지된 얼굴 수: 0
2024-11-20 17:49:22,878 - main - DEBUG - 얼굴 감지 시도
2024-11-20 17:49:22,979 - main - DEBUG - 감지된 얼굴 수: 0
2024-11-20 17:49:22,994 - main - DEBUG - 얼굴 감지 시도
2024-11-20 17:49:23,094 - main - DEBUG - 감지된 얼굴 수: 0
2024-11-20 17:49:23,113 - main - DEBUG - 얼굴 감지 시도
2024-11-20 17:49:23,213 - main - DEBUG - 감지된 얼굴 수: 0
2024-11-20 17:49:23,225 - main - DEBUG - 얼굴 감지 시도
2024-11-20 17:49:23,325 - main - DEBUG - 감지된 얼굴 수: 0
2024-11-20 17:49:23,339 - main - DEBUG - 얼굴 감지 시도
2024-11-20 17:49:23,442 - main - DEBUG - 감지된 얼굴 수: 0
2024-11-20 17:49:23,451 - main - DEBUG - 얼굴 감지 시도
2024-11-20 17:49:23,551 - main - DEBUG - 감지된 얼굴 수: 0
2024-11-20 17:49:23,566 - main - DEBUG - 얼굴 감지 시도
2024-11-20 17:49:23,666 - main - DEBUG - 감지된 얼굴 수: 0
2024-11-20 17:49:23,678 - main - DEBUG - 얼굴 감지 시도
2024-11-20 17:49:23,778 - main - DEBUG - 감지된 얼굴 수: 0
2024-11-20 17:49:23,793 - main - DEBUG - 얼굴 감지 시도
2024-11-20 17:49:23,893 - main - DEBUG - 감지된 얼굴 수: 0
2024-11-20 17:49:23,911 - main - DEBUG - 얼굴 감지 시도
2024-11-20 17:49:24,011 - main - DEBUG - 감지된 얼굴 수: 0
2024-11-20 17:49:24,022 - main - DEBUG - 얼굴 감지 시도
2024-11-20 17:49:24,121 - main - DEBUG - 감지된 얼굴 수: 0
2024-11-20 17:49:24,139 - main - DEBUG - 얼굴 감지 시도
2024-11-20 17:49:24,239 - main - DEBUG - 감지된 얼굴 수: 0
2024-11-20 17:49:24,252 - main - DEBUG - 얼굴 감지 시도
2024-11-20 17:49:24,352 - main - DEBUG - 감지된 얼굴 수: 0
2024-11-20 17:49:24,366 - main - DEBUG - 얼굴 감지 시도
2024-11-20 17:49:24,467 - main - DEBUG - 감지된 얼굴 수: 0
2024-11-20 17:49:24,480 - main - DEBUG - 얼굴 감지 시도
2024-11-20 17:49:24,581 - main - DEBUG - 감지된 얼굴 수: 0
2024-11-20 17:49:24,598 - main - DEBUG - 얼굴 감지 시도
2024-11-20 17:49:24,698 - main - DEBUG - 감지된 얼굴 수: 0
2024-11-20 17:49:24,713 - main - DEBUG - 얼굴 감지 시도
2024-11-20 17:49:24,812 - main - DEBUG - 감지된 얼굴 수: 0
2024-11-20 17:49:24,829 - main - DEBUG - 얼굴 감지 시도
2024-11-20 17:49:24,928 - main - DEBUG - 감지된 얼굴 수: 0
2024-11-20 17:49:24,945 - main - DEBUG - 얼굴 감지 시도
2024-11-20 17:49:25,045 - main - DEBUG - 감지된 얼굴 수: 0
2024-11-20 17:49:25,054 - main - DEBUG - 얼굴 감지 시도
2024-11-20 17:49:25,154 - main - DEBUG - 감지된 얼굴 수: 0
2024-11-20 17:49:25,170 - main - DEBUG - 얼굴 감지 시도
2024-11-20 17:49:25,270 - main - DEBUG - 감지된 얼굴 수: 0
2024-11-20 17:49:25,280 - main - DEBUG - 얼굴 감지 시도
2024-11-20 17:49:25,380 - main - DEBUG - 감지된 얼굴 수: 0
2024-11-20 17:49:25,397 - main - DEBUG - 얼굴 감지 시도
2024-11-20 17:49:25,496 - main - DEBUG - 감지된 얼굴 수: 0
2024-11-20 17:49:25,512 - main - DEBUG - 얼굴 감지 시도
2024-11-20 17:49:25,614 - main - DEBUG - 감지된 얼굴 수: 1
2024-11-20 17:49:25,630 - main - DEBUG - 얼굴 감지 시도
2024-11-20 17:49:25,733 - main - DEBUG - 감지된 얼굴 수: 0
2024-11-20 17:49:25,750 - main - DEBUG - 얼굴 감지 시도
2024-11-20 17:49:25,850 - main - DEBUG - 감지된 얼굴 수: 0
2024-11-20 17:49:25,859 - main - DEBUG - 얼굴 감지 시도
2024-11-20 17:49:25,959 - main - DEBUG - 감지된 얼굴 수: 0
2024-11-20 17:49:25,976 - main - DEBUG - 얼굴 감지 시도
2024-11-20 17:49:26,076 - main - DEBUG - 감지된 얼굴 수: 0
2024-11-20 17:49:26,094 - main - DEBUG - 얼굴 감지 시도
2024-11-20 17:49:26,195 - main - DEBUG - 감지된 얼굴 수: 0
2024-11-20 17:49:26,211 - main - DEBUG - 얼굴 감지 시도
2024-11-20 17:49:26,311 - main - DEBUG - 감지된 얼굴 수: 0
2024-11-20 17:49:26,320 - main - DEBUG - 얼굴 감지 시도
2024-11-20 17:49:26,421 - main - DEBUG - 감지된 얼굴 수: 0
2024-11-20 17:49:26,437 - main - DEBUG - 얼굴 감지 시도
2024-11-20 17:49:26,536 - main - DEBUG - 감지된 얼굴 수: 0
2024-11-20 17:49:26,551 - main - DEBUG - 얼굴 감지 시도
2024-11-20 17:49:26,651 - main - DEBUG - 감지된 얼굴 수: 0
2024-11-20 17:49:26,667 - main - DEBUG - 얼굴 감지 시도
2024-11-20 17:49:26,767 - main - DEBUG - 감지된 얼굴 수: 0
2024-11-20 17:49:26,776 - main - DEBUG - 얼굴 감지 시도
2024-11-20 17:49:26,876 - main - DEBUG - 감지된 얼굴 수: 0
2024-11-20 17:49:26,892 - main - DEBUG - 얼굴 감지 시도
2024-11-20 17:49:26,992 - main - DEBUG - 감지된 얼굴 수: 0
2024-11-20 17:49:27,006 - main - DEBUG - 얼굴 감지 시도
2024-11-20 17:49:27,106 - main - DEBUG - 감지된 얼굴 수: 0
2024-11-20 17:49:27,117 - main - DEBUG - 얼굴 감지 시도
2024-11-20 17:49:27,216 - main - DEBUG - 감지된 얼굴 수: 0
2024-11-20 17:49:27,232 - main - DEBUG - 얼굴 감지 시도
2024-11-20 17:49:27,331 - main - DEBUG - 감지된 얼굴 수: 0
2024-11-20 17:49:27,348 - main - DEBUG - 얼굴 감지 시도
2024-11-20 17:49:27,451 - main - DEBUG - 감지된 얼굴 수: 0
2024-11-20 17:49:27,463 - main - DEBUG - 얼굴 감지 시도
2024-11-20 17:49:27,562 - main - DEBUG - 감지된 얼굴 수: 0
2024-11-20 17:49:27,577 - main - DEBUG - 얼굴 감지 시도
2024-11-20 17:49:27,677 - main - DEBUG - 감지된 얼굴 수: 0
2024-11-20 17:49:27,690 - main - DEBUG - 얼굴 감지 시도
2024-11-20 17:49:27,789 - main - DEBUG - 감지된 얼굴 수: 0
2024-11-20 17:49:27,805 - main - DEBUG - 얼굴 감지 시도
2024-11-20 17:49:27,906 - main - DEBUG - 감지된 얼굴 수: 0
2024-11-20 17:49:27,918 - main - DEBUG - 얼굴 감지 시도
2024-11-20 17:49:28,017 - main - DEBUG - 감지된 얼굴 수: 0
2024-11-20 17:49:28,031 - main - DEBUG - 얼굴 감지 시도
2024-11-20 17:49:28,130 - main - DEBUG - 감지된 얼굴 수: 0
2024-11-20 17:49:28,148 - main - DEBUG - 얼굴 감지 시도
2024-11-20 17:49:28,248 - main - DEBUG - 감지된 얼굴 수: 0
2024-11-20 17:49:28,257 - main - DEBUG - 얼굴 감지 시도
2024-11-20 17:49:28,357 - main - DEBUG - 감지된 얼굴 수: 0
2024-11-20 17:49:28,374 - main - DEBUG - 얼굴 감지 시도
2024-11-20 17:49:28,475 - main - DEBUG - 감지된 얼굴 수: 0
2024-11-20 17:49:28,485 - main - DEBUG - 얼굴 감지 시도
2024-11-20 17:49:28,585 - main - DEBUG - 감지된 얼굴 수: 1
2024-11-20 17:49:28,605 - main - DEBUG - 얼굴 감지 시도
2024-11-20 17:49:28,705 - main - DEBUG - 감지된 얼굴 수: 1
2024-11-20 17:49:28,719 - main - DEBUG - 얼굴 감지 시도
2024-11-20 17:49:28,819 - main - DEBUG - 감지된 얼굴 수: 1
2024-11-20 17:49:28,841 - main - DEBUG - 얼굴 감지 시도
2024-11-20 17:49:28,941 - main - DEBUG - 감지된 얼굴 수: 1
2024-11-20 17:49:28,957 - main - DEBUG - 얼굴 감지 시도
2024-11-20 17:49:29,057 - main - DEBUG - 감지된 얼굴 수: 0
2024-11-20 17:49:29,072 - main - DEBUG - 얼굴 감지 시도
2024-11-20 17:49:29,171 - main - DEBUG - 감지된 얼굴 수: 0
2024-11-20 17:49:29,183 - main - DEBUG - 얼굴 감지 시도
2024-11-20 17:49:29,283 - main - DEBUG - 감지된 얼굴 수: 0
2024-11-20 17:49:29,298 - main - DEBUG - 얼굴 감지 시도
2024-11-20 17:49:29,399 - main - DEBUG - 감지된 얼굴 수: 0
2024-11-20 17:49:29,416 - main - DEBUG - 얼굴 감지 시도
2024-11-20 17:49:29,517 - main - DEBUG - 감지된 얼굴 수: 0
2024-11-20 17:49:29,534 - main - DEBUG - 얼굴 감지 시도
2024-11-20 17:49:29,634 - main - DEBUG - 감지된 얼굴 수: 0
2024-11-20 17:49:29,643 - main - DEBUG - 얼굴 감지 시도
2024-11-20 17:49:29,743 - main - DEBUG - 감지된 얼굴 수: 0
2024-11-20 17:49:29,759 - main - DEBUG - 얼굴 감지 시도
2024-11-20 17:49:29,859 - main - DEBUG - 감지된 얼굴 수: 0
2024-11-20 17:49:29,874 - main - DEBUG - 얼굴 감지 시도
2024-11-20 17:49:29,974 - main - DEBUG - 감지된 얼굴 수: 0
2024-11-20 17:49:29,987 - main - DEBUG - 얼굴 감지 시도
2024-11-20 17:49:30,086 - main - DEBUG - 감지된 얼굴 수: 0
2024-11-20 17:49:30,103 - main - DEBUG - 얼굴 감지 시도
2024-11-20 17:49:30,202 - main - DEBUG - 감지된 얼굴 수: 0
2024-11-20 17:49:30,218 - main - DEBUG - 얼굴 감지 시도
2024-11-20 17:49:30,319 - main - DEBUG - 감지된 얼굴 수: 0
2024-11-20 17:49:30,336 - main - DEBUG - 얼굴 감지 시도
2024-11-20 17:49:30,438 - main - DEBUG - 감지된 얼굴 수: 0
2024-11-20 17:49:30,449 - main - DEBUG - 얼굴 감지 시도
2024-11-20 17:49:30,549 - main - DEBUG - 감지된 얼굴 수: 0
2024-11-20 17:49:30,565 - main - DEBUG - 얼굴 감지 시도
2024-11-20 17:49:30,665 - main - DEBUG - 감지된 얼굴 수: 0
2024-11-20 17:49:30,683 - main - DEBUG - 얼굴 감지 시도
2024-11-20 17:49:30,784 - main - DEBUG - 감지된 얼굴 수: 0
2024-11-20 17:49:30,795 - main - DEBUG - 얼굴 감지 시도
2024-11-20 17:49:30,895 - main - DEBUG - 감지된 얼굴 수: 0
2024-11-20 17:49:30,904 - main - DEBUG - 얼굴 감지 시도
2024-11-20 17:49:31,003 - main - DEBUG - 감지된 얼굴 수: 0
2024-11-20 17:49:31,019 - main - DEBUG - 얼굴 감지 시도
2024-11-20 17:49:31,120 - main - DEBUG - 감지된 얼굴 수: 0
2024-11-20 17:49:31,138 - main - DEBUG - 얼굴 감지 시도
2024-11-20 17:49:31,238 - main - DEBUG - 감지된 얼굴 수: 0
2024-11-20 17:49:31,249 - main - DEBUG - 얼굴 감지 시도
2024-11-20 17:49:31,349 - main - DEBUG - 감지된 얼굴 수: 0
2024-11-20 17:49:31,364 - main - DEBUG - 얼굴 감지 시도
2024-11-20 17:49:31,464 - main - DEBUG - 감지된 얼굴 수: 0
2024-11-20 17:49:31,482 - main - DEBUG - 얼굴 감지 시도
2024-11-20 17:49:31,583 - main - DEBUG - 감지된 얼굴 수: 0
2024-11-20 17:49:31,594 - main - DEBUG - 얼굴 감지 시도
2024-11-20 17:49:31,694 - main - DEBUG - 감지된 얼굴 수: 0
2024-11-20 17:49:31,707 - main - DEBUG - 얼굴 감지 시도
2024-11-20 17:49:31,806 - main - DEBUG - 감지된 얼굴 수: 0
2024-11-20 17:49:31,822 - main - DEBUG - 얼굴 감지 시도
2024-11-20 17:49:31,922 - main - DEBUG - 감지된 얼굴 수: 0
2024-11-20 17:49:31,937 - main - DEBUG - 얼굴 감지 시도
2024-11-20 17:49:32,037 - main - DEBUG - 감지된 얼굴 수: 0
2024-11-20 17:49:32,049 - main - DEBUG - 얼굴 감지 시도
2024-11-20 17:49:32,149 - main - DEBUG - 감지된 얼굴 수: 0
2024-11-20 17:49:32,164 - main - DEBUG - 얼굴 감지 시도
2024-11-20 17:49:32,264 - main - DEBUG - 감지된 얼굴 수: 0
2024-11-20 17:49:32,282 - main - DEBUG - 얼굴 감지 시도
2024-11-20 17:49:32,382 - main - DEBUG - 감지된 얼굴 수: 0
2024-11-20 17:49:32,394 - main - DEBUG - 얼굴 감지 시도
2024-11-20 17:49:32,494 - main - DEBUG - 감지된 얼굴 수: 0
2024-11-20 17:49:32,506 - main - DEBUG - 얼굴 감지 시도
2024-11-20 17:49:32,608 - main - DEBUG - 감지된 얼굴 수: 0
2024-11-20 17:49:32,624 - main - DEBUG - 얼굴 감지 시도
2024-11-20 17:49:32,723 - main - DEBUG - 감지된 얼굴 수: 0
2024-11-20 17:49:32,739 - main - DEBUG - 얼굴 감지 시도
2024-11-20 17:49:32,839 - main - DEBUG - 감지된 얼굴 수: 0
2024-11-20 17:49:32,850 - main - DEBUG - 얼굴 감지 시도
2024-11-20 17:49:32,950 - main - DEBUG - 감지된 얼굴 수: 0
2024-11-20 17:49:32,965 - main - DEBUG - 얼굴 감지 시도
2024-11-20 17:49:33,065 - main - DEBUG - 감지된 얼굴 수: 0
2024-11-20 17:49:33,083 - main - DEBUG - 얼굴 감지 시도
2024-11-20 17:49:33,184 - main - DEBUG - 감지된 얼굴 수: 0
2024-11-20 17:49:33,195 - main - DEBUG - 얼굴 감지 시도
2024-11-20 17:49:33,295 - main - DEBUG - 감지된 얼굴 수: 0
2024-11-20 17:49:33,307 - main - DEBUG - 얼굴 감지 시도
2024-11-20 17:49:33,408 - main - DEBUG - 감지된 얼굴 수: 0
2024-11-20 17:49:33,424 - main - DEBUG - 얼굴 감지 시도
2024-11-20 17:49:33,524 - main - DEBUG - 감지된 얼굴 수: 0
2024-11-20 17:49:33,537 - main - DEBUG - 얼굴 감지 시도
2024-11-20 17:49:33,636 - main - DEBUG - 감지된 얼굴 수: 0
2024-11-20 17:49:33,648 - main - DEBUG - 얼굴 감지 시도
2024-11-20 17:49:33,747 - main - DEBUG - 감지된 얼굴 수: 0
2024-11-20 17:49:33,765 - main - DEBUG - 얼굴 감지 시도
2024-11-20 17:49:33,866 - main - DEBUG - 감지된 얼굴 수: 0
2024-11-20 17:49:33,883 - main - DEBUG - 얼굴 감지 시도
2024-11-20 17:49:33,986 - main - DEBUG - 감지된 얼굴 수: 0
2024-11-20 17:49:33,998 - main - DEBUG - 얼굴 감지 시도
2024-11-20 17:49:34,102 - main - DEBUG - 감지된 얼굴 수: 0
2024-11-20 17:49:34,111 - main - DEBUG - 얼굴 감지 시도
2024-11-20 17:49:34,212 - main - DEBUG - 감지된 얼굴 수: 0
2024-11-20 17:49:34,228 - main - DEBUG - 얼굴 감지 시도
2024-11-20 17:49:34,328 - main - DEBUG - 감지된 얼굴 수: 0
2024-11-20 17:49:34,345 - main - DEBUG - 얼굴 감지 시도
2024-11-20 17:49:34,446 - main - DEBUG - 감지된 얼굴 수: 0
2024-11-20 17:49:34,459 - main - DEBUG - 얼굴 감지 시도
2024-11-20 17:49:34,561 - main - DEBUG - 감지된 얼굴 수: 0
2024-11-20 17:49:34,578 - main - DEBUG - 얼굴 감지 시도
2024-11-20 17:49:34,678 - main - DEBUG - 감지된 얼굴 수: 0
2024-11-20 17:49:34,691 - main - DEBUG - 얼굴 감지 시도
2024-11-20 17:49:34,790 - main - DEBUG - 감지된 얼굴 수: 0
2024-11-20 17:49:34,806 - main - DEBUG - 얼굴 감지 시도
2024-11-20 17:49:34,906 - main - DEBUG - 감지된 얼굴 수: 0
2024-11-20 17:49:34,923 - main - DEBUG - 얼굴 감지 시도
2024-11-20 17:49:35,023 - main - DEBUG - 감지된 얼굴 수: 0
2024-11-20 17:49:35,040 - main - DEBUG - 얼굴 감지 시도
2024-11-20 17:49:35,140 - main - DEBUG - 감지된 얼굴 수: 1
2024-11-20 17:49:35,156 - main - DEBUG - 얼굴 감지 시도
2024-11-20 17:49:35,256 - main - DEBUG - 감지된 얼굴 수: 0
2024-11-20 17:49:35,271 - main - DEBUG - 얼굴 감지 시도
2024-11-20 17:49:35,371 - main - DEBUG - 감지된 얼굴 수: 0
2024-11-20 17:49:35,387 - main - DEBUG - 얼굴 감지 시도
2024-11-20 17:49:35,488 - main - DEBUG - 감지된 얼굴 수: 0
2024-11-20 17:49:35,498 - main - DEBUG - 얼굴 감지 시도
2024-11-20 17:49:35,599 - main - DEBUG - 감지된 얼굴 수: 0
2024-11-20 17:49:35,610 - main - DEBUG - 얼굴 감지 시도
2024-11-20 17:49:35,709 - main - DEBUG - 감지된 얼굴 수: 1
2024-11-20 17:49:35,730 - main - DEBUG - 얼굴 감지 시도
2024-11-20 17:49:35,830 - main - DEBUG - 감지된 얼굴 수: 1
2024-11-20 17:49:35,850 - main - DEBUG - 얼굴 감지 시도
2024-11-20 17:49:35,950 - main - DEBUG - 감지된 얼굴 수: 0
2024-11-20 17:49:35,960 - main - DEBUG - 얼굴 감지 시도
2024-11-20 17:49:36,060 - main - DEBUG - 감지된 얼굴 수: 0
2024-11-20 17:49:36,074 - main - DEBUG - 얼굴 감지 시도
2024-11-20 17:49:36,183 - main - DEBUG - 감지된 얼굴 수: 1
2024-11-20 17:49:36,201 - main - DEBUG - 얼굴 감지 시도
2024-11-20 17:49:36,301 - main - DEBUG - 감지된 얼굴 수: 1
2024-11-20 17:49:36,318 - main - DEBUG - 얼굴 감지 시도
2024-11-20 17:49:36,420 - main - DEBUG - 감지된 얼굴 수: 0
2024-11-20 17:49:36,433 - main - DEBUG - 얼굴 감지 시도
2024-11-20 17:49:36,533 - main - DEBUG - 감지된 얼굴 수: 0
2024-11-20 17:49:36,549 - main - DEBUG - 얼굴 감지 시도
2024-11-20 17:49:36,651 - main - DEBUG - 감지된 얼굴 수: 1
2024-11-20 17:49:36,665 - main - DEBUG - 얼굴 감지 시도
2024-11-20 17:49:36,764 - main - DEBUG - 감지된 얼굴 수: 0
2024-11-20 17:49:36,778 - main - DEBUG - 얼굴 감지 시도
2024-11-20 17:49:36,878 - main - DEBUG - 감지된 얼굴 수: 0
2024-11-20 17:49:36,889 - main - DEBUG - 얼굴 감지 시도
2024-11-20 17:49:36,988 - main - DEBUG - 감지된 얼굴 수: 0
2024-11-20 17:49:37,004 - main - DEBUG - 얼굴 감지 시도
2024-11-20 17:49:37,104 - main - DEBUG - 감지된 얼굴 수: 0
2024-11-20 17:49:37,118 - main - DEBUG - 얼굴 감지 시도
2024-11-20 17:49:37,218 - main - DEBUG - 감지된 얼굴 수: 0
2024-11-20 17:49:37,233 - main - DEBUG - 얼굴 감지 시도
2024-11-20 17:49:37,333 - main - DEBUG - 감지된 얼굴 수: 0
2024-11-20 17:49:37,350 - main - DEBUG - 얼굴 감지 시도
2024-11-20 17:49:37,450 - main - DEBUG - 감지된 얼굴 수: 0
2024-11-20 17:49:37,461 - main - DEBUG - 얼굴 감지 시도
2024-11-20 17:49:37,560 - main - DEBUG - 감지된 얼굴 수: 0
2024-11-20 17:49:37,578 - main - DEBUG - 얼굴 감지 시도
2024-11-20 17:49:37,678 - main - DEBUG - 감지된 얼굴 수: 0
2024-11-20 17:49:37,691 - main - DEBUG - 얼굴 감지 시도
2024-11-20 17:49:37,791 - main - DEBUG - 감지된 얼굴 수: 0
2024-11-20 17:49:37,806 - main - DEBUG - 얼굴 감지 시도
2024-11-20 17:49:37,908 - main - DEBUG - 감지된 얼굴 수: 0
2024-11-20 17:49:37,921 - main - DEBUG - 얼굴 감지 시도
2024-11-20 17:49:38,020 - main - DEBUG - 감지된 얼굴 수: 0
2024-11-20 17:49:38,036 - main - DEBUG - 얼굴 감지 시도
2024-11-20 17:49:38,136 - main - DEBUG - 감지된 얼굴 수: 0
2024-11-20 17:49:38,151 - main - DEBUG - 얼굴 감지 시도
2024-11-20 17:49:38,250 - main - DEBUG - 감지된 얼굴 수: 0
2024-11-20 17:49:38,268 - main - DEBUG - 얼굴 감지 시도
2024-11-20 17:49:38,370 - main - DEBUG - 감지된 얼굴 수: 0
2024-11-20 17:49:38,380 - main - DEBUG - 얼굴 감지 시도
2024-11-20 17:49:38,480 - main - DEBUG - 감지된 얼굴 수: 0
2024-11-20 17:49:38,498 - main - DEBUG - 얼굴 감지 시도
2024-11-20 17:49:38,597 - main - DEBUG - 감지된 얼굴 수: 0
2024-11-20 17:49:38,615 - main - DEBUG - 얼굴 감지 시도
2024-11-20 17:49:38,714 - main - DEBUG - 감지된 얼굴 수: 0
2024-11-20 17:49:38,724 - main - DEBUG - 얼굴 감지 시도
2024-11-20 17:49:38,824 - main - DEBUG - 감지된 얼굴 수: 0
2024-11-20 17:49:38,842 - main - DEBUG - 얼굴 감지 시도
2024-11-20 17:49:38,941 - main - DEBUG - 감지된 얼굴 수: 0
2024-11-20 17:49:38,952 - main - DEBUG - 얼굴 감지 시도
2024-11-20 17:49:39,051 - main - DEBUG - 감지된 얼굴 수: 0
2024-11-20 17:49:39,063 - main - DEBUG - 얼굴 감지 시도
2024-11-20 17:49:39,162 - main - DEBUG - 감지된 얼굴 수: 0
2024-11-20 17:49:39,178 - main - DEBUG - 얼굴 감지 시도
2024-11-20 17:49:39,278 - main - DEBUG - 감지된 얼굴 수: 0
2024-11-20 17:49:39,290 - main - DEBUG - 얼굴 감지 시도
2024-11-20 17:49:39,391 - main - DEBUG - 감지된 얼굴 수: 0
2024-11-20 17:49:39,406 - main - DEBUG - 얼굴 감지 시도
2024-11-20 17:49:39,505 - main - DEBUG - 감지된 얼굴 수: 0
2024-11-20 17:49:39,519 - main - DEBUG - 얼굴 감지 시도
2024-11-20 17:49:39,619 - main - DEBUG - 감지된 얼굴 수: 0
2024-11-20 17:49:39,635 - main - DEBUG - 얼굴 감지 시도
2024-11-20 17:49:39,735 - main - DEBUG - 감지된 얼굴 수: 0
2024-11-20 17:49:39,752 - main - DEBUG - 얼굴 감지 시도
2024-11-20 17:49:39,851 - main - DEBUG - 감지된 얼굴 수: 0
2024-11-20 17:49:39,863 - main - DEBUG - 얼굴 감지 시도
2024-11-20 17:49:39,963 - main - DEBUG - 감지된 얼굴 수: 1
2024-11-20 17:49:39,979 - main - DEBUG - 얼굴 감지 시도
2024-11-20 17:49:40,078 - main - DEBUG - 감지된 얼굴 수: 0
2024-11-20 17:49:40,095 - main - DEBUG - 얼굴 감지 시도
2024-11-20 17:49:40,194 - main - DEBUG - 감지된 얼굴 수: 0
2024-11-20 17:49:40,210 - main - DEBUG - 얼굴 감지 시도
2024-11-20 17:49:40,310 - main - DEBUG - 감지된 얼굴 수: 0
2024-11-20 17:49:40,323 - main - DEBUG - 얼굴 감지 시도
2024-11-20 17:49:40,423 - main - DEBUG - 감지된 얼굴 수: 1
2024-11-20 17:49:40,440 - main - DEBUG - 얼굴 감지 시도
2024-11-20 17:49:40,539 - main - DEBUG - 감지된 얼굴 수: 0
2024-11-20 17:49:40,552 - main - DEBUG - 얼굴 감지 시도
2024-11-20 17:49:40,652 - main - DEBUG - 감지된 얼굴 수: 0
2024-11-20 17:49:40,663 - main - DEBUG - 얼굴 감지 시도
2024-11-20 17:49:40,763 - main - DEBUG - 감지된 얼굴 수: 0
2024-11-20 17:49:40,776 - main - DEBUG - 얼굴 감지 시도
2024-11-20 17:49:40,875 - main - DEBUG - 감지된 얼굴 수: 0
2024-11-20 17:49:40,886 - main - DEBUG - 얼굴 감지 시도
2024-11-20 17:49:40,986 - main - DEBUG - 감지된 얼굴 수: 0
2024-11-20 17:49:41,002 - main - DEBUG - 얼굴 감지 시도
2024-11-20 17:49:41,102 - main - DEBUG - 감지된 얼굴 수: 0
2024-11-20 17:49:41,113 - main - DEBUG - 얼굴 감지 시도
2024-11-20 17:49:41,213 - main - DEBUG - 감지된 얼굴 수: 0
2024-11-20 17:49:41,224 - main - DEBUG - 얼굴 감지 시도
2024-11-20 17:49:41,323 - main - DEBUG - 감지된 얼굴 수: 0
2024-11-20 17:49:41,339 - main - DEBUG - 얼굴 감지 시도
2024-11-20 17:49:41,440 - main - DEBUG - 감지된 얼굴 수: 0
2024-11-20 17:49:41,450 - main - DEBUG - 얼굴 감지 시도
2024-11-20 17:49:41,549 - main - DEBUG - 감지된 얼굴 수: 0
2024-11-20 17:49:41,565 - main - DEBUG - 얼굴 감지 시도
2024-11-20 17:49:41,667 - main - DEBUG - 감지된 얼굴 수: 0
2024-11-20 17:49:41,680 - main - DEBUG - 얼굴 감지 시도
2024-11-20 17:49:41,780 - main - DEBUG - 감지된 얼굴 수: 0
2024-11-20 17:49:41,796 - main - DEBUG - 얼굴 감지 시도
2024-11-20 17:49:41,895 - main - DEBUG - 감지된 얼굴 수: 0
2024-11-20 17:49:41,911 - main - DEBUG - 얼굴 감지 시도
2024-11-20 17:49:42,010 - main - DEBUG - 감지된 얼굴 수: 0
2024-11-20 17:49:42,027 - main - DEBUG - 얼굴 감지 시도
2024-11-20 17:49:42,127 - main - DEBUG - 감지된 얼굴 수: 0
2024-11-20 17:49:42,144 - main - DEBUG - 얼굴 감지 시도
2024-11-20 17:49:42,244 - main - DEBUG - 감지된 얼굴 수: 0
2024-11-20 17:49:42,254 - main - DEBUG - 얼굴 감지 시도
2024-11-20 17:49:42,353 - main - DEBUG - 감지된 얼굴 수: 0
2024-11-20 17:49:42,369 - main - DEBUG - 얼굴 감지 시도
2024-11-20 17:49:42,469 - main - DEBUG - 감지된 얼굴 수: 0
2024-11-20 17:49:42,479 - main - DEBUG - 얼굴 감지 시도
2024-11-20 17:49:42,579 - main - DEBUG - 감지된 얼굴 수: 0
2024-11-20 17:49:42,594 - main - DEBUG - 얼굴 감지 시도
2024-11-20 17:49:42,694 - main - DEBUG - 감지된 얼굴 수: 0
2024-11-20 17:49:42,712 - main - DEBUG - 얼굴 감지 시도
2024-11-20 17:49:42,812 - main - DEBUG - 감지된 얼굴 수: 0
2024-11-20 17:49:42,823 - main - DEBUG - 얼굴 감지 시도
2024-11-20 17:49:42,922 - main - DEBUG - 감지된 얼굴 수: 0
2024-11-20 17:49:42,938 - main - DEBUG - 얼굴 감지 시도
2024-11-20 17:49:43,037 - main - DEBUG - 감지된 얼굴 수: 0
2024-11-20 17:49:43,050 - main - DEBUG - 얼굴 감지 시도
2024-11-20 17:49:43,150 - main - DEBUG - 감지된 얼굴 수: 0
2024-11-20 17:49:43,160 - main - DEBUG - 얼굴 감지 시도
2024-11-20 17:49:43,260 - main - DEBUG - 감지된 얼굴 수: 0
2024-11-20 17:49:43,274 - main - DEBUG - 얼굴 감지 시도
2024-11-20 17:49:43,376 - main - DEBUG - 감지된 얼굴 수: 0
2024-11-20 17:49:43,386 - main - DEBUG - 얼굴 감지 시도
2024-11-20 17:49:43,487 - main - DEBUG - 감지된 얼굴 수: 0
2024-11-20 17:49:43,503 - main - DEBUG - 얼굴 감지 시도
2024-11-20 17:49:43,603 - main - DEBUG - 감지된 얼굴 수: 0
2024-11-20 17:49:43,614 - main - DEBUG - 얼굴 감지 시도
2024-11-20 17:49:43,713 - main - DEBUG - 감지된 얼굴 수: 0
2024-11-20 17:49:43,730 - main - DEBUG - 얼굴 감지 시도
2024-11-20 17:49:43,830 - main - DEBUG - 감지된 얼굴 수: 0
2024-11-20 17:49:43,845 - main - DEBUG - 얼굴 감지 시도
2024-11-20 17:49:43,947 - main - DEBUG - 감지된 얼굴 수: 1
2024-11-20 17:49:43,961 - main - DEBUG - 얼굴 감지 시도
2024-11-20 17:49:44,061 - main - DEBUG - 감지된 얼굴 수: 0
2024-11-20 17:49:44,073 - main - DEBUG - 얼굴 감지 시도
2024-11-20 17:49:44,173 - main - DEBUG - 감지된 얼굴 수: 0
2024-11-20 17:49:44,186 - main - DEBUG - 얼굴 감지 시도
2024-11-20 17:49:44,286 - main - DEBUG - 감지된 얼굴 수: 0
2024-11-20 17:49:44,297 - main - DEBUG - 얼굴 감지 시도
2024-11-20 17:49:44,398 - main - DEBUG - 감지된 얼굴 수: 1
2024-11-20 17:49:44,413 - main - DEBUG - 얼굴 감지 시도
2024-11-20 17:49:44,513 - main - DEBUG - 감지된 얼굴 수: 1
2024-11-20 17:49:44,536 - main - DEBUG - 얼굴 감지 시도
2024-11-20 17:49:44,636 - main - DEBUG - 감지된 얼굴 수: 1
2024-11-20 17:49:44,654 - main - DEBUG - 얼굴 감지 시도
2024-11-20 17:49:44,754 - main - DEBUG - 감지된 얼굴 수: 1
2024-11-20 17:49:44,776 - main - DEBUG - 얼굴 감지 시도
2024-11-20 17:49:44,876 - main - DEBUG - 감지된 얼굴 수: 1
2024-11-20 17:49:44,895 - main - DEBUG - 얼굴 감지 시도
2024-11-20 17:49:44,994 - main - DEBUG - 감지된 얼굴 수: 1
2024-11-20 17:49:45,015 - main - DEBUG - 얼굴 감지 시도
2024-11-20 17:49:45,114 - main - DEBUG - 감지된 얼굴 수: 0
2024-11-20 17:49:45,131 - main - DEBUG - 얼굴 감지 시도
2024-11-20 17:49:45,230 - main - DEBUG - 감지된 얼굴 수: 0
2024-11-20 17:49:45,242 - main - DEBUG - 얼굴 감지 시도
2024-11-20 17:49:45,341 - main - DEBUG - 감지된 얼굴 수: 0
2024-11-20 17:49:45,352 - main - DEBUG - 얼굴 감지 시도
2024-11-20 17:49:45,453 - main - DEBUG - 감지된 얼굴 수: 0
2024-11-20 17:49:45,473 - main - DEBUG - 얼굴 감지 시도
2024-11-20 17:49:45,572 - main - DEBUG - 감지된 얼굴 수: 0
2024-11-20 17:49:45,584 - main - DEBUG - 얼굴 감지 시도
2024-11-20 17:49:45,683 - main - DEBUG - 감지된 얼굴 수: 0
2024-11-20 17:49:45,699 - main - DEBUG - 얼굴 감지 시도
2024-11-20 17:49:45,799 - main - DEBUG - 감지된 얼굴 수: 0
2024-11-20 17:49:45,817 - main - DEBUG - 얼굴 감지 시도
2024-11-20 17:49:45,917 - main - DEBUG - 감지된 얼굴 수: 0
2024-11-20 17:49:45,935 - main - DEBUG - 얼굴 감지 시도
2024-11-20 17:49:46,035 - main - DEBUG - 감지된 얼굴 수: 0
2024-11-20 17:49:46,044 - main - DEBUG - 얼굴 감지 시도
2024-11-20 17:49:46,144 - main - DEBUG - 감지된 얼굴 수: 0
2024-11-20 17:49:46,162 - main - DEBUG - 얼굴 감지 시도
2024-11-20 17:49:46,262 - main - DEBUG - 감지된 얼굴 수: 0
2024-11-20 17:49:46,280 - main - DEBUG - 얼굴 감지 시도
2024-11-20 17:49:46,379 - main - DEBUG - 감지된 얼굴 수: 0
2024-11-20 17:49:46,390 - main - DEBUG - 얼굴 감지 시도
2024-11-20 17:49:46,489 - main - DEBUG - 감지된 얼굴 수: 0
2024-11-20 17:49:46,508 - main - DEBUG - 얼굴 감지 시도
2024-11-20 17:49:46,607 - main - DEBUG - 감지된 얼굴 수: 0
2024-11-20 17:49:46,618 - main - DEBUG - 얼굴 감지 시도
2024-11-20 17:49:46,717 - main - DEBUG - 감지된 얼굴 수: 0
2024-11-20 17:49:46,735 - main - DEBUG - 얼굴 감지 시도
2024-11-20 17:49:46,835 - main - DEBUG - 감지된 얼굴 수: 0
2024-11-20 17:49:46,846 - main - DEBUG - 얼굴 감지 시도
2024-11-20 17:49:46,946 - main - DEBUG - 감지된 얼굴 수: 0
2024-11-20 17:49:46,965 - main - DEBUG - 얼굴 감지 시도
2024-11-20 17:49:47,065 - main - DEBUG - 감지된 얼굴 수: 0
2024-11-20 17:49:47,083 - main - DEBUG - 얼굴 감지 시도
2024-11-20 17:49:47,183 - main - DEBUG - 감지된 얼굴 수: 0
2024-11-20 17:49:47,196 - main - DEBUG - 얼굴 감지 시도
2024-11-20 17:49:47,298 - main - DEBUG - 감지된 얼굴 수: 0
2024-11-20 17:49:47,307 - main - DEBUG - 얼굴 감지 시도
2024-11-20 17:49:47,408 - main - DEBUG - 감지된 얼굴 수: 0
2024-11-20 17:49:47,424 - main - DEBUG - 얼굴 감지 시도
2024-11-20 17:49:47,523 - main - DEBUG - 감지된 얼굴 수: 0
2024-11-20 17:49:47,539 - main - DEBUG - 얼굴 감지 시도
2024-11-20 17:49:47,639 - main - DEBUG - 감지된 얼굴 수: 0
2024-11-20 17:49:47,651 - main - DEBUG - 얼굴 감지 시도
2024-11-20 17:49:47,750 - main - DEBUG - 감지된 얼굴 수: 0
2024-11-20 17:49:47,766 - main - DEBUG - 얼굴 감지 시도
2024-11-20 17:49:47,867 - main - DEBUG - 감지된 얼굴 수: 0
2024-11-20 17:49:47,885 - main - DEBUG - 얼굴 감지 시도
2024-11-20 17:49:47,985 - main - DEBUG - 감지된 얼굴 수: 0
2024-11-20 17:49:47,998 - main - DEBUG - 얼굴 감지 시도
2024-11-20 17:49:48,097 - main - DEBUG - 감지된 얼굴 수: 0
2024-11-20 17:49:48,108 - main - DEBUG - 얼굴 감지 시도
2024-11-20 17:49:48,208 - main - DEBUG - 감지된 얼굴 수: 0
2024-11-20 17:49:48,225 - main - DEBUG - 얼굴 감지 시도
2024-11-20 17:49:48,325 - main - DEBUG - 감지된 얼굴 수: 0
2024-11-20 17:49:48,340 - main - DEBUG - 얼굴 감지 시도
2024-11-20 17:49:48,439 - main - DEBUG - 감지된 얼굴 수: 0
2024-11-20 17:49:48,453 - main - DEBUG - 얼굴 감지 시도
2024-11-20 17:49:48,553 - main - DEBUG - 감지된 얼굴 수: 0
2024-11-20 17:49:48,570 - main - DEBUG - 얼굴 감지 시도
2024-11-20 17:49:48,670 - main - DEBUG - 감지된 얼굴 수: 0
2024-11-20 17:49:48,680 - main - DEBUG - 얼굴 감지 시도
2024-11-20 17:49:48,780 - main - DEBUG - 감지된 얼굴 수: 0
2024-11-20 17:49:48,797 - main - DEBUG - 얼굴 감지 시도
2024-11-20 17:49:48,896 - main - DEBUG - 감지된 얼굴 수: 0
2024-11-20 17:49:48,908 - main - DEBUG - 얼굴 감지 시도
2024-11-20 17:49:49,007 - main - DEBUG - 감지된 얼굴 수: 0
2024-11-20 17:49:49,026 - main - DEBUG - 얼굴 감지 시도
2024-11-20 17:49:49,125 - main - DEBUG - 감지된 얼굴 수: 0
2024-11-20 17:49:49,141 - main - DEBUG - 얼굴 감지 시도
2024-11-20 17:49:49,240 - main - DEBUG - 감지된 얼굴 수: 0
2024-11-20 17:49:49,253 - main - DEBUG - 얼굴 감지 시도
2024-11-20 17:49:49,352 - main - DEBUG - 감지된 얼굴 수: 0
2024-11-20 17:49:49,369 - main - DEBUG - 얼굴 감지 시도
2024-11-20 17:49:49,472 - main - DEBUG - 감지된 얼굴 수: 0
2024-11-20 17:49:49,481 - main - DEBUG - 얼굴 감지 시도
2024-11-20 17:49:49,581 - main - DEBUG - 감지된 얼굴 수: 0
2024-11-20 17:49:49,598 - main - DEBUG - 얼굴 감지 시도
2024-11-20 17:49:49,698 - main - DEBUG - 감지된 얼굴 수: 0
2024-11-20 17:49:49,709 - main - DEBUG - 얼굴 감지 시도
2024-11-20 17:49:49,808 - main - DEBUG - 감지된 얼굴 수: 0
2024-11-20 17:49:49,827 - main - DEBUG - 얼굴 감지 시도
2024-11-20 17:49:49,927 - main - DEBUG - 감지된 얼굴 수: 0
2024-11-20 17:49:49,943 - main - DEBUG - 얼굴 감지 시도
2024-11-20 17:49:50,043 - main - DEBUG - 감지된 얼굴 수: 0
2024-11-20 17:49:50,059 - main - DEBUG - 얼굴 감지 시도
2024-11-20 17:49:50,160 - main - DEBUG - 감지된 얼굴 수: 0
2024-11-20 17:49:50,179 - main - DEBUG - 얼굴 감지 시도
2024-11-20 17:49:50,278 - main - DEBUG - 감지된 얼굴 수: 0
2024-11-20 17:49:50,292 - main - DEBUG - 얼굴 감지 시도
2024-11-20 17:49:50,393 - main - DEBUG - 감지된 얼굴 수: 0
2024-11-20 17:49:50,411 - main - DEBUG - 얼굴 감지 시도
2024-11-20 17:49:50,511 - main - DEBUG - 감지된 얼굴 수: 0
2024-11-20 17:49:50,522 - main - DEBUG - 얼굴 감지 시도
2024-11-20 17:49:50,621 - main - DEBUG - 감지된 얼굴 수: 0
2024-11-20 17:49:50,638 - main - DEBUG - 얼굴 감지 시도
2024-11-20 17:49:50,738 - main - DEBUG - 감지된 얼굴 수: 0
2024-11-20 17:49:50,748 - main - DEBUG - 얼굴 감지 시도
2024-11-20 17:49:50,847 - main - DEBUG - 감지된 얼굴 수: 0
2024-11-20 17:49:50,857 - main - DEBUG - 얼굴 감지 시도
2024-11-20 17:49:50,956 - main - DEBUG - 감지된 얼굴 수: 1
2024-11-20 17:49:50,977 - main - DEBUG - 얼굴 감지 시도
2024-11-20 17:49:51,077 - main - DEBUG - 감지된 얼굴 수: 1
2024-11-20 17:49:51,095 - main - DEBUG - 얼굴 감지 시도
2024-11-20 17:49:51,194 - main - DEBUG - 감지된 얼굴 수: 1
2024-11-20 17:49:51,209 - main - DEBUG - 얼굴 감지 시도
2024-11-20 17:49:51,310 - main - DEBUG - 감지된 얼굴 수: 1
2024-11-20 17:49:51,331 - main - DEBUG - 얼굴 감지 시도
2024-11-20 17:49:51,432 - main - DEBUG - 감지된 얼굴 수: 1
2024-11-20 17:49:51,450 - main - DEBUG - 얼굴 감지 시도
2024-11-20 17:49:51,552 - main - DEBUG - 감지된 얼굴 수: 1
2024-11-20 17:49:51,569 - main - DEBUG - 얼굴 감지 시도
2024-11-20 17:49:51,669 - main - DEBUG - 감지된 얼굴 수: 1
2024-11-20 17:49:51,685 - main - DEBUG - 얼굴 감지 시도
2024-11-20 17:49:51,785 - main - DEBUG - 감지된 얼굴 수: 1
2024-11-20 17:49:51,804 - main - DEBUG - 얼굴 감지 시도
2024-11-20 17:49:51,904 - main - DEBUG - 감지된 얼굴 수: 1
2024-11-20 17:49:51,919 - main - DEBUG - 얼굴 감지 시도
2024-11-20 17:49:52,019 - main - DEBUG - 감지된 얼굴 수: 0
2024-11-20 17:49:52,034 - main - DEBUG - 얼굴 감지 시도
2024-11-20 17:49:52,133 - main - DEBUG - 감지된 얼굴 수: 1
2024-11-20 17:49:52,153 - main - DEBUG - 얼굴 감지 시도
2024-11-20 17:49:52,252 - main - DEBUG - 감지된 얼굴 수: 0
2024-11-20 17:49:52,264 - main - DEBUG - 얼굴 감지 시도
2024-11-20 17:49:52,364 - main - DEBUG - 감지된 얼굴 수: 0
2024-11-20 17:49:52,376 - main - DEBUG - 얼굴 감지 시도
2024-11-20 17:49:52,476 - main - DEBUG - 감지된 얼굴 수: 1
2024-11-20 17:49:52,494 - main - DEBUG - 얼굴 감지 시도
2024-11-20 17:49:52,593 - main - DEBUG - 감지된 얼굴 수: 0
2024-11-20 17:49:52,609 - main - DEBUG - 얼굴 감지 시도
2024-11-20 17:49:52,709 - main - DEBUG - 감지된 얼굴 수: 1
2024-11-20 17:49:52,723 - main - DEBUG - 얼굴 감지 시도
2024-11-20 17:49:52,823 - main - DEBUG - 감지된 얼굴 수: 0
2024-11-20 17:49:52,840 - main - DEBUG - 얼굴 감지 시도
2024-11-20 17:49:52,942 - main - DEBUG - 감지된 얼굴 수: 0
2024-11-20 17:49:52,953 - main - DEBUG - 얼굴 감지 시도
2024-11-20 17:49:53,053 - main - DEBUG - 감지된 얼굴 수: 0
2024-11-20 17:49:53,071 - main - DEBUG - 얼굴 감지 시도
2024-11-20 17:49:53,173 - main - DEBUG - 감지된 얼굴 수: 0
2024-11-20 17:49:53,184 - main - DEBUG - 얼굴 감지 시도
2024-11-20 17:49:53,285 - main - DEBUG - 감지된 얼굴 수: 0
2024-11-20 17:49:53,301 - main - DEBUG - 얼굴 감지 시도
2024-11-20 17:49:53,401 - main - DEBUG - 감지된 얼굴 수: 0
2024-11-20 17:49:53,416 - main - DEBUG - 얼굴 감지 시도
2024-11-20 17:49:53,516 - main - DEBUG - 감지된 얼굴 수: 1
2024-11-20 17:49:53,532 - main - DEBUG - 얼굴 감지 시도
2024-11-20 17:49:53,632 - main - DEBUG - 감지된 얼굴 수: 1
2024-11-20 17:49:53,648 - main - DEBUG - 얼굴 감지 시도
2024-11-20 17:49:53,748 - main - DEBUG - 감지된 얼굴 수: 1
2024-11-20 17:49:53,763 - main - DEBUG - 얼굴 감지 시도
2024-11-20 17:49:53,863 - main - DEBUG - 감지된 얼굴 수: 1
2024-11-20 17:49:53,884 - main - DEBUG - 얼굴 감지 시도
2024-11-20 17:49:53,984 - main - DEBUG - 감지된 얼굴 수: 1
2024-11-20 17:49:53,999 - main - DEBUG - 얼굴 감지 시도
2024-11-20 17:49:54,099 - main - DEBUG - 감지된 얼굴 수: 1
2024-11-20 17:49:54,116 - main - DEBUG - 얼굴 감지 시도
2024-11-20 17:49:54,215 - main - DEBUG - 감지된 얼굴 수: 1
2024-11-20 17:49:54,236 - main - DEBUG - 얼굴 감지 시도
2024-11-20 17:49:54,338 - main - DEBUG - 감지된 얼굴 수: 1
2024-11-20 17:49:54,355 - main - DEBUG - 얼굴 감지 시도
2024-11-20 17:49:54,455 - main - DEBUG - 감지된 얼굴 수: 1
2024-11-20 17:49:54,472 - main - DEBUG - 얼굴 감지 시도
2024-11-20 17:49:54,571 - main - DEBUG - 감지된 얼굴 수: 1
2024-11-20 17:49:54,588 - main - DEBUG - 얼굴 감지 시도
2024-11-20 17:49:54,688 - main - DEBUG - 감지된 얼굴 수: 1
2024-11-20 17:49:54,710 - main - DEBUG - 얼굴 감지 시도
2024-11-20 17:49:54,810 - main - DEBUG - 감지된 얼굴 수: 1
2024-11-20 17:49:54,825 - main - DEBUG - 얼굴 감지 시도
2024-11-20 17:49:54,925 - main - DEBUG - 감지된 얼굴 수: 1
2024-11-20 17:49:54,948 - main - DEBUG - 얼굴 감지 시도
2024-11-20 17:49:55,048 - main - DEBUG - 감지된 얼굴 수: 1
2024-11-20 17:49:55,064 - main - DEBUG - 얼굴 감지 시도
2024-11-20 17:49:55,164 - main - DEBUG - 감지된 얼굴 수: 1
2024-11-20 17:49:55,179 - main - DEBUG - 얼굴 감지 시도
2024-11-20 17:49:55,279 - main - DEBUG - 감지된 얼굴 수: 1
2024-11-20 17:49:55,298 - main - DEBUG - 얼굴 감지 시도
2024-11-20 17:49:55,400 - main - DEBUG - 감지된 얼굴 수: 1
2024-11-20 17:49:55,417 - main - DEBUG - 얼굴 감지 시도
2024-11-20 17:49:55,517 - main - DEBUG - 감지된 얼굴 수: 1
2024-11-20 17:49:55,537 - main - DEBUG - 얼굴 감지 시도
2024-11-20 17:49:55,637 - main - DEBUG - 감지된 얼굴 수: 1
2024-11-20 17:49:55,651 - main - DEBUG - 얼굴 감지 시도
2024-11-20 17:49:55,751 - main - DEBUG - 감지된 얼굴 수: 1
2024-11-20 18:05:50,194 - main - INFO - 프로그램 시작
2024-11-20 18:05:50,194 - main - DEBUG - 얼굴 감지기 초기화 시도
2024-11-20 18:05:51,395 - main - INFO - 얼굴 감지기 초기화 성공
2024-11-20 18:07:07,302 - main - DEBUG - 얼굴 감지 시도
2024-11-20 18:07:07,404 - main - DEBUG - 감지된 얼굴 수: 1
2024-11-20 18:07:07,422 - main - DEBUG - 얼굴 감지 시도
2024-11-20 18:07:07,522 - main - DEBUG - 감지된 얼굴 수: 1
2024-11-20 18:07:07,537 - main - DEBUG - 얼굴 감지 시도
2024-11-20 18:07:07,637 - main - DEBUG - 감지된 얼굴 수: 1
2024-11-20 18:07:07,654 - main - DEBUG - 얼굴 감지 시도
2024-11-20 18:07:07,754 - main - DEBUG - 감지된 얼굴 수: 1
2024-11-20 18:07:07,772 - main - DEBUG - 얼굴 감지 시도
2024-11-20 18:07:07,872 - main - DEBUG - 감지된 얼굴 수: 1
2024-11-20 18:07:07,889 - main - DEBUG - 얼굴 감지 시도
2024-11-20 18:07:07,994 - main - DEBUG - 감지된 얼굴 수: 1
2024-11-20 18:07:08,012 - main - DEBUG - 얼굴 감지 시도
2024-11-20 18:07:08,112 - main - DEBUG - 감지된 얼굴 수: 1
2024-11-20 18:07:08,126 - main - DEBUG - 얼굴 감지 시도
2024-11-20 18:07:08,226 - main - DEBUG - 감지된 얼굴 수: 1
2024-11-20 18:07:08,244 - main - DEBUG - 얼굴 감지 시도
2024-11-20 18:07:08,344 - main - DEBUG - 감지된 얼굴 수: 1
2024-11-20 18:07:08,363 - main - DEBUG - 얼굴 감지 시도
2024-11-20 18:07:08,463 - main - DEBUG - 감지된 얼굴 수: 1
2024-11-20 18:07:08,480 - main - DEBUG - 얼굴 감지 시도
2024-11-20 18:07:08,579 - main - DEBUG - 감지된 얼굴 수: 1
2024-11-20 18:07:08,600 - main - DEBUG - 얼굴 감지 시도
2024-11-20 18:07:08,700 - main - DEBUG - 감지된 얼굴 수: 1
2024-11-20 18:07:08,714 - main - DEBUG - 얼굴 감지 시도
2024-11-20 18:07:08,813 - main - DEBUG - 감지된 얼굴 수: 1
2024-11-20 18:07:08,832 - main - DEBUG - 얼굴 감지 시도
2024-11-20 18:07:08,932 - main - DEBUG - 감지된 얼굴 수: 1
2024-11-20 18:07:08,946 - main - DEBUG - 얼굴 감지 시도
2024-11-20 18:07:09,046 - main - DEBUG - 감지된 얼굴 수: 1
2024-11-20 18:07:09,069 - main - DEBUG - 얼굴 감지 시도
2024-11-20 18:07:09,169 - main - DEBUG - 감지된 얼굴 수: 1
2024-11-20 18:07:09,187 - main - DEBUG - 얼굴 감지 시도
2024-11-20 18:07:09,287 - main - DEBUG - 감지된 얼굴 수: 1
2024-11-20 18:07:09,308 - main - DEBUG - 얼굴 감지 시도
2024-11-20 18:07:09,408 - main - DEBUG - 감지된 얼굴 수: 1
2024-11-20 18:07:09,423 - main - DEBUG - 얼굴 감지 시도
2024-11-20 18:07:09,523 - main - DEBUG - 감지된 얼굴 수: 1
2024-11-20 18:07:09,538 - main - DEBUG - 얼굴 감지 시도
2024-11-20 18:07:09,638 - main - DEBUG - 감지된 얼굴 수: 1
2024-11-20 18:07:09,657 - main - DEBUG - 얼굴 감지 시도
2024-11-20 18:07:09,758 - main - DEBUG - 감지된 얼굴 수: 1
2024-11-20 18:07:09,772 - main - DEBUG - 얼굴 감지 시도
2024-11-20 18:07:09,871 - main - DEBUG - 감지된 얼굴 수: 1
2024-11-20 18:07:09,892 - main - DEBUG - 얼굴 감지 시도
2024-11-20 18:07:09,993 - main - DEBUG - 감지된 얼굴 수: 1
2024-11-20 18:07:10,013 - main - DEBUG - 얼굴 감지 시도
2024-11-20 18:07:10,116 - main - DEBUG - 감지된 얼굴 수: 1
2024-11-20 18:07:10,133 - main - DEBUG - 얼굴 감지 시도
2024-11-20 18:07:10,233 - main - DEBUG - 감지된 얼굴 수: 1
2024-11-20 18:07:10,251 - main - DEBUG - 얼굴 감지 시도
2024-11-20 18:07:10,351 - main - DEBUG - 감지된 얼굴 수: 1
2024-11-20 18:07:10,372 - main - DEBUG - 얼굴 감지 시도
2024-11-20 18:07:10,471 - main - DEBUG - 감지된 얼굴 수: 1
2024-11-20 18:07:10,485 - main - DEBUG - 얼굴 감지 시도
2024-11-20 18:07:10,585 - main - DEBUG - 감지된 얼굴 수: 1
2024-11-20 18:07:10,608 - main - DEBUG - 얼굴 감지 시도
2024-11-20 18:07:10,708 - main - DEBUG - 감지된 얼굴 수: 1
2024-11-20 18:07:10,724 - main - DEBUG - 얼굴 감지 시도
2024-11-20 18:07:10,824 - main - DEBUG - 감지된 얼굴 수: 1
2024-11-20 18:07:10,845 - main - DEBUG - 얼굴 감지 시도
2024-11-20 18:07:10,946 - main - DEBUG - 감지된 얼굴 수: 1
2024-11-20 18:07:10,964 - main - DEBUG - 얼굴 감지 시도
2024-11-20 18:07:11,064 - main - DEBUG - 감지된 얼굴 수: 1
2024-11-20 18:07:11,080 - main - DEBUG - 얼굴 감지 시도
2024-11-20 18:07:11,180 - main - DEBUG - 감지된 얼굴 수: 1
2024-11-20 18:07:11,202 - main - DEBUG - 얼굴 감지 시도
2024-11-20 18:07:11,302 - main - DEBUG - 감지된 얼굴 수: 1
2024-11-20 18:07:11,316 - main - DEBUG - 얼굴 감지 시도
2024-11-20 18:07:11,416 - main - DEBUG - 감지된 얼굴 수: 1
2024-11-20 18:07:11,436 - main - DEBUG - 얼굴 감지 시도
2024-11-20 18:07:11,537 - main - DEBUG - 감지된 얼굴 수: 1
2024-11-20 18:07:11,551 - main - DEBUG - 얼굴 감지 시도
2024-11-20 18:07:11,651 - main - DEBUG - 감지된 얼굴 수: 1
2024-11-20 18:07:11,673 - main - DEBUG - 얼굴 감지 시도
2024-11-20 18:07:11,773 - main - DEBUG - 감지된 얼굴 수: 0
2024-11-20 18:07:11,785 - main - DEBUG - 얼굴 감지 시도
2024-11-20 18:07:11,885 - main - DEBUG - 감지된 얼굴 수: 0
2024-11-20 18:07:11,901 - main - DEBUG - 얼굴 감지 시도
2024-11-20 18:07:12,000 - main - DEBUG - 감지된 얼굴 수: 0
2024-11-20 18:07:12,013 - main - DEBUG - 얼굴 감지 시도
2024-11-20 18:07:12,113 - main - DEBUG - 감지된 얼굴 수: 0
2024-11-20 18:07:12,126 - main - DEBUG - 얼굴 감지 시도
2024-11-20 18:07:12,225 - main - DEBUG - 감지된 얼굴 수: 0
2024-11-20 18:07:12,238 - main - DEBUG - 얼굴 감지 시도
2024-11-20 18:07:12,338 - main - DEBUG - 감지된 얼굴 수: 0
2024-11-20 18:07:12,357 - main - DEBUG - 얼굴 감지 시도
2024-11-20 18:07:12,457 - main - DEBUG - 감지된 얼굴 수: 0
2024-11-20 18:07:12,475 - main - DEBUG - 얼굴 감지 시도
2024-11-20 18:07:12,575 - main - DEBUG - 감지된 얼굴 수: 0
2024-11-20 18:07:12,587 - main - DEBUG - 얼굴 감지 시도
2024-11-20 18:07:12,687 - main - DEBUG - 감지된 얼굴 수: 0
2024-11-20 18:07:12,701 - main - DEBUG - 얼굴 감지 시도
2024-11-20 18:07:12,801 - main - DEBUG - 감지된 얼굴 수: 0
2024-11-20 18:07:12,813 - main - DEBUG - 얼굴 감지 시도
2024-11-20 18:07:12,914 - main - DEBUG - 감지된 얼굴 수: 0
2024-11-20 18:07:12,924 - main - DEBUG - 얼굴 감지 시도
2024-11-20 18:07:13,024 - main - DEBUG - 감지된 얼굴 수: 0
2024-11-20 18:07:13,037 - main - DEBUG - 얼굴 감지 시도
2024-11-20 18:07:13,136 - main - DEBUG - 감지된 얼굴 수: 0
2024-11-20 18:07:13,153 - main - DEBUG - 얼굴 감지 시도
2024-11-20 18:07:13,252 - main - DEBUG - 감지된 얼굴 수: 0
2024-11-20 18:07:13,271 - main - DEBUG - 얼굴 감지 시도
2024-11-20 18:07:13,371 - main - DEBUG - 감지된 얼굴 수: 0
2024-11-20 18:07:13,384 - main - DEBUG - 얼굴 감지 시도
2024-11-20 18:07:13,484 - main - DEBUG - 감지된 얼굴 수: 0
2024-11-20 18:07:13,500 - main - DEBUG - 얼굴 감지 시도
2024-11-20 18:07:13,599 - main - DEBUG - 감지된 얼굴 수: 0
2024-11-20 18:07:13,614 - main - DEBUG - 얼굴 감지 시도
2024-11-20 18:07:13,714 - main - DEBUG - 감지된 얼굴 수: 0
2024-11-20 18:07:13,723 - main - DEBUG - 얼굴 감지 시도
2024-11-20 18:07:13,823 - main - DEBUG - 감지된 얼굴 수: 0
2024-11-20 18:07:13,837 - main - DEBUG - 얼굴 감지 시도
2024-11-20 18:07:13,938 - main - DEBUG - 감지된 얼굴 수: 1
2024-11-20 18:07:13,954 - main - DEBUG - 얼굴 감지 시도
2024-11-20 18:07:14,054 - main - DEBUG - 감지된 얼굴 수: 1
2024-11-20 18:07:14,074 - main - DEBUG - 얼굴 감지 시도
2024-11-20 18:07:14,174 - main - DEBUG - 감지된 얼굴 수: 1
2024-11-20 18:07:14,189 - main - DEBUG - 얼굴 감지 시도
2024-11-20 18:07:14,289 - main - DEBUG - 감지된 얼굴 수: 1
2024-11-20 18:07:14,307 - main - DEBUG - 얼굴 감지 시도
2024-11-20 18:07:14,406 - main - DEBUG - 감지된 얼굴 수: 1
2024-11-20 18:07:14,428 - main - DEBUG - 얼굴 감지 시도
2024-11-20 18:07:14,528 - main - DEBUG - 감지된 얼굴 수: 1
2024-11-20 18:07:14,545 - main - DEBUG - 얼굴 감지 시도
2024-11-20 18:07:14,645 - main - DEBUG - 감지된 얼굴 수: 1
2024-11-20 18:07:14,665 - main - DEBUG - 얼굴 감지 시도
2024-11-20 18:07:14,765 - main - DEBUG - 감지된 얼굴 수: 1
2024-11-20 18:07:14,780 - main - DEBUG - 얼굴 감지 시도
2024-11-20 18:07:14,882 - main - DEBUG - 감지된 얼굴 수: 1
2024-11-20 18:07:14,902 - main - DEBUG - 얼굴 감지 시도
2024-11-20 18:07:15,002 - main - DEBUG - 감지된 얼굴 수: 1
2024-11-20 18:07:15,017 - main - DEBUG - 얼굴 감지 시도
2024-11-20 18:07:15,117 - main - DEBUG - 감지된 얼굴 수: 1
2024-11-20 18:07:15,135 - main - DEBUG - 얼굴 감지 시도
2024-11-20 18:07:15,235 - main - DEBUG - 감지된 얼굴 수: 1
2024-11-20 18:07:15,257 - main - DEBUG - 얼굴 감지 시도
2024-11-20 18:07:15,356 - main - DEBUG - 감지된 얼굴 수: 1
2024-11-20 18:07:15,373 - main - DEBUG - 얼굴 감지 시도
2024-11-20 18:07:15,473 - main - DEBUG - 감지된 얼굴 수: 1
2024-11-20 18:07:15,487 - main - DEBUG - 얼굴 감지 시도
2024-11-20 18:07:15,588 - main - DEBUG - 감지된 얼굴 수: 1
2024-11-20 18:07:15,608 - main - DEBUG - 얼굴 감지 시도
2024-11-20 18:07:15,708 - main - DEBUG - 감지된 얼굴 수: 1
2024-11-20 18:07:15,722 - main - DEBUG - 얼굴 감지 시도
2024-11-20 18:07:15,822 - main - DEBUG - 감지된 얼굴 수: 1
2024-11-20 18:07:15,838 - main - DEBUG - 얼굴 감지 시도
2024-11-20 18:07:15,939 - main - DEBUG - 감지된 얼굴 수: 1
2024-11-20 18:07:15,959 - main - DEBUG - 얼굴 감지 시도
2024-11-20 18:07:16,061 - main - DEBUG - 감지된 얼굴 수: 1
2024-11-20 18:07:16,081 - main - DEBUG - 얼굴 감지 시도
2024-11-20 18:07:16,180 - main - DEBUG - 감지된 얼굴 수: 1
2024-11-20 18:07:16,203 - main - DEBUG - 얼굴 감지 시도
2024-11-20 18:07:16,303 - main - DEBUG - 감지된 얼굴 수: 1
2024-11-20 18:07:16,321 - main - DEBUG - 얼굴 감지 시도
2024-11-20 18:07:16,421 - main - DEBUG - 감지된 얼굴 수: 1
2024-11-20 18:07:16,443 - main - DEBUG - 얼굴 감지 시도
2024-11-20 18:07:16,544 - main - DEBUG - 감지된 얼굴 수: 1
2024-11-20 18:07:16,561 - main - DEBUG - 얼굴 감지 시도
2024-11-20 18:07:16,661 - main - DEBUG - 감지된 얼굴 수: 1
2024-11-20 18:07:16,679 - main - DEBUG - 얼굴 감지 시도
2024-11-20 18:07:16,779 - main - DEBUG - 감지된 얼굴 수: 1
2024-11-20 18:07:16,801 - main - DEBUG - 얼굴 감지 시도
2024-11-20 18:07:16,902 - main - DEBUG - 감지된 얼굴 수: 1
2024-11-20 18:07:16,918 - main - DEBUG - 얼굴 감지 시도
2024-11-20 18:07:17,019 - main - DEBUG - 감지된 얼굴 수: 1
2024-11-20 18:07:17,036 - main - DEBUG - 얼굴 감지 시도
2024-11-20 18:07:17,136 - main - DEBUG - 감지된 얼굴 수: 1
2024-11-20 18:07:17,150 - main - DEBUG - 얼굴 감지 시도
2024-11-20 18:07:17,250 - main - DEBUG - 감지된 얼굴 수: 1
2024-11-20 18:07:17,274 - main - DEBUG - 얼굴 감지 시도
2024-11-20 18:07:17,374 - main - DEBUG - 감지된 얼굴 수: 1
2024-11-20 18:07:17,390 - main - DEBUG - 얼굴 감지 시도
2024-11-20 18:07:17,490 - main - DEBUG - 감지된 얼굴 수: 1
2024-11-20 18:07:17,508 - main - DEBUG - 얼굴 감지 시도
2024-11-20 18:07:17,608 - main - DEBUG - 감지된 얼굴 수: 1
2024-11-20 18:07:17,630 - main - DEBUG - 얼굴 감지 시도
2024-11-20 18:07:17,730 - main - DEBUG - 감지된 얼굴 수: 1
2024-11-20 18:07:17,748 - main - DEBUG - 얼굴 감지 시도
2024-11-20 18:07:17,848 - main - DEBUG - 감지된 얼굴 수: 1
2024-11-20 18:07:17,871 - main - DEBUG - 얼굴 감지 시도
2024-11-20 18:07:17,971 - main - DEBUG - 감지된 얼굴 수: 1
2024-11-20 18:07:17,989 - main - DEBUG - 얼굴 감지 시도
2024-11-20 18:07:18,089 - main - DEBUG - 감지된 얼굴 수: 1
2024-11-20 18:07:18,113 - main - DEBUG - 얼굴 감지 시도
2024-11-20 18:07:18,213 - main - DEBUG - 감지된 얼굴 수: 1
2024-11-20 18:07:18,227 - main - DEBUG - 얼굴 감지 시도
2024-11-20 18:07:18,327 - main - DEBUG - 감지된 얼굴 수: 1
2024-11-20 18:07:18,342 - main - DEBUG - 얼굴 감지 시도
2024-11-20 18:07:18,442 - main - DEBUG - 감지된 얼굴 수: 1
2024-11-20 18:07:18,463 - main - DEBUG - 얼굴 감지 시도
2024-11-20 18:07:18,563 - main - DEBUG - 감지된 얼굴 수: 1
2024-11-20 18:07:18,581 - main - DEBUG - 얼굴 감지 시도
2024-11-20 18:07:18,683 - main - DEBUG - 감지된 얼굴 수: 1
2024-11-20 18:07:18,701 - main - DEBUG - 얼굴 감지 시도
2024-11-20 18:07:18,801 - main - DEBUG - 감지된 얼굴 수: 1
2024-11-20 18:07:18,816 - main - DEBUG - 얼굴 감지 시도
2024-11-20 18:07:18,918 - main - DEBUG - 감지된 얼굴 수: 1
2024-11-20 18:07:18,943 - main - DEBUG - 얼굴 감지 시도
2024-11-20 18:07:19,043 - main - DEBUG - 감지된 얼굴 수: 1
2024-11-20 18:07:19,061 - main - DEBUG - 얼굴 감지 시도
2024-11-20 18:07:19,161 - main - DEBUG - 감지된 얼굴 수: 1
2024-11-20 18:07:19,179 - main - DEBUG - 얼굴 감지 시도
2024-11-20 18:07:19,279 - main - DEBUG - 감지된 얼굴 수: 1
2024-11-20 18:07:19,295 - main - DEBUG - 얼굴 감지 시도
2024-11-20 18:07:19,395 - main - DEBUG - 감지된 얼굴 수: 1
2024-11-20 18:07:19,411 - main - DEBUG - 얼굴 감지 시도
2024-11-20 18:07:19,511 - main - DEBUG - 감지된 얼굴 수: 1
2024-11-20 18:07:19,529 - main - DEBUG - 얼굴 감지 시도
2024-11-20 18:07:19,630 - main - DEBUG - 감지된 얼굴 수: 1
2024-11-20 18:07:19,645 - main - DEBUG - 얼굴 감지 시도
2024-11-20 18:07:19,745 - main - DEBUG - 감지된 얼굴 수: 1
2024-11-20 18:07:19,770 - main - DEBUG - 얼굴 감지 시도
2024-11-20 18:07:19,870 - main - DEBUG - 감지된 얼굴 수: 1
2024-11-20 18:07:19,884 - main - DEBUG - 얼굴 감지 시도
2024-11-20 18:07:19,985 - main - DEBUG - 감지된 얼굴 수: 1
2024-11-20 18:07:20,008 - main - DEBUG - 얼굴 감지 시도
2024-11-20 18:07:20,108 - main - DEBUG - 감지된 얼굴 수: 1
2024-11-20 18:07:20,122 - main - DEBUG - 얼굴 감지 시도
2024-11-20 18:07:20,224 - main - DEBUG - 감지된 얼굴 수: 1
2024-11-20 18:07:20,243 - main - DEBUG - 얼굴 감지 시도
2024-11-20 18:07:20,343 - main - DEBUG - 감지된 얼굴 수: 1
2024-11-20 18:07:20,367 - main - DEBUG - 얼굴 감지 시도
2024-11-20 18:07:20,466 - main - DEBUG - 감지된 얼굴 수: 1
2024-11-20 18:07:20,483 - main - DEBUG - 얼굴 감지 시도
2024-11-20 18:07:20,583 - main - DEBUG - 감지된 얼굴 수: 1
2024-11-20 18:07:20,607 - main - DEBUG - 얼굴 감지 시도
2024-11-20 18:07:20,706 - main - DEBUG - 감지된 얼굴 수: 1
2024-11-20 18:07:20,722 - main - DEBUG - 얼굴 감지 시도
2024-11-20 18:07:20,822 - main - DEBUG - 감지된 얼굴 수: 1
2024-11-20 18:07:20,843 - main - DEBUG - 얼굴 감지 시도
2024-11-20 18:07:20,944 - main - DEBUG - 감지된 얼굴 수: 1
2024-11-20 18:07:20,960 - main - DEBUG - 얼굴 감지 시도
2024-11-20 18:07:21,063 - main - DEBUG - 감지된 얼굴 수: 1
2024-11-20 18:07:21,081 - main - DEBUG - 얼굴 감지 시도
2024-11-20 18:07:21,180 - main - DEBUG - 감지된 얼굴 수: 1
2024-11-20 18:07:21,203 - main - DEBUG - 얼굴 감지 시도
2024-11-20 18:07:21,303 - main - DEBUG - 감지된 얼굴 수: 0
2024-11-20 18:07:21,315 - main - DEBUG - 얼굴 감지 시도
2024-11-20 18:07:21,414 - main - DEBUG - 감지된 얼굴 수: 0
2024-11-20 18:07:21,432 - main - DEBUG - 얼굴 감지 시도
2024-11-20 18:07:21,532 - main - DEBUG - 감지된 얼굴 수: 1
2024-11-20 18:07:21,549 - main - DEBUG - 얼굴 감지 시도
2024-11-20 18:07:21,651 - main - DEBUG - 감지된 얼굴 수: 1
2024-11-20 18:07:21,675 - main - DEBUG - 얼굴 감지 시도
2024-11-20 18:07:21,775 - main - DEBUG - 감지된 얼굴 수: 1
2024-11-20 18:07:21,789 - main - DEBUG - 얼굴 감지 시도
2024-11-20 18:07:21,889 - main - DEBUG - 감지된 얼굴 수: 0
2024-11-20 18:07:21,903 - main - DEBUG - 얼굴 감지 시도
2024-11-20 18:07:22,002 - main - DEBUG - 감지된 얼굴 수: 1
2024-11-20 18:07:22,022 - main - DEBUG - 얼굴 감지 시도
2024-11-20 18:07:22,121 - main - DEBUG - 감지된 얼굴 수: 1
2024-11-20 18:07:22,139 - main - DEBUG - 얼굴 감지 시도
2024-11-20 18:07:22,238 - main - DEBUG - 감지된 얼굴 수: 1
2024-11-20 18:07:22,257 - main - DEBUG - 얼굴 감지 시도
2024-11-20 18:07:22,357 - main - DEBUG - 감지된 얼굴 수: 0
2024-11-20 18:07:22,372 - main - DEBUG - 얼굴 감지 시도
2024-11-20 18:07:22,472 - main - DEBUG - 감지된 얼굴 수: 1
2024-11-20 18:07:22,486 - main - DEBUG - 얼굴 감지 시도
2024-11-20 18:07:22,586 - main - DEBUG - 감지된 얼굴 수: 0
2024-11-20 18:07:22,603 - main - DEBUG - 얼굴 감지 시도
2024-11-20 18:07:22,703 - main - DEBUG - 감지된 얼굴 수: 1
2024-11-20 18:07:22,719 - main - DEBUG - 얼굴 감지 시도
2024-11-20 18:07:22,821 - main - DEBUG - 감지된 얼굴 수: 1
2024-11-20 18:07:22,845 - main - DEBUG - 얼굴 감지 시도
2024-11-20 18:07:22,947 - main - DEBUG - 감지된 얼굴 수: 1
2024-11-20 18:07:22,967 - main - DEBUG - 얼굴 감지 시도
2024-11-20 18:07:23,069 - main - DEBUG - 감지된 얼굴 수: 1
2024-11-20 18:07:23,084 - main - DEBUG - 얼굴 감지 시도
2024-11-20 18:07:23,184 - main - DEBUG - 감지된 얼굴 수: 1
2024-11-20 18:07:23,205 - main - DEBUG - 얼굴 감지 시도
2024-11-20 18:07:23,304 - main - DEBUG - 감지된 얼굴 수: 1
2024-11-20 18:07:23,322 - main - DEBUG - 얼굴 감지 시도
2024-11-20 18:07:23,422 - main - DEBUG - 감지된 얼굴 수: 1
2024-11-20 18:07:23,441 - main - DEBUG - 얼굴 감지 시도
2024-11-20 18:07:23,542 - main - DEBUG - 감지된 얼굴 수: 1
2024-11-20 18:07:23,565 - main - DEBUG - 얼굴 감지 시도
2024-11-20 18:07:23,665 - main - DEBUG - 감지된 얼굴 수: 1
2024-11-20 18:07:23,683 - main - DEBUG - 얼굴 감지 시도
2024-11-20 18:07:23,783 - main - DEBUG - 감지된 얼굴 수: 1
2024-11-20 18:07:23,805 - main - DEBUG - 얼굴 감지 시도
2024-11-20 18:07:23,906 - main - DEBUG - 감지된 얼굴 수: 1
2024-11-20 18:07:23,920 - main - DEBUG - 얼굴 감지 시도
2024-11-20 18:07:24,020 - main - DEBUG - 감지된 얼굴 수: 1
2024-11-20 18:17:42,467 - main - INFO - 프로그램 시작
2024-11-20 18:17:42,467 - main - DEBUG - 얼굴 감지기 초기화 시도
2024-11-20 18:17:43,675 - main - INFO - 얼굴 감지기 초기화 성공
2024-11-20 18:18:13,945 - main - DEBUG - 얼굴 감지 시도
2024-11-20 18:18:14,052 - main - DEBUG - 감지된 얼굴 수: 1
2024-11-20 18:18:14,070 - main - DEBUG - 얼굴 감지 시도
2024-11-20 18:18:14,171 - main - DEBUG - 감지된 얼굴 수: 1
2024-11-20 18:18:14,187 - main - DEBUG - 얼굴 감지 시도
2024-11-20 18:18:14,287 - main - DEBUG - 감지된 얼굴 수: 1
2024-11-20 18:18:14,305 - main - DEBUG - 얼굴 감지 시도
2024-11-20 18:18:14,404 - main - DEBUG - 감지된 얼굴 수: 1
2024-11-20 18:18:14,427 - main - DEBUG - 얼굴 감지 시도
2024-11-20 18:18:14,526 - main - DEBUG - 감지된 얼굴 수: 1
2024-11-20 18:18:14,546 - main - DEBUG - 얼굴 감지 시도
2024-11-20 18:18:14,644 - main - DEBUG - 감지된 얼굴 수: 1
2024-11-20 18:18:14,661 - main - DEBUG - 얼굴 감지 시도
2024-11-20 18:18:14,763 - main - DEBUG - 감지된 얼굴 수: 1
2024-11-20 18:18:14,785 - main - DEBUG - 얼굴 감지 시도
2024-11-20 18:18:14,884 - main - DEBUG - 감지된 얼굴 수: 1
2024-11-20 18:18:14,899 - main - DEBUG - 얼굴 감지 시도
2024-11-20 18:18:14,999 - main - DEBUG - 감지된 얼굴 수: 1
2024-11-20 18:18:15,020 - main - DEBUG - 얼굴 감지 시도
2024-11-20 18:18:15,119 - main - DEBUG - 감지된 얼굴 수: 1
2024-11-20 18:18:15,135 - main - DEBUG - 얼굴 감지 시도
2024-11-20 18:18:15,234 - main - DEBUG - 감지된 얼굴 수: 1
2024-11-20 18:18:15,257 - main - DEBUG - 얼굴 감지 시도
2024-11-20 18:18:15,359 - main - DEBUG - 감지된 얼굴 수: 1
2024-11-20 18:18:15,375 - main - DEBUG - 얼굴 감지 시도
2024-11-20 18:18:15,473 - main - DEBUG - 감지된 얼굴 수: 1
2024-11-20 18:18:15,493 - main - DEBUG - 얼굴 감지 시도
2024-11-20 18:18:15,595 - main - DEBUG - 감지된 얼굴 수: 1
2024-11-20 18:18:15,617 - main - DEBUG - 얼굴 감지 시도
2024-11-20 18:18:15,717 - main - DEBUG - 감지된 얼굴 수: 1
2024-11-20 18:18:15,736 - main - DEBUG - 얼굴 감지 시도
2024-11-20 18:18:15,835 - main - DEBUG - 감지된 얼굴 수: 1
2024-11-20 18:18:15,856 - main - DEBUG - 얼굴 감지 시도
2024-11-20 18:18:15,955 - main - DEBUG - 감지된 얼굴 수: 1
2024-11-20 18:18:15,973 - main - DEBUG - 얼굴 감지 시도
2024-11-20 18:18:16,075 - main - DEBUG - 감지된 얼굴 수: 1
2024-11-20 18:18:16,096 - main - DEBUG - 얼굴 감지 시도
2024-11-20 18:18:16,198 - main - DEBUG - 감지된 얼굴 수: 1
2024-11-20 18:18:16,219 - main - DEBUG - 얼굴 감지 시도
2024-11-20 18:18:16,319 - main - DEBUG - 감지된 얼굴 수: 1
2024-11-20 18:18:16,340 - main - DEBUG - 얼굴 감지 시도
2024-11-20 18:18:16,443 - main - DEBUG - 감지된 얼굴 수: 1
2024-11-20 18:18:16,462 - main - DEBUG - 얼굴 감지 시도
2024-11-20 18:18:16,561 - main - DEBUG - 감지된 얼굴 수: 1
2024-11-20 18:18:16,582 - main - DEBUG - 얼굴 감지 시도
2024-11-20 18:18:16,682 - main - DEBUG - 감지된 얼굴 수: 1
2024-11-20 18:18:16,697 - main - DEBUG - 얼굴 감지 시도
2024-11-20 18:18:16,797 - main - DEBUG - 감지된 얼굴 수: 1
