2024-11-22 09:14:13,834 - main - INFO - 프로그램 시작
2024-11-22 09:14:13,835 - main - DEBUG - 얼굴 감지기 초기화 시도
2024-11-22 09:14:15,079 - main - INFO - 얼굴 감지기 초기화 성공
2024-11-22 09:14:40,403 - main - INFO - 카메라 초기화 성공
2024-11-22 09:15:28,124 - main - DEBUG - 얼굴 감지 시도
2024-11-22 09:15:28,230 - main - DEBUG - 얼굴 감지 시도
2024-11-22 09:15:28,322 - main - DEBUG - 얼굴 감지 시도
2024-11-22 09:15:28,417 - main - DEBUG - 얼굴 감지 시도
2024-11-22 09:15:28,502 - main - DEBUG - 얼굴 감지 시도
2024-11-22 09:15:28,592 - main - DEBUG - 얼굴 감지 시도
2024-11-22 09:15:28,677 - main - DEBUG - 얼굴 감지 시도
2024-11-22 09:15:28,762 - main - DEBUG - 얼굴 감지 시도
2024-11-22 09:15:28,848 - main - DEBUG - 얼굴 감지 시도
2024-11-22 09:15:28,929 - main - DEBUG - 얼굴 감지 시도
2024-11-22 09:15:29,021 - main - DEBUG - 얼굴 감지 시도
2024-11-22 09:15:29,109 - main - DEBUG - 얼굴 감지 시도
2024-11-22 09:15:29,199 - main - DEBUG - 얼굴 감지 시도
2024-11-22 09:15:29,296 - main - DEBUG - 얼굴 감지 시도
2024-11-22 09:15:29,381 - main - DEBUG - 얼굴 감지 시도
2024-11-22 09:15:29,470 - main - DEBUG - 얼굴 감지 시도
2024-11-22 09:15:29,560 - main - DEBUG - 얼굴 감지 시도
2024-11-22 09:15:29,647 - main - DEBUG - 얼굴 감지 시도
2024-11-22 09:15:29,733 - main - DEBUG - 얼굴 감지 시도
2024-11-22 09:15:29,823 - main - DEBUG - 얼굴 감지 시도
2024-11-22 09:15:29,909 - main - DEBUG - 얼굴 감지 시도
2024-11-22 09:15:30,000 - main - DEBUG - 얼굴 감지 시도
2024-11-22 09:15:30,095 - main - DEBUG - 얼굴 감지 시도
2024-11-22 09:15:30,177 - main - DEBUG - 얼굴 감지 시도
2024-11-22 09:15:30,263 - main - DEBUG - 얼굴 감지 시도
2024-11-22 09:15:30,353 - main - DEBUG - 얼굴 감지 시도
2024-11-22 09:15:30,441 - main - DEBUG - 얼굴 감지 시도
2024-11-22 09:15:30,527 - main - DEBUG - 얼굴 감지 시도
2024-11-22 09:15:30,613 - main - DEBUG - 얼굴 감지 시도
2024-11-22 09:15:30,699 - main - DEBUG - 얼굴 감지 시도
2024-11-22 09:15:30,788 - main - DEBUG - 얼굴 감지 시도
2024-11-22 09:15:30,893 - main - DEBUG - 얼굴 감지 시도
2024-11-22 09:15:30,979 - main - DEBUG - 얼굴 감지 시도
2024-11-22 09:15:31,070 - main - DEBUG - 얼굴 감지 시도
2024-11-22 09:15:31,163 - main - DEBUG - 얼굴 감지 시도
2024-11-22 09:15:31,253 - main - DEBUG - 얼굴 감지 시도
2024-11-22 09:15:31,337 - main - DEBUG - 얼굴 감지 시도
2024-11-22 09:15:31,429 - main - DEBUG - 얼굴 감지 시도
2024-11-22 09:15:31,521 - main - DEBUG - 얼굴 감지 시도
2024-11-22 09:15:31,604 - main - DEBUG - 얼굴 감지 시도
2024-11-22 09:15:31,698 - main - DEBUG - 얼굴 감지 시도
2024-11-22 09:15:31,744 - main - INFO - 종료 신호 수신
2024-11-22 09:15:32,136 - main - INFO - 프로그램 종료
2024-11-22 11:51:54,188 - main - INFO - 프로그램 시작
2024-11-22 11:51:54,188 - main - DEBUG - 얼굴 감지기 초기화 시도
2024-11-22 11:51:55,465 - main - INFO - 얼굴 감지기 초기화 성공
2024-11-22 11:52:21,616 - main - INFO - 카메라 초기화 성공
2024-11-22 11:52:26,227 - main - DEBUG - 얼굴 감지 시도
2024-11-22 11:52:26,327 - main - DEBUG - 얼굴 감지 시도
2024-11-22 11:52:26,420 - main - DEBUG - 얼굴 감지 시도
2024-11-22 11:52:26,513 - main - DEBUG - 얼굴 감지 시도
2024-11-22 11:52:32,559 - main - INFO - 종료 신호 수신
2024-11-22 11:52:32,938 - main - INFO - 프로그램 종료
