2024-12-17 16:37:17,637 - main - INFO - 프로그램 시작
2024-12-17 16:37:17,638 - main - DEBUG - 얼굴 감지기 초기화 시도
2024-12-17 16:37:18,832 - main - INFO - 얼굴 감지기 초기화 성공
2024-12-17 16:37:24,533 - main - INFO - 카메라 초기화 성공
2024-12-17 16:37:28,955 - main - DEBUG - 얼굴 감지 시도
2024-12-17 16:37:29,060 - main - DEBUG - 얼굴 감지 시도
2024-12-17 16:37:29,137 - main - DEBUG - 얼굴 감지 시도
2024-12-17 16:37:29,220 - main - DEBUG - 얼굴 감지 시도
2024-12-17 16:37:29,300 - main - DEBUG - 얼굴 감지 시도
2024-12-17 16:37:29,377 - main - DEBUG - 얼굴 감지 시도
2024-12-17 16:37:29,460 - main - DEBUG - 얼굴 감지 시도
2024-12-17 16:37:29,537 - main - DEBUG - 얼굴 감지 시도
2024-12-17 16:37:29,620 - main - DEBUG - 얼굴 감지 시도
2024-12-17 16:37:29,700 - main - DEBUG - 얼굴 감지 시도
2024-12-17 16:37:29,777 - main - DEBUG - 얼굴 감지 시도
2024-12-17 16:37:29,860 - main - DEBUG - 얼굴 감지 시도
2024-12-17 16:37:29,936 - main - DEBUG - 얼굴 감지 시도
2024-12-17 16:37:30,020 - main - DEBUG - 얼굴 감지 시도
2024-12-17 16:37:30,100 - main - DEBUG - 얼굴 감지 시도
2024-12-17 16:37:30,176 - main - DEBUG - 얼굴 감지 시도
2024-12-17 16:37:30,260 - main - DEBUG - 얼굴 감지 시도
2024-12-17 16:37:30,336 - main - DEBUG - 얼굴 감지 시도
2024-12-17 16:37:30,420 - main - DEBUG - 얼굴 감지 시도
2024-12-17 16:37:30,500 - main - DEBUG - 얼굴 감지 시도
2024-12-17 16:37:30,576 - main - DEBUG - 얼굴 감지 시도
2024-12-17 16:37:30,660 - main - DEBUG - 얼굴 감지 시도
2024-12-17 16:37:30,735 - main - DEBUG - 얼굴 감지 시도
2024-12-17 16:37:30,820 - main - DEBUG - 얼굴 감지 시도
2024-12-17 16:37:30,900 - main - DEBUG - 얼굴 감지 시도
2024-12-17 16:37:30,977 - main - DEBUG - 얼굴 감지 시도
2024-12-17 16:37:31,060 - main - DEBUG - 얼굴 감지 시도
2024-12-17 16:37:31,136 - main - DEBUG - 얼굴 감지 시도
2024-12-17 16:37:31,220 - main - DEBUG - 얼굴 감지 시도
2024-12-17 16:37:31,300 - main - DEBUG - 얼굴 감지 시도
2024-12-17 16:37:31,377 - main - DEBUG - 얼굴 감지 시도
2024-12-17 16:37:31,460 - main - DEBUG - 얼굴 감지 시도
2024-12-17 16:37:31,536 - main - DEBUG - 얼굴 감지 시도
2024-12-17 16:37:31,620 - main - DEBUG - 얼굴 감지 시도
2024-12-17 16:37:31,700 - main - DEBUG - 얼굴 감지 시도
2024-12-17 16:37:31,777 - main - DEBUG - 얼굴 감지 시도
2024-12-17 16:37:31,860 - main - DEBUG - 얼굴 감지 시도
2024-12-17 16:37:31,924 - main - DEBUG - 얼굴 감지 시도
2024-12-17 16:37:31,988 - main - DEBUG - 얼굴 감지 시도
2024-12-17 16:37:32,068 - main - DEBUG - 얼굴 감지 시도
2024-12-17 16:37:32,132 - main - DEBUG - 얼굴 감지 시도
2024-12-17 16:37:32,196 - main - DEBUG - 얼굴 감지 시도
2024-12-17 16:37:32,260 - main - DEBUG - 얼굴 감지 시도
2024-12-17 16:37:32,324 - main - DEBUG - 얼굴 감지 시도
2024-12-17 16:37:32,388 - main - DEBUG - 얼굴 감지 시도
2024-12-17 16:37:32,468 - main - DEBUG - 얼굴 감지 시도
2024-12-17 16:37:32,533 - main - DEBUG - 얼굴 감지 시도
2024-12-17 16:37:32,596 - main - DEBUG - 얼굴 감지 시도
2024-12-17 16:37:32,660 - main - DEBUG - 얼굴 감지 시도
2024-12-17 16:37:32,729 - main - DEBUG - 얼굴 감지 시도
2024-12-17 16:37:32,792 - main - DEBUG - 얼굴 감지 시도
2024-12-17 16:37:32,868 - main - DEBUG - 얼굴 감지 시도
2024-12-17 16:37:32,931 - main - DEBUG - 얼굴 감지 시도
2024-12-17 16:37:32,996 - main - DEBUG - 얼굴 감지 시도
2024-12-17 16:37:33,060 - main - DEBUG - 얼굴 감지 시도
2024-12-17 16:37:33,124 - main - DEBUG - 얼굴 감지 시도
2024-12-17 16:37:33,188 - main - DEBUG - 얼굴 감지 시도
2024-12-17 16:37:33,268 - main - DEBUG - 얼굴 감지 시도
2024-12-17 16:37:33,332 - main - DEBUG - 얼굴 감지 시도
2024-12-17 16:37:33,396 - main - DEBUG - 얼굴 감지 시도
2024-12-17 16:37:33,460 - main - DEBUG - 얼굴 감지 시도
2024-12-17 16:37:33,524 - main - DEBUG - 얼굴 감지 시도
2024-12-17 16:37:33,589 - main - DEBUG - 얼굴 감지 시도
2024-12-17 16:37:33,668 - main - DEBUG - 얼굴 감지 시도
2024-12-17 16:37:33,764 - main - DEBUG - 얼굴 감지 시도
2024-12-17 16:37:33,848 - main - DEBUG - 얼굴 감지 시도
2024-12-17 16:37:33,928 - main - DEBUG - 얼굴 감지 시도
2024-12-17 16:37:34,020 - main - DEBUG - 얼굴 감지 시도
2024-12-17 16:37:34,100 - main - DEBUG - 얼굴 감지 시도
2024-12-17 16:37:34,174 - main - DEBUG - 얼굴 감지 시도
2024-12-17 16:37:34,260 - main - DEBUG - 얼굴 감지 시도
2024-12-17 16:37:34,335 - main - DEBUG - 얼굴 감지 시도
2024-12-17 16:37:34,420 - main - DEBUG - 얼굴 감지 시도
2024-12-17 16:37:34,500 - main - DEBUG - 얼굴 감지 시도
2024-12-17 16:37:34,574 - main - DEBUG - 얼굴 감지 시도
2024-12-17 16:37:34,660 - main - DEBUG - 얼굴 감지 시도
2024-12-17 16:37:34,738 - main - DEBUG - 얼굴 감지 시도
2024-12-17 16:37:34,820 - main - DEBUG - 얼굴 감지 시도
2024-12-17 16:37:34,900 - main - DEBUG - 얼굴 감지 시도
2024-12-17 16:37:34,977 - main - DEBUG - 얼굴 감지 시도
2024-12-17 16:37:35,060 - main - DEBUG - 얼굴 감지 시도
2024-12-17 16:37:35,135 - main - DEBUG - 얼굴 감지 시도
2024-12-17 16:37:35,220 - main - DEBUG - 얼굴 감지 시도
2024-12-17 16:37:35,300 - main - DEBUG - 얼굴 감지 시도
2024-12-17 16:37:35,376 - main - DEBUG - 얼굴 감지 시도
2024-12-17 16:37:35,460 - main - DEBUG - 얼굴 감지 시도
2024-12-17 16:37:35,536 - main - DEBUG - 얼굴 감지 시도
2024-12-17 16:37:35,620 - main - DEBUG - 얼굴 감지 시도
2024-12-17 16:37:35,700 - main - DEBUG - 얼굴 감지 시도
2024-12-17 16:37:35,776 - main - DEBUG - 얼굴 감지 시도
2024-12-17 16:37:35,860 - main - DEBUG - 얼굴 감지 시도
2024-12-17 16:37:35,938 - main - DEBUG - 얼굴 감지 시도
2024-12-17 16:37:36,020 - main - DEBUG - 얼굴 감지 시도
2024-12-17 16:37:36,099 - main - DEBUG - 얼굴 감지 시도
2024-12-17 16:37:36,174 - main - DEBUG - 얼굴 감지 시도
2024-12-17 16:37:36,260 - main - DEBUG - 얼굴 감지 시도
2024-12-17 16:37:36,335 - main - DEBUG - 얼굴 감지 시도
2024-12-17 16:37:36,420 - main - DEBUG - 얼굴 감지 시도
2024-12-17 16:37:36,500 - main - DEBUG - 얼굴 감지 시도
2024-12-17 16:37:36,574 - main - DEBUG - 얼굴 감지 시도
2024-12-17 16:37:36,660 - main - DEBUG - 얼굴 감지 시도
2024-12-17 16:37:36,736 - main - DEBUG - 얼굴 감지 시도
2024-12-17 16:37:36,820 - main - DEBUG - 얼굴 감지 시도
2024-12-17 16:37:36,899 - main - DEBUG - 얼굴 감지 시도
2024-12-17 16:37:36,974 - main - DEBUG - 얼굴 감지 시도
2024-12-17 16:37:37,060 - main - DEBUG - 얼굴 감지 시도
2024-12-17 16:37:37,135 - main - DEBUG - 얼굴 감지 시도
2024-12-17 16:37:37,220 - main - DEBUG - 얼굴 감지 시도
2024-12-17 16:37:37,299 - main - DEBUG - 얼굴 감지 시도
2024-12-17 16:37:37,374 - main - DEBUG - 얼굴 감지 시도
2024-12-17 16:37:37,460 - main - DEBUG - 얼굴 감지 시도
2024-12-17 16:37:37,535 - main - DEBUG - 얼굴 감지 시도
2024-12-17 16:37:37,620 - main - DEBUG - 얼굴 감지 시도
2024-12-17 16:37:37,700 - main - DEBUG - 얼굴 감지 시도
2024-12-17 16:37:37,774 - main - DEBUG - 얼굴 감지 시도
2024-12-17 16:37:37,860 - main - DEBUG - 얼굴 감지 시도
2024-12-17 16:37:37,934 - main - DEBUG - 얼굴 감지 시도
2024-12-17 16:37:38,020 - main - DEBUG - 얼굴 감지 시도
2024-12-17 16:37:38,100 - main - DEBUG - 얼굴 감지 시도
2024-12-17 16:37:38,174 - main - DEBUG - 얼굴 감지 시도
2024-12-17 16:37:38,260 - main - DEBUG - 얼굴 감지 시도
2024-12-17 16:37:38,324 - main - DEBUG - 얼굴 감지 시도
2024-12-17 16:37:38,388 - main - DEBUG - 얼굴 감지 시도
2024-12-17 16:37:38,468 - main - DEBUG - 얼굴 감지 시도
2024-12-17 16:37:38,533 - main - DEBUG - 얼굴 감지 시도
2024-12-17 16:37:38,596 - main - DEBUG - 얼굴 감지 시도
2024-12-17 16:37:38,660 - main - DEBUG - 얼굴 감지 시도
2024-12-17 16:37:38,724 - main - DEBUG - 얼굴 감지 시도
2024-12-17 16:37:38,790 - main - DEBUG - 얼굴 감지 시도
2024-12-17 16:37:38,868 - main - DEBUG - 얼굴 감지 시도
2024-12-17 16:37:38,933 - main - DEBUG - 얼굴 감지 시도
2024-12-17 16:37:38,996 - main - DEBUG - 얼굴 감지 시도
2024-12-17 16:37:39,060 - main - DEBUG - 얼굴 감지 시도
2024-12-17 16:37:39,124 - main - DEBUG - 얼굴 감지 시도
2024-12-17 16:37:39,190 - main - DEBUG - 얼굴 감지 시도
2024-12-17 16:37:39,268 - main - DEBUG - 얼굴 감지 시도
2024-12-17 16:37:39,332 - main - DEBUG - 얼굴 감지 시도
2024-12-17 16:37:39,396 - main - DEBUG - 얼굴 감지 시도
2024-12-17 16:37:39,460 - main - DEBUG - 얼굴 감지 시도
2024-12-17 16:37:39,524 - main - DEBUG - 얼굴 감지 시도
2024-12-17 16:37:39,590 - main - DEBUG - 얼굴 감지 시도
2024-12-17 16:37:39,668 - main - DEBUG - 얼굴 감지 시도
2024-12-17 16:37:39,733 - main - DEBUG - 얼굴 감지 시도
2024-12-17 16:37:39,797 - main - DEBUG - 얼굴 감지 시도
2024-12-17 16:37:39,861 - main - DEBUG - 얼굴 감지 시도
2024-12-17 16:37:39,924 - main - DEBUG - 얼굴 감지 시도
2024-12-17 16:37:39,990 - main - DEBUG - 얼굴 감지 시도
2024-12-17 16:37:40,068 - main - DEBUG - 얼굴 감지 시도
2024-12-17 16:37:40,133 - main - DEBUG - 얼굴 감지 시도
2024-12-17 16:37:40,196 - main - DEBUG - 얼굴 감지 시도
2024-12-17 16:37:40,260 - main - DEBUG - 얼굴 감지 시도
2024-12-17 16:37:40,325 - main - DEBUG - 얼굴 감지 시도
2024-12-17 16:37:40,390 - main - DEBUG - 얼굴 감지 시도
2024-12-17 16:37:40,468 - main - DEBUG - 얼굴 감지 시도
2024-12-17 16:37:40,532 - main - DEBUG - 얼굴 감지 시도
2024-12-17 16:37:40,596 - main - DEBUG - 얼굴 감지 시도
2024-12-17 16:37:40,660 - main - DEBUG - 얼굴 감지 시도
2024-12-17 16:37:40,724 - main - DEBUG - 얼굴 감지 시도
2024-12-17 16:37:40,788 - main - DEBUG - 얼굴 감지 시도
2024-12-17 16:37:40,868 - main - DEBUG - 얼굴 감지 시도
2024-12-17 16:37:40,932 - main - DEBUG - 얼굴 감지 시도
2024-12-17 16:37:40,998 - main - DEBUG - 얼굴 감지 시도
2024-12-17 16:37:41,061 - main - DEBUG - 얼굴 감지 시도
2024-12-17 16:37:41,125 - main - DEBUG - 얼굴 감지 시도
2024-12-17 16:37:41,190 - main - DEBUG - 얼굴 감지 시도
2024-12-17 16:37:41,268 - main - DEBUG - 얼굴 감지 시도
2024-12-17 16:37:41,332 - main - DEBUG - 얼굴 감지 시도
2024-12-17 16:37:41,397 - main - DEBUG - 얼굴 감지 시도
2024-12-17 16:37:41,462 - main - DEBUG - 얼굴 감지 시도
2024-12-17 16:37:41,525 - main - DEBUG - 얼굴 감지 시도
2024-12-17 16:37:41,588 - main - DEBUG - 얼굴 감지 시도
2024-12-17 16:37:41,668 - main - DEBUG - 얼굴 감지 시도
2024-12-17 16:37:41,732 - main - DEBUG - 얼굴 감지 시도
2024-12-17 16:37:41,797 - main - DEBUG - 얼굴 감지 시도
2024-12-17 16:37:41,861 - main - DEBUG - 얼굴 감지 시도
2024-12-17 16:37:41,930 - main - DEBUG - 얼굴 감지 시도
2024-12-17 16:37:41,995 - main - DEBUG - 얼굴 감지 시도
2024-12-17 16:37:42,068 - main - DEBUG - 얼굴 감지 시도
2024-12-17 16:37:42,132 - main - DEBUG - 얼굴 감지 시도
2024-12-17 16:37:42,196 - main - DEBUG - 얼굴 감지 시도
2024-12-17 16:37:42,260 - main - DEBUG - 얼굴 감지 시도
2024-12-17 16:37:42,324 - main - DEBUG - 얼굴 감지 시도
2024-12-17 16:37:42,390 - main - DEBUG - 얼굴 감지 시도
2024-12-17 16:37:42,468 - main - DEBUG - 얼굴 감지 시도
2024-12-17 16:37:42,533 - main - DEBUG - 얼굴 감지 시도
2024-12-17 16:37:42,596 - main - DEBUG - 얼굴 감지 시도
2024-12-17 16:37:42,660 - main - DEBUG - 얼굴 감지 시도
2024-12-17 16:37:42,724 - main - DEBUG - 얼굴 감지 시도
2024-12-17 16:37:42,788 - main - DEBUG - 얼굴 감지 시도
2024-12-17 16:37:42,868 - main - DEBUG - 얼굴 감지 시도
2024-12-17 16:37:42,937 - main - DEBUG - 얼굴 감지 시도
2024-12-17 16:37:43,000 - main - DEBUG - 얼굴 감지 시도
2024-12-17 16:37:43,064 - main - DEBUG - 얼굴 감지 시도
2024-12-17 16:37:43,128 - main - DEBUG - 얼굴 감지 시도
2024-12-17 16:37:43,191 - main - DEBUG - 얼굴 감지 시도
2024-12-17 16:37:43,268 - main - DEBUG - 얼굴 감지 시도
2024-12-17 16:37:43,332 - main - DEBUG - 얼굴 감지 시도
2024-12-17 16:37:43,398 - main - DEBUG - 얼굴 감지 시도
2024-12-17 16:37:43,461 - main - DEBUG - 얼굴 감지 시도
2024-12-17 16:37:43,525 - main - DEBUG - 얼굴 감지 시도
2024-12-17 16:37:43,588 - main - DEBUG - 얼굴 감지 시도
2024-12-17 16:37:43,668 - main - DEBUG - 얼굴 감지 시도
2024-12-17 16:37:43,733 - main - DEBUG - 얼굴 감지 시도
2024-12-17 16:37:43,796 - main - DEBUG - 얼굴 감지 시도
2024-12-17 16:37:43,860 - main - DEBUG - 얼굴 감지 시도
2024-12-17 16:37:43,935 - main - DEBUG - 얼굴 감지 시도
2024-12-17 16:37:44,035 - main - DEBUG - 얼굴 감지 시도
2024-12-17 16:37:44,099 - main - DEBUG - 얼굴 감지 시도
2024-12-17 16:37:44,165 - main - DEBUG - 얼굴 감지 시도
2024-12-17 16:37:44,229 - main - DEBUG - 얼굴 감지 시도
2024-12-17 16:37:44,293 - main - DEBUG - 얼굴 감지 시도
2024-12-17 16:37:44,357 - main - DEBUG - 얼굴 감지 시도
2024-12-17 16:37:44,436 - main - DEBUG - 얼굴 감지 시도
2024-12-17 16:37:44,500 - main - DEBUG - 얼굴 감지 시도
2024-12-17 16:37:44,564 - main - DEBUG - 얼굴 감지 시도
2024-12-17 16:37:44,628 - main - DEBUG - 얼굴 감지 시도
2024-12-17 16:37:44,692 - main - DEBUG - 얼굴 감지 시도
2024-12-17 16:37:44,757 - main - DEBUG - 얼굴 감지 시도
2024-12-17 16:37:44,836 - main - DEBUG - 얼굴 감지 시도
2024-12-17 16:37:44,900 - main - DEBUG - 얼굴 감지 시도
2024-12-17 16:37:44,964 - main - DEBUG - 얼굴 감지 시도
2024-12-17 16:37:45,028 - main - DEBUG - 얼굴 감지 시도
2024-12-17 16:37:45,092 - main - DEBUG - 얼굴 감지 시도
2024-12-17 16:37:45,156 - main - DEBUG - 얼굴 감지 시도
2024-12-17 16:37:45,236 - main - DEBUG - 얼굴 감지 시도
2024-12-17 16:37:45,300 - main - DEBUG - 얼굴 감지 시도
2024-12-17 16:37:45,364 - main - DEBUG - 얼굴 감지 시도
2024-12-17 16:37:45,428 - main - DEBUG - 얼굴 감지 시도
2024-12-17 16:37:45,492 - main - DEBUG - 얼굴 감지 시도
2024-12-17 16:37:45,558 - main - DEBUG - 얼굴 감지 시도
2024-12-17 16:37:45,636 - main - DEBUG - 얼굴 감지 시도
2024-12-17 16:37:45,700 - main - DEBUG - 얼굴 감지 시도
2024-12-17 16:37:45,775 - main - DEBUG - 얼굴 감지 시도
2024-12-17 16:37:45,860 - main - DEBUG - 얼굴 감지 시도
2024-12-17 16:37:45,935 - main - DEBUG - 얼굴 감지 시도
2024-12-17 16:37:46,036 - main - DEBUG - 얼굴 감지 시도
2024-12-17 16:37:46,110 - main - DEBUG - 얼굴 감지 시도
2024-12-17 16:37:46,196 - main - DEBUG - 얼굴 감지 시도
2024-12-17 16:37:46,270 - main - DEBUG - 얼굴 감지 시도
2024-12-17 16:37:46,356 - main - DEBUG - 얼굴 감지 시도
2024-12-17 16:37:46,436 - main - DEBUG - 얼굴 감지 시도
2024-12-17 16:37:46,511 - main - DEBUG - 얼굴 감지 시도
2024-12-17 16:37:46,596 - main - DEBUG - 얼굴 감지 시도
2024-12-17 16:37:46,672 - main - DEBUG - 얼굴 감지 시도
2024-12-17 16:37:46,756 - main - DEBUG - 얼굴 감지 시도
2024-12-17 16:37:46,836 - main - DEBUG - 얼굴 감지 시도
2024-12-17 16:37:46,911 - main - DEBUG - 얼굴 감지 시도
2024-12-17 16:37:46,996 - main - DEBUG - 얼굴 감지 시도
2024-12-17 16:37:47,070 - main - DEBUG - 얼굴 감지 시도
2024-12-17 16:37:47,156 - main - DEBUG - 얼굴 감지 시도
2024-12-17 16:37:47,236 - main - DEBUG - 얼굴 감지 시도
2024-12-17 16:37:47,310 - main - DEBUG - 얼굴 감지 시도
2024-12-17 16:37:47,396 - main - DEBUG - 얼굴 감지 시도
2024-12-17 16:37:47,471 - main - DEBUG - 얼굴 감지 시도
2024-12-17 16:37:47,525 - main - INFO - 종료 신호 수신
2024-12-17 16:37:47,891 - main - INFO - 프로그램 종료
